Determining if the include file pthread.h exists failed with the following output:
Change Dir: C:/Git/ultrasound/third_party/curl-7.61.0/build/CMakeFiles/CMakeTmp

Run Build Command:"C:/Program Files (x86)/MSBuild/14.0/bin/MSBuild.exe" "cmTC_6424f.vcxproj" "/p:Configuration=Debug" "/p:VisualStudioVersion=14.0"
Microsoft (R) 生成引擎版本 14.0.25420.1
版权所有(C) Microsoft Corporation。保留所有权利。

生成启动时间为 8/15/2018 12:26:33 AM。
节点 1 上的项目“C:\Git\ultrasound\third_party\curl-7.61.0\build\CMakeFiles\CMakeTmp\cmTC_6424f.vcxproj”(默认目标)。
PrepareForBuild:
  正在创建目录“cmTC_6424f.dir\Debug\”。
  正在创建目录“C:\Git\ultrasound\third_party\curl-7.61.0\build\CMakeFiles\CMakeTmp\Debug\”。
  正在创建目录“cmTC_6424f.dir\Debug\cmTC_6424f.tlog\”。
InitializeBuildStatus:
  正在创建“cmTC_6424f.dir\Debug\cmTC_6424f.tlog\unsuccessfulbuild”，因为已指定“AlwaysCreate”。
ClCompile:
  C:\Program Files (x86)\Microsoft Visual Studio 14.0\VC\bin\CL.exe /c /Zi /W3 /WX- /Od /Ob0 /Oy- /D WIN32 /D _WINDOWS /D _WINSOCKAPI_= /D "CMAKE_INTDIR=\"Debug\"" /D _MBCS /Gm- /RTC1 /MDd /GS /fp:precise /Zc:wchar_t /Zc:forScope /Zc:inline /Fo"cmTC_6424f.dir\Debug\\" /Fd"cmTC_6424f.dir\Debug\vc140.pdb" /Gd /TC /analyze- /errorReport:queue "C:\Git\ultrasound\third_party\curl-7.61.0\build\CMakeFiles\CMakeTmp\CheckIncludeFile.c"
  Microsoft (R) C/C++ Optimizing Compiler Version 19.00.24215.1 for x86
  Copyright (C) Microsoft Corporation.  All rights reserved.
  
  cl /c /Zi /W3 /WX- /Od /Ob0 /Oy- /D WIN32 /D _WINDOWS /D _WINSOCKAPI_= /D "CMAKE_INTDIR=\"Debug\"" /D _MBCS /Gm- /RTC1 /MDd /GS /fp:precise /Zc:wchar_t /Zc:forScope /Zc:inline /Fo"cmTC_6424f.dir\Debug\\" /Fd"cmTC_6424f.dir\Debug\vc140.pdb" /Gd /TC /analyze- /errorReport:queue "C:\Git\ultrasound\third_party\curl-7.61.0\build\CMakeFiles\CMakeTmp\CheckIncludeFile.c"
  
  CheckIncludeFile.c
C:\Git\ultrasound\third_party\curl-7.61.0\build\CMakeFiles\CMakeTmp\CheckIncludeFile.c(1): fatal error C1083: Cannot open include file: 'pthread.h': No such file or directory [C:\Git\ultrasound\third_party\curl-7.61.0\build\CMakeFiles\CMakeTmp\cmTC_6424f.vcxproj]
已完成生成项目“C:\Git\ultrasound\third_party\curl-7.61.0\build\CMakeFiles\CMakeTmp\cmTC_6424f.vcxproj”(默认目标)的操作 - 失败。

生成失败。

“C:\Git\ultrasound\third_party\curl-7.61.0\build\CMakeFiles\CMakeTmp\cmTC_6424f.vcxproj”(默认目标) (1) ->
(ClCompile 目标) -> 
  C:\Git\ultrasound\third_party\curl-7.61.0\build\CMakeFiles\CMakeTmp\CheckIncludeFile.c(1): fatal error C1083: Cannot open include file: 'pthread.h': No such file or directory [C:\Git\ultrasound\third_party\curl-7.61.0\build\CMakeFiles\CMakeTmp\cmTC_6424f.vcxproj]

    0 个警告
    1 个错误

已用时间 00:00:00.46


Determining if files ;winldap.h exist failed with the following output:
Change Dir: C:/Git/ultrasound/third_party/curl-7.61.0/build/CMakeFiles/CMakeTmp

Run Build Command:"C:/Program Files (x86)/MSBuild/14.0/bin/MSBuild.exe" "cmTC_7e203.vcxproj" "/p:Configuration=Debug" "/p:VisualStudioVersion=14.0"
Microsoft (R) 生成引擎版本 14.0.25420.1
版权所有(C) Microsoft Corporation。保留所有权利。

生成启动时间为 8/15/2018 12:26:37 AM。
节点 1 上的项目“C:\Git\ultrasound\third_party\curl-7.61.0\build\CMakeFiles\CMakeTmp\cmTC_7e203.vcxproj”(默认目标)。
PrepareForBuild:
  正在创建目录“cmTC_7e203.dir\Debug\”。
  正在创建目录“C:\Git\ultrasound\third_party\curl-7.61.0\build\CMakeFiles\CMakeTmp\Debug\”。
  正在创建目录“cmTC_7e203.dir\Debug\cmTC_7e203.tlog\”。
InitializeBuildStatus:
  正在创建“cmTC_7e203.dir\Debug\cmTC_7e203.tlog\unsuccessfulbuild”，因为已指定“AlwaysCreate”。
ClCompile:
  C:\Program Files (x86)\Microsoft Visual Studio 14.0\VC\bin\CL.exe /c /Zi /W3 /WX- /Od /Ob0 /Oy- /D WIN32 /D _WINDOWS /D _WINSOCKAPI_= /D "CMAKE_INTDIR=\"Debug\"" /D _MBCS /Gm- /RTC1 /MDd /GS /fp:precise /Zc:wchar_t /Zc:forScope /Zc:inline /Fo"cmTC_7e203.dir\Debug\\" /Fd"cmTC_7e203.dir\Debug\vc140.pdb" /Gd /TC /analyze- /errorReport:queue "C:\Git\ultrasound\third_party\curl-7.61.0\build\CMakeFiles\CheckIncludeFiles\HAVE_WINLDAP_H.c"
  Microsoft (R) C/C++ Optimizing Compiler Version 19.00.24215.1 for x86
  Copyright (C) Microsoft Corporation.  All rights reserved.
  
  cl /c /Zi /W3 /WX- /Od /Ob0 /Oy- /D WIN32 /D _WINDOWS /D _WINSOCKAPI_= /D "CMAKE_INTDIR=\"Debug\"" /D _MBCS /Gm- /RTC1 /MDd /GS /fp:precise /Zc:wchar_t /Zc:forScope /Zc:inline /Fo"cmTC_7e203.dir\Debug\\" /Fd"cmTC_7e203.dir\Debug\vc140.pdb" /Gd /TC /analyze- /errorReport:queue "C:\Git\ultrasound\third_party\curl-7.61.0\build\CMakeFiles\CheckIncludeFiles\HAVE_WINLDAP_H.c"
  
  HAVE_WINLDAP_H.c
C:\Program Files (x86)\Windows Kits\10\Include\10.0.16299.0\um\winnt.h(154): fatal error C1189: #error:  "No Target Architecture" [C:\Git\ultrasound\third_party\curl-7.61.0\build\CMakeFiles\CMakeTmp\cmTC_7e203.vcxproj]
已完成生成项目“C:\Git\ultrasound\third_party\curl-7.61.0\build\CMakeFiles\CMakeTmp\cmTC_7e203.vcxproj”(默认目标)的操作 - 失败。

生成失败。

“C:\Git\ultrasound\third_party\curl-7.61.0\build\CMakeFiles\CMakeTmp\cmTC_7e203.vcxproj”(默认目标) (1) ->
(ClCompile 目标) -> 
  C:\Program Files (x86)\Windows Kits\10\Include\10.0.16299.0\um\winnt.h(154): fatal error C1189: #error:  "No Target Architecture" [C:\Git\ultrasound\third_party\curl-7.61.0\build\CMakeFiles\CMakeTmp\cmTC_7e203.vcxproj]

    0 个警告
    1 个错误

已用时间 00:00:00.46

Source:
/* */
#include <winldap.h>


int main(void){return 0;}

Determining if files ;winber.h exist failed with the following output:
Change Dir: C:/Git/ultrasound/third_party/curl-7.61.0/build/CMakeFiles/CMakeTmp

Run Build Command:"C:/Program Files (x86)/MSBuild/14.0/bin/MSBuild.exe" "cmTC_8b204.vcxproj" "/p:Configuration=Debug" "/p:VisualStudioVersion=14.0"
Microsoft (R) 生成引擎版本 14.0.25420.1
版权所有(C) Microsoft Corporation。保留所有权利。

生成启动时间为 8/15/2018 12:26:38 AM。
节点 1 上的项目“C:\Git\ultrasound\third_party\curl-7.61.0\build\CMakeFiles\CMakeTmp\cmTC_8b204.vcxproj”(默认目标)。
PrepareForBuild:
  正在创建目录“cmTC_8b204.dir\Debug\”。
  正在创建目录“C:\Git\ultrasound\third_party\curl-7.61.0\build\CMakeFiles\CMakeTmp\Debug\”。
  正在创建目录“cmTC_8b204.dir\Debug\cmTC_8b204.tlog\”。
InitializeBuildStatus:
  正在创建“cmTC_8b204.dir\Debug\cmTC_8b204.tlog\unsuccessfulbuild”，因为已指定“AlwaysCreate”。
ClCompile:
  C:\Program Files (x86)\Microsoft Visual Studio 14.0\VC\bin\CL.exe /c /Zi /W3 /WX- /Od /Ob0 /Oy- /D WIN32 /D _WINDOWS /D _WINSOCKAPI_= /D "CMAKE_INTDIR=\"Debug\"" /D _MBCS /Gm- /RTC1 /MDd /GS /fp:precise /Zc:wchar_t /Zc:forScope /Zc:inline /Fo"cmTC_8b204.dir\Debug\\" /Fd"cmTC_8b204.dir\Debug\vc140.pdb" /Gd /TC /analyze- /errorReport:queue "C:\Git\ultrasound\third_party\curl-7.61.0\build\CMakeFiles\CheckIncludeFiles\HAVE_WINBER_H.c"
  Microsoft (R) C/C++ Optimizing Compiler Version 19.00.24215.1 for x86
  Copyright (C) Microsoft Corporation.  All rights reserved.
  
  cl /c /Zi /W3 /WX- /Od /Ob0 /Oy- /D WIN32 /D _WINDOWS /D _WINSOCKAPI_= /D "CMAKE_INTDIR=\"Debug\"" /D _MBCS /Gm- /RTC1 /MDd /GS /fp:precise /Zc:wchar_t /Zc:forScope /Zc:inline /Fo"cmTC_8b204.dir\Debug\\" /Fd"cmTC_8b204.dir\Debug\vc140.pdb" /Gd /TC /analyze- /errorReport:queue "C:\Git\ultrasound\third_party\curl-7.61.0\build\CMakeFiles\CheckIncludeFiles\HAVE_WINBER_H.c"
  
  HAVE_WINBER_H.c
C:\Program Files (x86)\Windows Kits\10\Include\10.0.16299.0\um\winber.h(67): error C2061: syntax error: identifier 'BerElement' [C:\Git\ultrasound\third_party\curl-7.61.0\build\CMakeFiles\CMakeTmp\cmTC_8b204.vcxproj]
C:\Program Files (x86)\Windows Kits\10\Include\10.0.16299.0\um\winber.h(67): error C2059: syntax error: ';' [C:\Git\ultrasound\third_party\curl-7.61.0\build\CMakeFiles\CMakeTmp\cmTC_8b204.vcxproj]
C:\Program Files (x86)\Windows Kits\10\Include\10.0.16299.0\um\winber.h(67): error C2143: syntax error: missing ')' before '*' [C:\Git\ultrasound\third_party\curl-7.61.0\build\CMakeFiles\CMakeTmp\cmTC_8b204.vcxproj]
C:\Program Files (x86)\Windows Kits\10\Include\10.0.16299.0\um\winber.h(67): error C2143: syntax error: missing '{' before '*' [C:\Git\ultrasound\third_party\curl-7.61.0\build\CMakeFiles\CMakeTmp\cmTC_8b204.vcxproj]
C:\Program Files (x86)\Windows Kits\10\Include\10.0.16299.0\um\winber.h(67): error C2059: syntax error: ')' [C:\Git\ultrasound\third_party\curl-7.61.0\build\CMakeFiles\CMakeTmp\cmTC_8b204.vcxproj]
C:\Program Files (x86)\Windows Kits\10\Include\10.0.16299.0\um\winber.h(76): error C2061: syntax error: identifier 'VOID' [C:\Git\ultrasound\third_party\curl-7.61.0\build\CMakeFiles\CMakeTmp\cmTC_8b204.vcxproj]
C:\Program Files (x86)\Windows Kits\10\Include\10.0.16299.0\um\winber.h(76): error C2059: syntax error: ';' [C:\Git\ultrasound\third_party\curl-7.61.0\build\CMakeFiles\CMakeTmp\cmTC_8b204.vcxproj]
C:\Program Files (x86)\Windows Kits\10\Include\10.0.16299.0\um\winber.h(76): error C2143: syntax error: missing ')' before '*' [C:\Git\ultrasound\third_party\curl-7.61.0\build\CMakeFiles\CMakeTmp\cmTC_8b204.vcxproj]
C:\Program Files (x86)\Windows Kits\10\Include\10.0.16299.0\um\winber.h(76): error C2143: syntax error: missing '{' before '*' [C:\Git\ultrasound\third_party\curl-7.61.0\build\CMakeFiles\CMakeTmp\cmTC_8b204.vcxproj]
C:\Program Files (x86)\Windows Kits\10\Include\10.0.16299.0\um\winber.h(76): error C2146: syntax error: missing ';' before identifier 'fbuf' [C:\Git\ultrasound\third_party\curl-7.61.0\build\CMakeFiles\CMakeTmp\cmTC_8b204.vcxproj]
C:\Program Files (x86)\Windows Kits\10\Include\10.0.16299.0\um\winber.h(76): error C2059: syntax error: ')' [C:\Git\ultrasound\third_party\curl-7.61.0\build\CMakeFiles\CMakeTmp\cmTC_8b204.vcxproj]
C:\Program Files (x86)\Windows Kits\10\Include\10.0.16299.0\um\winber.h(84): error C2061: syntax error: identifier 'VOID' [C:\Git\ultrasound\third_party\curl-7.61.0\build\CMakeFiles\CMakeTmp\cmTC_8b204.vcxproj]
C:\Program Files (x86)\Windows Kits\10\Include\10.0.16299.0\um\winber.h(84): error C2059: syntax error: ';' [C:\Git\ultrasound\third_party\curl-7.61.0\build\CMakeFiles\CMakeTmp\cmTC_8b204.vcxproj]
C:\Program Files (x86)\Windows Kits\10\Include\10.0.16299.0\um\winber.h(84): error C2143: syntax error: missing ')' before '*' [C:\Git\ultrasound\third_party\curl-7.61.0\build\CMakeFiles\CMakeTmp\cmTC_8b204.vcxproj]
C:\Program Files (x86)\Windows Kits\10\Include\10.0.16299.0\um\winber.h(84): error C2143: syntax error: missing '{' before '*' [C:\Git\ultrasound\third_party\curl-7.61.0\build\CMakeFiles\CMakeTmp\cmTC_8b204.vcxproj]
C:\Program Files (x86)\Windows Kits\10\Include\10.0.16299.0\um\winber.h(84): error C2059: syntax error: ')' [C:\Git\ultrasound\third_party\curl-7.61.0\build\CMakeFiles\CMakeTmp\cmTC_8b204.vcxproj]
C:\Program Files (x86)\Windows Kits\10\Include\10.0.16299.0\um\winber.h(91): error C2061: syntax error: identifier 'VOID' [C:\Git\ultrasound\third_party\curl-7.61.0\build\CMakeFiles\CMakeTmp\cmTC_8b204.vcxproj]
C:\Program Files (x86)\Windows Kits\10\Include\10.0.16299.0\um\winber.h(91): error C2059: syntax error: ';' [C:\Git\ultrasound\third_party\curl-7.61.0\build\CMakeFiles\CMakeTmp\cmTC_8b204.vcxproj]
C:\Program Files (x86)\Windows Kits\10\Include\10.0.16299.0\um\winber.h(91): error C2143: syntax error: missing ')' before '*' [C:\Git\ultrasound\third_party\curl-7.61.0\build\CMakeFiles\CMakeTmp\cmTC_8b204.vcxproj]
C:\Program Files (x86)\Windows Kits\10\Include\10.0.16299.0\um\winber.h(91): error C2143: syntax error: missing '{' before '*' [C:\Git\ultrasound\third_party\curl-7.61.0\build\CMakeFiles\CMakeTmp\cmTC_8b204.vcxproj]
C:\Program Files (x86)\Windows Kits\10\Include\10.0.16299.0\um\winber.h(91): error C2059: syntax error: ')' [C:\Git\ultrasound\third_party\curl-7.61.0\build\CMakeFiles\CMakeTmp\cmTC_8b204.vcxproj]
C:\Program Files (x86)\Windows Kits\10\Include\10.0.16299.0\um\winber.h(97): error C2061: syntax error: identifier 'BERVAL' [C:\Git\ultrasound\third_party\curl-7.61.0\build\CMakeFiles\CMakeTmp\cmTC_8b204.vcxproj]
C:\Program Files (x86)\Windows Kits\10\Include\10.0.16299.0\um\winber.h(97): error C2059: syntax error: ';' [C:\Git\ultrasound\third_party\curl-7.61.0\build\CMakeFiles\CMakeTmp\cmTC_8b204.vcxproj]
C:\Program Files (x86)\Windows Kits\10\Include\10.0.16299.0\um\winber.h(97): error C2143: syntax error: missing ')' before '*' [C:\Git\ultrasound\third_party\curl-7.61.0\build\CMakeFiles\CMakeTmp\cmTC_8b204.vcxproj]
C:\Program Files (x86)\Windows Kits\10\Include\10.0.16299.0\um\winber.h(97): error C2143: syntax error: missing '{' before '*' [C:\Git\ultrasound\third_party\curl-7.61.0\build\CMakeFiles\CMakeTmp\cmTC_8b204.vcxproj]
C:\Program Files (x86)\Windows Kits\10\Include\10.0.16299.0\um\winber.h(97): error C2059: syntax error: ')' [C:\Git\ultrasound\third_party\curl-7.61.0\build\CMakeFiles\CMakeTmp\cmTC_8b204.vcxproj]
C:\Program Files (x86)\Windows Kits\10\Include\10.0.16299.0\um\winber.h(108): error C2061: syntax error: identifier 'BerElement' [C:\Git\ultrasound\third_party\curl-7.61.0\build\CMakeFiles\CMakeTmp\cmTC_8b204.vcxproj]
C:\Program Files (x86)\Windows Kits\10\Include\10.0.16299.0\um\winber.h(108): error C2059: syntax error: ';' [C:\Git\ultrasound\third_party\curl-7.61.0\build\CMakeFiles\CMakeTmp\cmTC_8b204.vcxproj]
C:\Program Files (x86)\Windows Kits\10\Include\10.0.16299.0\um\winber.h(108): error C2146: syntax error: missing ')' before identifier 'options' [C:\Git\ultrasound\third_party\curl-7.61.0\build\CMakeFiles\CMakeTmp\cmTC_8b204.vcxproj]
C:\Program Files (x86)\Windows Kits\10\Include\10.0.16299.0\um\winber.h(108): error C2061: syntax error: identifier 'options' [C:\Git\ultrasound\third_party\curl-7.61.0\build\CMakeFiles\CMakeTmp\cmTC_8b204.vcxproj]
C:\Program Files (x86)\Windows Kits\10\Include\10.0.16299.0\um\winber.h(108): error C2059: syntax error: ')' [C:\Git\ultrasound\third_party\curl-7.61.0\build\CMakeFiles\CMakeTmp\cmTC_8b204.vcxproj]
C:\Program Files (x86)\Windows Kits\10\Include\10.0.16299.0\um\winber.h(124): error C2061: syntax error: identifier 'ULONG' [C:\Git\ultrasound\third_party\curl-7.61.0\build\CMakeFiles\CMakeTmp\cmTC_8b204.vcxproj]
C:\Program Files (x86)\Windows Kits\10\Include\10.0.16299.0\um\winber.h(124): error C2059: syntax error: ';' [C:\Git\ultrasound\third_party\curl-7.61.0\build\CMakeFiles\CMakeTmp\cmTC_8b204.vcxproj]
C:\Program Files (x86)\Windows Kits\10\Include\10.0.16299.0\um\winber.h(124): error C2143: syntax error: missing ')' before '*' [C:\Git\ultrasound\third_party\curl-7.61.0\build\CMakeFiles\CMakeTmp\cmTC_8b204.vcxproj]
C:\Program Files (x86)\Windows Kits\10\Include\10.0.16299.0\um\winber.h(124): error C2143: syntax error: missing '{' before '*' [C:\Git\ultrasound\third_party\curl-7.61.0\build\CMakeFiles\CMakeTmp\cmTC_8b204.vcxproj]
C:\Program Files (x86)\Windows Kits\10\Include\10.0.16299.0\um\winber.h(124): error C2143: syntax error: missing ';' before '*' [C:\Git\ultrasound\third_party\curl-7.61.0\build\CMakeFiles\CMakeTmp\cmTC_8b204.vcxproj]
C:\Program Files (x86)\Windows Kits\10\Include\10.0.16299.0\um\winber.h(124): error C2059: syntax error: ')' [C:\Git\ultrasound\third_party\curl-7.61.0\build\CMakeFiles\CMakeTmp\cmTC_8b204.vcxproj]
C:\Program Files (x86)\Windows Kits\10\Include\10.0.16299.0\um\winber.h(135): error C2061: syntax error: identifier 'ULONG' [C:\Git\ultrasound\third_party\curl-7.61.0\build\CMakeFiles\CMakeTmp\cmTC_8b204.vcxproj]
C:\Program Files (x86)\Windows Kits\10\Include\10.0.16299.0\um\winber.h(135): error C2059: syntax error: ';' [C:\Git\ultrasound\third_party\curl-7.61.0\build\CMakeFiles\CMakeTmp\cmTC_8b204.vcxproj]
C:\Program Files (x86)\Windows Kits\10\Include\10.0.16299.0\um\winber.h(135): error C2143: syntax error: missing ')' before '*' [C:\Git\ultrasound\third_party\curl-7.61.0\build\CMakeFiles\CMakeTmp\cmTC_8b204.vcxproj]
C:\Program Files (x86)\Windows Kits\10\Include\10.0.16299.0\um\winber.h(135): error C2143: syntax error: missing '{' before '*' [C:\Git\ultrasound\third_party\curl-7.61.0\build\CMakeFiles\CMakeTmp\cmTC_8b204.vcxproj]
C:\Program Files (x86)\Windows Kits\10\Include\10.0.16299.0\um\winber.h(135): error C2143: syntax error: missing ';' before '*' [C:\Git\ultrasound\third_party\curl-7.61.0\build\CMakeFiles\CMakeTmp\cmTC_8b204.vcxproj]
C:\Program Files (x86)\Windows Kits\10\Include\10.0.16299.0\um\winber.h(135): error C2059: syntax error: ')' [C:\Git\ultrasound\third_party\curl-7.61.0\build\CMakeFiles\CMakeTmp\cmTC_8b204.vcxproj]
C:\Program Files (x86)\Windows Kits\10\Include\10.0.16299.0\um\winber.h(146): error C2061: syntax error: identifier 'ULONG' [C:\Git\ultrasound\third_party\curl-7.61.0\build\CMakeFiles\CMakeTmp\cmTC_8b204.vcxproj]
C:\Program Files (x86)\Windows Kits\10\Include\10.0.16299.0\um\winber.h(146): error C2059: syntax error: ';' [C:\Git\ultrasound\third_party\curl-7.61.0\build\CMakeFiles\CMakeTmp\cmTC_8b204.vcxproj]
C:\Program Files (x86)\Windows Kits\10\Include\10.0.16299.0\um\winber.h(146): error C2143: syntax error: missing ')' before '*' [C:\Git\ultrasound\third_party\curl-7.61.0\build\CMakeFiles\CMakeTmp\cmTC_8b204.vcxproj]
C:\Program Files (x86)\Windows Kits\10\Include\10.0.16299.0\um\winber.h(146): error C2143: syntax error: missing '{' before '*' [C:\Git\ultrasound\third_party\curl-7.61.0\build\CMakeFiles\CMakeTmp\cmTC_8b204.vcxproj]
C:\Program Files (x86)\Windows Kits\10\Include\10.0.16299.0\um\winber.h(146): error C2143: syntax error: missing ';' before '*' [C:\Git\ultrasound\third_party\curl-7.61.0\build\CMakeFiles\CMakeTmp\cmTC_8b204.vcxproj]
C:\Program Files (x86)\Windows Kits\10\Include\10.0.16299.0\um\winber.h(146): error C2146: syntax error: missing ';' before identifier 'CHAR' [C:\Git\ultrasound\third_party\curl-7.61.0\build\CMakeFiles\CMakeTmp\cmTC_8b204.vcxproj]
C:\Program Files (x86)\Windows Kits\10\Include\10.0.16299.0\um\winber.h(146): error C2059: syntax error: ')' [C:\Git\ultrasound\third_party\curl-7.61.0\build\CMakeFiles\CMakeTmp\cmTC_8b204.vcxproj]
C:\Program Files (x86)\Windows Kits\10\Include\10.0.16299.0\um\winber.h(156): error C2061: syntax error: identifier 'ULONG' [C:\Git\ultrasound\third_party\curl-7.61.0\build\CMakeFiles\CMakeTmp\cmTC_8b204.vcxproj]
C:\Program Files (x86)\Windows Kits\10\Include\10.0.16299.0\um\winber.h(156): error C2059: syntax error: ';' [C:\Git\ultrasound\third_party\curl-7.61.0\build\CMakeFiles\CMakeTmp\cmTC_8b204.vcxproj]
C:\Program Files (x86)\Windows Kits\10\Include\10.0.16299.0\um\winber.h(156): error C2143: syntax error: missing ')' before '*' [C:\Git\ultrasound\third_party\curl-7.61.0\build\CMakeFiles\CMakeTmp\cmTC_8b204.vcxproj]
C:\Program Files (x86)\Windows Kits\10\Include\10.0.16299.0\um\winber.h(156): error C2143: syntax error: missing '{' before '*' [C:\Git\ultrasound\third_party\curl-7.61.0\build\CMakeFiles\CMakeTmp\cmTC_8b204.vcxproj]
C:\Program Files (x86)\Windows Kits\10\Include\10.0.16299.0\um\winber.h(156): error C2143: syntax error: missing ';' before '*' [C:\Git\ultrasound\third_party\curl-7.61.0\build\CMakeFiles\CMakeTmp\cmTC_8b204.vcxproj]
C:\Program Files (x86)\Windows Kits\10\Include\10.0.16299.0\um\winber.h(156): error C2146: syntax error: missing ';' before identifier 'CHAR' [C:\Git\ultrasound\third_party\curl-7.61.0\build\CMakeFiles\CMakeTmp\cmTC_8b204.vcxproj]
C:\Program Files (x86)\Windows Kits\10\Include\10.0.16299.0\um\winber.h(156): error C2059: syntax error: ')' [C:\Git\ultrasound\third_party\curl-7.61.0\build\CMakeFiles\CMakeTmp\cmTC_8b204.vcxproj]
C:\Program Files (x86)\Windows Kits\10\Include\10.0.16299.0\um\winber.h(165): error C2061: syntax error: identifier 'INT' [C:\Git\ultrasound\third_party\curl-7.61.0\build\CMakeFiles\CMakeTmp\cmTC_8b204.vcxproj]
C:\Program Files (x86)\Windows Kits\10\Include\10.0.16299.0\um\winber.h(165): error C2059: syntax error: ';' [C:\Git\ultrasound\third_party\curl-7.61.0\build\CMakeFiles\CMakeTmp\cmTC_8b204.vcxproj]
C:\Program Files (x86)\Windows Kits\10\Include\10.0.16299.0\um\winber.h(165): error C2143: syntax error: missing ')' before '*' [C:\Git\ultrasound\third_party\curl-7.61.0\build\CMakeFiles\CMakeTmp\cmTC_8b204.vcxproj]
C:\Program Files (x86)\Windows Kits\10\Include\10.0.16299.0\um\winber.h(165): error C2143: syntax error: missing '{' before '*' [C:\Git\ultrasound\third_party\curl-7.61.0\build\CMakeFiles\CMakeTmp\cmTC_8b204.vcxproj]
C:\Program Files (x86)\Windows Kits\10\Include\10.0.16299.0\um\winber.h(165): error C2143: syntax error: missing ';' before '*' [C:\Git\ultrasound\third_party\curl-7.61.0\build\CMakeFiles\CMakeTmp\cmTC_8b204.vcxproj]
C:\Program Files (x86)\Windows Kits\10\Include\10.0.16299.0\um\winber.h(165): error C2059: syntax error: ')' [C:\Git\ultrasound\third_party\curl-7.61.0\build\CMakeFiles\CMakeTmp\cmTC_8b204.vcxproj]
C:\Program Files (x86)\Windows Kits\10\Include\10.0.16299.0\um\winber.h(248): error C2061: syntax error: identifier 'INT' [C:\Git\ultrasound\third_party\curl-7.61.0\build\CMakeFiles\CMakeTmp\cmTC_8b204.vcxproj]
C:\Program Files (x86)\Windows Kits\10\Include\10.0.16299.0\um\winber.h(248): error C2059: syntax error: ';' [C:\Git\ultrasound\third_party\curl-7.61.0\build\CMakeFiles\CMakeTmp\cmTC_8b204.vcxproj]
C:\Program Files (x86)\Windows Kits\10\Include\10.0.16299.0\um\winber.h(248): error C2143: syntax error: missing ')' before '*' [C:\Git\ultrasound\third_party\curl-7.61.0\build\CMakeFiles\CMakeTmp\cmTC_8b204.vcxproj]
C:\Program Files (x86)\Windows Kits\10\Include\10.0.16299.0\um\winber.h(248): error C2143: syntax error: missing '{' before '*' [C:\Git\ultrasound\third_party\curl-7.61.0\build\CMakeFiles\CMakeTmp\cmTC_8b204.vcxproj]
C:\Program Files (x86)\Windows Kits\10\Include\10.0.16299.0\um\winber.h(248): error C2146: syntax error: missing ';' before identifier 'PSTR' [C:\Git\ultrasound\third_party\curl-7.61.0\build\CMakeFiles\CMakeTmp\cmTC_8b204.vcxproj]
C:\Program Files (x86)\Windows Kits\10\Include\10.0.16299.0\um\winber.h(248): error C2061: syntax error: identifier 'fmt' [C:\Git\ultrasound\third_party\curl-7.61.0\build\CMakeFiles\CMakeTmp\cmTC_8b204.vcxproj]
C:\Program Files (x86)\Windows Kits\10\Include\10.0.16299.0\um\winber.h(248): error C2059: syntax error: ',' [C:\Git\ultrasound\third_party\curl-7.61.0\build\CMakeFiles\CMakeTmp\cmTC_8b204.vcxproj]
C:\Program Files (x86)\Windows Kits\10\Include\10.0.16299.0\um\winber.h(248): error C2059: syntax error: ')' [C:\Git\ultrasound\third_party\curl-7.61.0\build\CMakeFiles\CMakeTmp\cmTC_8b204.vcxproj]
C:\Program Files (x86)\Windows Kits\10\Include\10.0.16299.0\um\winber.h(340): error C2061: syntax error: identifier 'ULONG' [C:\Git\ultrasound\third_party\curl-7.61.0\build\CMakeFiles\CMakeTmp\cmTC_8b204.vcxproj]
C:\Program Files (x86)\Windows Kits\10\Include\10.0.16299.0\um\winber.h(340): error C2059: syntax error: ';' [C:\Git\ultrasound\third_party\curl-7.61.0\build\CMakeFiles\CMakeTmp\cmTC_8b204.vcxproj]
C:\Program Files (x86)\Windows Kits\10\Include\10.0.16299.0\um\winber.h(340): error C2143: syntax error: missing ')' before '*' [C:\Git\ultrasound\third_party\curl-7.61.0\build\CMakeFiles\CMakeTmp\cmTC_8b204.vcxproj]
C:\Program Files (x86)\Windows Kits\10\Include\10.0.16299.0\um\winber.h(340): error C2143: syntax error: missing '{' before '*' [C:\Git\ultrasound\third_party\curl-7.61.0\build\CMakeFiles\CMakeTmp\cmTC_8b204.vcxproj]
C:\Program Files (x86)\Windows Kits\10\Include\10.0.16299.0\um\winber.h(340): error C2146: syntax error: missing ';' before identifier 'PSTR' [C:\Git\ultrasound\third_party\curl-7.61.0\build\CMakeFiles\CMakeTmp\cmTC_8b204.vcxproj]
C:\Program Files (x86)\Windows Kits\10\Include\10.0.16299.0\um\winber.h(340): error C2061: syntax error: identifier 'fmt' [C:\Git\ultrasound\third_party\curl-7.61.0\build\CMakeFiles\CMakeTmp\cmTC_8b204.vcxproj]
C:\Program Files (x86)\Windows Kits\10\Include\10.0.16299.0\um\winber.h(340): error C2059: syntax error: ',' [C:\Git\ultrasound\third_party\curl-7.61.0\build\CMakeFiles\CMakeTmp\cmTC_8b204.vcxproj]
C:\Program Files (x86)\Windows Kits\10\Include\10.0.16299.0\um\winber.h(340): error C2059: syntax error: ')' [C:\Git\ultrasound\third_party\curl-7.61.0\build\CMakeFiles\CMakeTmp\cmTC_8b204.vcxproj]
已完成生成项目“C:\Git\ultrasound\third_party\curl-7.61.0\build\CMakeFiles\CMakeTmp\cmTC_8b204.vcxproj”(默认目标)的操作 - 失败。

生成失败。

“C:\Git\ultrasound\third_party\curl-7.61.0\build\CMakeFiles\CMakeTmp\cmTC_8b204.vcxproj”(默认目标) (1) ->
(ClCompile 目标) -> 
  C:\Program Files (x86)\Windows Kits\10\Include\10.0.16299.0\um\winber.h(67): error C2061: syntax error: identifier 'BerElement' [C:\Git\ultrasound\third_party\curl-7.61.0\build\CMakeFiles\CMakeTmp\cmTC_8b204.vcxproj]
  C:\Program Files (x86)\Windows Kits\10\Include\10.0.16299.0\um\winber.h(67): error C2059: syntax error: ';' [C:\Git\ultrasound\third_party\curl-7.61.0\build\CMakeFiles\CMakeTmp\cmTC_8b204.vcxproj]
  C:\Program Files (x86)\Windows Kits\10\Include\10.0.16299.0\um\winber.h(67): error C2143: syntax error: missing ')' before '*' [C:\Git\ultrasound\third_party\curl-7.61.0\build\CMakeFiles\CMakeTmp\cmTC_8b204.vcxproj]
  C:\Program Files (x86)\Windows Kits\10\Include\10.0.16299.0\um\winber.h(67): error C2143: syntax error: missing '{' before '*' [C:\Git\ultrasound\third_party\curl-7.61.0\build\CMakeFiles\CMakeTmp\cmTC_8b204.vcxproj]
  C:\Program Files (x86)\Windows Kits\10\Include\10.0.16299.0\um\winber.h(67): error C2059: syntax error: ')' [C:\Git\ultrasound\third_party\curl-7.61.0\build\CMakeFiles\CMakeTmp\cmTC_8b204.vcxproj]
  C:\Program Files (x86)\Windows Kits\10\Include\10.0.16299.0\um\winber.h(76): error C2061: syntax error: identifier 'VOID' [C:\Git\ultrasound\third_party\curl-7.61.0\build\CMakeFiles\CMakeTmp\cmTC_8b204.vcxproj]
  C:\Program Files (x86)\Windows Kits\10\Include\10.0.16299.0\um\winber.h(76): error C2059: syntax error: ';' [C:\Git\ultrasound\third_party\curl-7.61.0\build\CMakeFiles\CMakeTmp\cmTC_8b204.vcxproj]
  C:\Program Files (x86)\Windows Kits\10\Include\10.0.16299.0\um\winber.h(76): error C2143: syntax error: missing ')' before '*' [C:\Git\ultrasound\third_party\curl-7.61.0\build\CMakeFiles\CMakeTmp\cmTC_8b204.vcxproj]
  C:\Program Files (x86)\Windows Kits\10\Include\10.0.16299.0\um\winber.h(76): error C2143: syntax error: missing '{' before '*' [C:\Git\ultrasound\third_party\curl-7.61.0\build\CMakeFiles\CMakeTmp\cmTC_8b204.vcxproj]
  C:\Program Files (x86)\Windows Kits\10\Include\10.0.16299.0\um\winber.h(76): error C2146: syntax error: missing ';' before identifier 'fbuf' [C:\Git\ultrasound\third_party\curl-7.61.0\build\CMakeFiles\CMakeTmp\cmTC_8b204.vcxproj]
  C:\Program Files (x86)\Windows Kits\10\Include\10.0.16299.0\um\winber.h(76): error C2059: syntax error: ')' [C:\Git\ultrasound\third_party\curl-7.61.0\build\CMakeFiles\CMakeTmp\cmTC_8b204.vcxproj]
  C:\Program Files (x86)\Windows Kits\10\Include\10.0.16299.0\um\winber.h(84): error C2061: syntax error: identifier 'VOID' [C:\Git\ultrasound\third_party\curl-7.61.0\build\CMakeFiles\CMakeTmp\cmTC_8b204.vcxproj]
  C:\Program Files (x86)\Windows Kits\10\Include\10.0.16299.0\um\winber.h(84): error C2059: syntax error: ';' [C:\Git\ultrasound\third_party\curl-7.61.0\build\CMakeFiles\CMakeTmp\cmTC_8b204.vcxproj]
  C:\Program Files (x86)\Windows Kits\10\Include\10.0.16299.0\um\winber.h(84): error C2143: syntax error: missing ')' before '*' [C:\Git\ultrasound\third_party\curl-7.61.0\build\CMakeFiles\CMakeTmp\cmTC_8b204.vcxproj]
  C:\Program Files (x86)\Windows Kits\10\Include\10.0.16299.0\um\winber.h(84): error C2143: syntax error: missing '{' before '*' [C:\Git\ultrasound\third_party\curl-7.61.0\build\CMakeFiles\CMakeTmp\cmTC_8b204.vcxproj]
  C:\Program Files (x86)\Windows Kits\10\Include\10.0.16299.0\um\winber.h(84): error C2059: syntax error: ')' [C:\Git\ultrasound\third_party\curl-7.61.0\build\CMakeFiles\CMakeTmp\cmTC_8b204.vcxproj]
  C:\Program Files (x86)\Windows Kits\10\Include\10.0.16299.0\um\winber.h(91): error C2061: syntax error: identifier 'VOID' [C:\Git\ultrasound\third_party\curl-7.61.0\build\CMakeFiles\CMakeTmp\cmTC_8b204.vcxproj]
  C:\Program Files (x86)\Windows Kits\10\Include\10.0.16299.0\um\winber.h(91): error C2059: syntax error: ';' [C:\Git\ultrasound\third_party\curl-7.61.0\build\CMakeFiles\CMakeTmp\cmTC_8b204.vcxproj]
  C:\Program Files (x86)\Windows Kits\10\Include\10.0.16299.0\um\winber.h(91): error C2143: syntax error: missing ')' before '*' [C:\Git\ultrasound\third_party\curl-7.61.0\build\CMakeFiles\CMakeTmp\cmTC_8b204.vcxproj]
  C:\Program Files (x86)\Windows Kits\10\Include\10.0.16299.0\um\winber.h(91): error C2143: syntax error: missing '{' before '*' [C:\Git\ultrasound\third_party\curl-7.61.0\build\CMakeFiles\CMakeTmp\cmTC_8b204.vcxproj]
  C:\Program Files (x86)\Windows Kits\10\Include\10.0.16299.0\um\winber.h(91): error C2059: syntax error: ')' [C:\Git\ultrasound\third_party\curl-7.61.0\build\CMakeFiles\CMakeTmp\cmTC_8b204.vcxproj]
  C:\Program Files (x86)\Windows Kits\10\Include\10.0.16299.0\um\winber.h(97): error C2061: syntax error: identifier 'BERVAL' [C:\Git\ultrasound\third_party\curl-7.61.0\build\CMakeFiles\CMakeTmp\cmTC_8b204.vcxproj]
  C:\Program Files (x86)\Windows Kits\10\Include\10.0.16299.0\um\winber.h(97): error C2059: syntax error: ';' [C:\Git\ultrasound\third_party\curl-7.61.0\build\CMakeFiles\CMakeTmp\cmTC_8b204.vcxproj]
  C:\Program Files (x86)\Windows Kits\10\Include\10.0.16299.0\um\winber.h(97): error C2143: syntax error: missing ')' before '*' [C:\Git\ultrasound\third_party\curl-7.61.0\build\CMakeFiles\CMakeTmp\cmTC_8b204.vcxproj]
  C:\Program Files (x86)\Windows Kits\10\Include\10.0.16299.0\um\winber.h(97): error C2143: syntax error: missing '{' before '*' [C:\Git\ultrasound\third_party\curl-7.61.0\build\CMakeFiles\CMakeTmp\cmTC_8b204.vcxproj]
  C:\Program Files (x86)\Windows Kits\10\Include\10.0.16299.0\um\winber.h(97): error C2059: syntax error: ')' [C:\Git\ultrasound\third_party\curl-7.61.0\build\CMakeFiles\CMakeTmp\cmTC_8b204.vcxproj]
  C:\Program Files (x86)\Windows Kits\10\Include\10.0.16299.0\um\winber.h(108): error C2061: syntax error: identifier 'BerElement' [C:\Git\ultrasound\third_party\curl-7.61.0\build\CMakeFiles\CMakeTmp\cmTC_8b204.vcxproj]
  C:\Program Files (x86)\Windows Kits\10\Include\10.0.16299.0\um\winber.h(108): error C2059: syntax error: ';' [C:\Git\ultrasound\third_party\curl-7.61.0\build\CMakeFiles\CMakeTmp\cmTC_8b204.vcxproj]
  C:\Program Files (x86)\Windows Kits\10\Include\10.0.16299.0\um\winber.h(108): error C2146: syntax error: missing ')' before identifier 'options' [C:\Git\ultrasound\third_party\curl-7.61.0\build\CMakeFiles\CMakeTmp\cmTC_8b204.vcxproj]
  C:\Program Files (x86)\Windows Kits\10\Include\10.0.16299.0\um\winber.h(108): error C2061: syntax error: identifier 'options' [C:\Git\ultrasound\third_party\curl-7.61.0\build\CMakeFiles\CMakeTmp\cmTC_8b204.vcxproj]
  C:\Program Files (x86)\Windows Kits\10\Include\10.0.16299.0\um\winber.h(108): error C2059: syntax error: ')' [C:\Git\ultrasound\third_party\curl-7.61.0\build\CMakeFiles\CMakeTmp\cmTC_8b204.vcxproj]
  C:\Program Files (x86)\Windows Kits\10\Include\10.0.16299.0\um\winber.h(124): error C2061: syntax error: identifier 'ULONG' [C:\Git\ultrasound\third_party\curl-7.61.0\build\CMakeFiles\CMakeTmp\cmTC_8b204.vcxproj]
  C:\Program Files (x86)\Windows Kits\10\Include\10.0.16299.0\um\winber.h(124): error C2059: syntax error: ';' [C:\Git\ultrasound\third_party\curl-7.61.0\build\CMakeFiles\CMakeTmp\cmTC_8b204.vcxproj]
  C:\Program Files (x86)\Windows Kits\10\Include\10.0.16299.0\um\winber.h(124): error C2143: syntax error: missing ')' before '*' [C:\Git\ultrasound\third_party\curl-7.61.0\build\CMakeFiles\CMakeTmp\cmTC_8b204.vcxproj]
  C:\Program Files (x86)\Windows Kits\10\Include\10.0.16299.0\um\winber.h(124): error C2143: syntax error: missing '{' before '*' [C:\Git\ultrasound\third_party\curl-7.61.0\build\CMakeFiles\CMakeTmp\cmTC_8b204.vcxproj]
  C:\Program Files (x86)\Windows Kits\10\Include\10.0.16299.0\um\winber.h(124): error C2143: syntax error: missing ';' before '*' [C:\Git\ultrasound\third_party\curl-7.61.0\build\CMakeFiles\CMakeTmp\cmTC_8b204.vcxproj]
  C:\Program Files (x86)\Windows Kits\10\Include\10.0.16299.0\um\winber.h(124): error C2059: syntax error: ')' [C:\Git\ultrasound\third_party\curl-7.61.0\build\CMakeFiles\CMakeTmp\cmTC_8b204.vcxproj]
  C:\Program Files (x86)\Windows Kits\10\Include\10.0.16299.0\um\winber.h(135): error C2061: syntax error: identifier 'ULONG' [C:\Git\ultrasound\third_party\curl-7.61.0\build\CMakeFiles\CMakeTmp\cmTC_8b204.vcxproj]
  C:\Program Files (x86)\Windows Kits\10\Include\10.0.16299.0\um\winber.h(135): error C2059: syntax error: ';' [C:\Git\ultrasound\third_party\curl-7.61.0\build\CMakeFiles\CMakeTmp\cmTC_8b204.vcxproj]
  C:\Program Files (x86)\Windows Kits\10\Include\10.0.16299.0\um\winber.h(135): error C2143: syntax error: missing ')' before '*' [C:\Git\ultrasound\third_party\curl-7.61.0\build\CMakeFiles\CMakeTmp\cmTC_8b204.vcxproj]
  C:\Program Files (x86)\Windows Kits\10\Include\10.0.16299.0\um\winber.h(135): error C2143: syntax error: missing '{' before '*' [C:\Git\ultrasound\third_party\curl-7.61.0\build\CMakeFiles\CMakeTmp\cmTC_8b204.vcxproj]
  C:\Program Files (x86)\Windows Kits\10\Include\10.0.16299.0\um\winber.h(135): error C2143: syntax error: missing ';' before '*' [C:\Git\ultrasound\third_party\curl-7.61.0\build\CMakeFiles\CMakeTmp\cmTC_8b204.vcxproj]
  C:\Program Files (x86)\Windows Kits\10\Include\10.0.16299.0\um\winber.h(135): error C2059: syntax error: ')' [C:\Git\ultrasound\third_party\curl-7.61.0\build\CMakeFiles\CMakeTmp\cmTC_8b204.vcxproj]
  C:\Program Files (x86)\Windows Kits\10\Include\10.0.16299.0\um\winber.h(146): error C2061: syntax error: identifier 'ULONG' [C:\Git\ultrasound\third_party\curl-7.61.0\build\CMakeFiles\CMakeTmp\cmTC_8b204.vcxproj]
  C:\Program Files (x86)\Windows Kits\10\Include\10.0.16299.0\um\winber.h(146): error C2059: syntax error: ';' [C:\Git\ultrasound\third_party\curl-7.61.0\build\CMakeFiles\CMakeTmp\cmTC_8b204.vcxproj]
  C:\Program Files (x86)\Windows Kits\10\Include\10.0.16299.0\um\winber.h(146): error C2143: syntax error: missing ')' before '*' [C:\Git\ultrasound\third_party\curl-7.61.0\build\CMakeFiles\CMakeTmp\cmTC_8b204.vcxproj]
  C:\Program Files (x86)\Windows Kits\10\Include\10.0.16299.0\um\winber.h(146): error C2143: syntax error: missing '{' before '*' [C:\Git\ultrasound\third_party\curl-7.61.0\build\CMakeFiles\CMakeTmp\cmTC_8b204.vcxproj]
  C:\Program Files (x86)\Windows Kits\10\Include\10.0.16299.0\um\winber.h(146): error C2143: syntax error: missing ';' before '*' [C:\Git\ultrasound\third_party\curl-7.61.0\build\CMakeFiles\CMakeTmp\cmTC_8b204.vcxproj]
  C:\Program Files (x86)\Windows Kits\10\Include\10.0.16299.0\um\winber.h(146): error C2146: syntax error: missing ';' before identifier 'CHAR' [C:\Git\ultrasound\third_party\curl-7.61.0\build\CMakeFiles\CMakeTmp\cmTC_8b204.vcxproj]
  C:\Program Files (x86)\Windows Kits\10\Include\10.0.16299.0\um\winber.h(146): error C2059: syntax error: ')' [C:\Git\ultrasound\third_party\curl-7.61.0\build\CMakeFiles\CMakeTmp\cmTC_8b204.vcxproj]
  C:\Program Files (x86)\Windows Kits\10\Include\10.0.16299.0\um\winber.h(156): error C2061: syntax error: identifier 'ULONG' [C:\Git\ultrasound\third_party\curl-7.61.0\build\CMakeFiles\CMakeTmp\cmTC_8b204.vcxproj]
  C:\Program Files (x86)\Windows Kits\10\Include\10.0.16299.0\um\winber.h(156): error C2059: syntax error: ';' [C:\Git\ultrasound\third_party\curl-7.61.0\build\CMakeFiles\CMakeTmp\cmTC_8b204.vcxproj]
  C:\Program Files (x86)\Windows Kits\10\Include\10.0.16299.0\um\winber.h(156): error C2143: syntax error: missing ')' before '*' [C:\Git\ultrasound\third_party\curl-7.61.0\build\CMakeFiles\CMakeTmp\cmTC_8b204.vcxproj]
  C:\Program Files (x86)\Windows Kits\10\Include\10.0.16299.0\um\winber.h(156): error C2143: syntax error: missing '{' before '*' [C:\Git\ultrasound\third_party\curl-7.61.0\build\CMakeFiles\CMakeTmp\cmTC_8b204.vcxproj]
  C:\Program Files (x86)\Windows Kits\10\Include\10.0.16299.0\um\winber.h(156): error C2143: syntax error: missing ';' before '*' [C:\Git\ultrasound\third_party\curl-7.61.0\build\CMakeFiles\CMakeTmp\cmTC_8b204.vcxproj]
  C:\Program Files (x86)\Windows Kits\10\Include\10.0.16299.0\um\winber.h(156): error C2146: syntax error: missing ';' before identifier 'CHAR' [C:\Git\ultrasound\third_party\curl-7.61.0\build\CMakeFiles\CMakeTmp\cmTC_8b204.vcxproj]
  C:\Program Files (x86)\Windows Kits\10\Include\10.0.16299.0\um\winber.h(156): error C2059: syntax error: ')' [C:\Git\ultrasound\third_party\curl-7.61.0\build\CMakeFiles\CMakeTmp\cmTC_8b204.vcxproj]
  C:\Program Files (x86)\Windows Kits\10\Include\10.0.16299.0\um\winber.h(165): error C2061: syntax error: identifier 'INT' [C:\Git\ultrasound\third_party\curl-7.61.0\build\CMakeFiles\CMakeTmp\cmTC_8b204.vcxproj]
  C:\Program Files (x86)\Windows Kits\10\Include\10.0.16299.0\um\winber.h(165): error C2059: syntax error: ';' [C:\Git\ultrasound\third_party\curl-7.61.0\build\CMakeFiles\CMakeTmp\cmTC_8b204.vcxproj]
  C:\Program Files (x86)\Windows Kits\10\Include\10.0.16299.0\um\winber.h(165): error C2143: syntax error: missing ')' before '*' [C:\Git\ultrasound\third_party\curl-7.61.0\build\CMakeFiles\CMakeTmp\cmTC_8b204.vcxproj]
  C:\Program Files (x86)\Windows Kits\10\Include\10.0.16299.0\um\winber.h(165): error C2143: syntax error: missing '{' before '*' [C:\Git\ultrasound\third_party\curl-7.61.0\build\CMakeFiles\CMakeTmp\cmTC_8b204.vcxproj]
  C:\Program Files (x86)\Windows Kits\10\Include\10.0.16299.0\um\winber.h(165): error C2143: syntax error: missing ';' before '*' [C:\Git\ultrasound\third_party\curl-7.61.0\build\CMakeFiles\CMakeTmp\cmTC_8b204.vcxproj]
  C:\Program Files (x86)\Windows Kits\10\Include\10.0.16299.0\um\winber.h(165): error C2059: syntax error: ')' [C:\Git\ultrasound\third_party\curl-7.61.0\build\CMakeFiles\CMakeTmp\cmTC_8b204.vcxproj]
  C:\Program Files (x86)\Windows Kits\10\Include\10.0.16299.0\um\winber.h(248): error C2061: syntax error: identifier 'INT' [C:\Git\ultrasound\third_party\curl-7.61.0\build\CMakeFiles\CMakeTmp\cmTC_8b204.vcxproj]
  C:\Program Files (x86)\Windows Kits\10\Include\10.0.16299.0\um\winber.h(248): error C2059: syntax error: ';' [C:\Git\ultrasound\third_party\curl-7.61.0\build\CMakeFiles\CMakeTmp\cmTC_8b204.vcxproj]
  C:\Program Files (x86)\Windows Kits\10\Include\10.0.16299.0\um\winber.h(248): error C2143: syntax error: missing ')' before '*' [C:\Git\ultrasound\third_party\curl-7.61.0\build\CMakeFiles\CMakeTmp\cmTC_8b204.vcxproj]
  C:\Program Files (x86)\Windows Kits\10\Include\10.0.16299.0\um\winber.h(248): error C2143: syntax error: missing '{' before '*' [C:\Git\ultrasound\third_party\curl-7.61.0\build\CMakeFiles\CMakeTmp\cmTC_8b204.vcxproj]
  C:\Program Files (x86)\Windows Kits\10\Include\10.0.16299.0\um\winber.h(248): error C2146: syntax error: missing ';' before identifier 'PSTR' [C:\Git\ultrasound\third_party\curl-7.61.0\build\CMakeFiles\CMakeTmp\cmTC_8b204.vcxproj]
  C:\Program Files (x86)\Windows Kits\10\Include\10.0.16299.0\um\winber.h(248): error C2061: syntax error: identifier 'fmt' [C:\Git\ultrasound\third_party\curl-7.61.0\build\CMakeFiles\CMakeTmp\cmTC_8b204.vcxproj]
  C:\Program Files (x86)\Windows Kits\10\Include\10.0.16299.0\um\winber.h(248): error C2059: syntax error: ',' [C:\Git\ultrasound\third_party\curl-7.61.0\build\CMakeFiles\CMakeTmp\cmTC_8b204.vcxproj]
  C:\Program Files (x86)\Windows Kits\10\Include\10.0.16299.0\um\winber.h(248): error C2059: syntax error: ')' [C:\Git\ultrasound\third_party\curl-7.61.0\build\CMakeFiles\CMakeTmp\cmTC_8b204.vcxproj]
  C:\Program Files (x86)\Windows Kits\10\Include\10.0.16299.0\um\winber.h(340): error C2061: syntax error: identifier 'ULONG' [C:\Git\ultrasound\third_party\curl-7.61.0\build\CMakeFiles\CMakeTmp\cmTC_8b204.vcxproj]
  C:\Program Files (x86)\Windows Kits\10\Include\10.0.16299.0\um\winber.h(340): error C2059: syntax error: ';' [C:\Git\ultrasound\third_party\curl-7.61.0\build\CMakeFiles\CMakeTmp\cmTC_8b204.vcxproj]
  C:\Program Files (x86)\Windows Kits\10\Include\10.0.16299.0\um\winber.h(340): error C2143: syntax error: missing ')' before '*' [C:\Git\ultrasound\third_party\curl-7.61.0\build\CMakeFiles\CMakeTmp\cmTC_8b204.vcxproj]
  C:\Program Files (x86)\Windows Kits\10\Include\10.0.16299.0\um\winber.h(340): error C2143: syntax error: missing '{' before '*' [C:\Git\ultrasound\third_party\curl-7.61.0\build\CMakeFiles\CMakeTmp\cmTC_8b204.vcxproj]
  C:\Program Files (x86)\Windows Kits\10\Include\10.0.16299.0\um\winber.h(340): error C2146: syntax error: missing ';' before identifier 'PSTR' [C:\Git\ultrasound\third_party\curl-7.61.0\build\CMakeFiles\CMakeTmp\cmTC_8b204.vcxproj]
  C:\Program Files (x86)\Windows Kits\10\Include\10.0.16299.0\um\winber.h(340): error C2061: syntax error: identifier 'fmt' [C:\Git\ultrasound\third_party\curl-7.61.0\build\CMakeFiles\CMakeTmp\cmTC_8b204.vcxproj]
  C:\Program Files (x86)\Windows Kits\10\Include\10.0.16299.0\um\winber.h(340): error C2059: syntax error: ',' [C:\Git\ultrasound\third_party\curl-7.61.0\build\CMakeFiles\CMakeTmp\cmTC_8b204.vcxproj]
  C:\Program Files (x86)\Windows Kits\10\Include\10.0.16299.0\um\winber.h(340): error C2059: syntax error: ')' [C:\Git\ultrasound\third_party\curl-7.61.0\build\CMakeFiles\CMakeTmp\cmTC_8b204.vcxproj]

    0 个警告
    79 个错误

已用时间 00:00:00.46

Source:
/* */
#include <winber.h>


int main(void){return 0;}

Determining if files ;ldap_ssl.h exist failed with the following output:
Change Dir: C:/Git/ultrasound/third_party/curl-7.61.0/build/CMakeFiles/CMakeTmp

Run Build Command:"C:/Program Files (x86)/MSBuild/14.0/bin/MSBuild.exe" "cmTC_963e2.vcxproj" "/p:Configuration=Debug" "/p:VisualStudioVersion=14.0"
Microsoft (R) 生成引擎版本 14.0.25420.1
版权所有(C) Microsoft Corporation。保留所有权利。

生成启动时间为 8/15/2018 12:26:39 AM。
节点 1 上的项目“C:\Git\ultrasound\third_party\curl-7.61.0\build\CMakeFiles\CMakeTmp\cmTC_963e2.vcxproj”(默认目标)。
PrepareForBuild:
  正在创建目录“cmTC_963e2.dir\Debug\”。
  正在创建目录“C:\Git\ultrasound\third_party\curl-7.61.0\build\CMakeFiles\CMakeTmp\Debug\”。
  正在创建目录“cmTC_963e2.dir\Debug\cmTC_963e2.tlog\”。
InitializeBuildStatus:
  正在创建“cmTC_963e2.dir\Debug\cmTC_963e2.tlog\unsuccessfulbuild”，因为已指定“AlwaysCreate”。
ClCompile:
  C:\Program Files (x86)\Microsoft Visual Studio 14.0\VC\bin\CL.exe /c /Zi /W3 /WX- /Od /Ob0 /Oy- /D WIN32 /D _WINDOWS /D _WINSOCKAPI_= /D "CMAKE_INTDIR=\"Debug\"" /D _MBCS /Gm- /RTC1 /MDd /GS /fp:precise /Zc:wchar_t /Zc:forScope /Zc:inline /Fo"cmTC_963e2.dir\Debug\\" /Fd"cmTC_963e2.dir\Debug\vc140.pdb" /Gd /TC /analyze- /errorReport:queue "C:\Git\ultrasound\third_party\curl-7.61.0\build\CMakeFiles\CheckIncludeFiles\HAVE_LDAP_SSL_H.c"
  Microsoft (R) C/C++ Optimizing Compiler Version 19.00.24215.1 for x86
  Copyright (C) Microsoft Corporation.  All rights reserved.
  
  cl /c /Zi /W3 /WX- /Od /Ob0 /Oy- /D WIN32 /D _WINDOWS /D _WINSOCKAPI_= /D "CMAKE_INTDIR=\"Debug\"" /D _MBCS /Gm- /RTC1 /MDd /GS /fp:precise /Zc:wchar_t /Zc:forScope /Zc:inline /Fo"cmTC_963e2.dir\Debug\\" /Fd"cmTC_963e2.dir\Debug\vc140.pdb" /Gd /TC /analyze- /errorReport:queue "C:\Git\ultrasound\third_party\curl-7.61.0\build\CMakeFiles\CheckIncludeFiles\HAVE_LDAP_SSL_H.c"
  
  HAVE_LDAP_SSL_H.c
C:\Git\ultrasound\third_party\curl-7.61.0\build\CMakeFiles\CheckIncludeFiles\HAVE_LDAP_SSL_H.c(2): fatal error C1083: Cannot open include file: 'ldap_ssl.h': No such file or directory [C:\Git\ultrasound\third_party\curl-7.61.0\build\CMakeFiles\CMakeTmp\cmTC_963e2.vcxproj]
已完成生成项目“C:\Git\ultrasound\third_party\curl-7.61.0\build\CMakeFiles\CMakeTmp\cmTC_963e2.vcxproj”(默认目标)的操作 - 失败。

生成失败。

“C:\Git\ultrasound\third_party\curl-7.61.0\build\CMakeFiles\CMakeTmp\cmTC_963e2.vcxproj”(默认目标) (1) ->
(ClCompile 目标) -> 
  C:\Git\ultrasound\third_party\curl-7.61.0\build\CMakeFiles\CheckIncludeFiles\HAVE_LDAP_SSL_H.c(2): fatal error C1083: Cannot open include file: 'ldap_ssl.h': No such file or directory [C:\Git\ultrasound\third_party\curl-7.61.0\build\CMakeFiles\CMakeTmp\cmTC_963e2.vcxproj]

    0 个警告
    1 个错误

已用时间 00:00:00.46

Source:
/* */
#include <ldap_ssl.h>


int main(void){return 0;}

Determining if files ;ldapssl.h exist failed with the following output:
Change Dir: C:/Git/ultrasound/third_party/curl-7.61.0/build/CMakeFiles/CMakeTmp

Run Build Command:"C:/Program Files (x86)/MSBuild/14.0/bin/MSBuild.exe" "cmTC_16616.vcxproj" "/p:Configuration=Debug" "/p:VisualStudioVersion=14.0"
Microsoft (R) 生成引擎版本 14.0.25420.1
版权所有(C) Microsoft Corporation。保留所有权利。

生成启动时间为 8/15/2018 12:26:39 AM。
节点 1 上的项目“C:\Git\ultrasound\third_party\curl-7.61.0\build\CMakeFiles\CMakeTmp\cmTC_16616.vcxproj”(默认目标)。
PrepareForBuild:
  正在创建目录“cmTC_16616.dir\Debug\”。
  正在创建目录“C:\Git\ultrasound\third_party\curl-7.61.0\build\CMakeFiles\CMakeTmp\Debug\”。
  正在创建目录“cmTC_16616.dir\Debug\cmTC_16616.tlog\”。
InitializeBuildStatus:
  正在创建“cmTC_16616.dir\Debug\cmTC_16616.tlog\unsuccessfulbuild”，因为已指定“AlwaysCreate”。
ClCompile:
  C:\Program Files (x86)\Microsoft Visual Studio 14.0\VC\bin\CL.exe /c /Zi /W3 /WX- /Od /Ob0 /Oy- /D WIN32 /D _WINDOWS /D _WINSOCKAPI_= /D "CMAKE_INTDIR=\"Debug\"" /D _MBCS /Gm- /RTC1 /MDd /GS /fp:precise /Zc:wchar_t /Zc:forScope /Zc:inline /Fo"cmTC_16616.dir\Debug\\" /Fd"cmTC_16616.dir\Debug\vc140.pdb" /Gd /TC /analyze- /errorReport:queue "C:\Git\ultrasound\third_party\curl-7.61.0\build\CMakeFiles\CheckIncludeFiles\HAVE_LDAPSSL_H.c"
  Microsoft (R) C/C++ Optimizing Compiler Version 19.00.24215.1 for x86
  Copyright (C) Microsoft Corporation.  All rights reserved.
  
  cl /c /Zi /W3 /WX- /Od /Ob0 /Oy- /D WIN32 /D _WINDOWS /D _WINSOCKAPI_= /D "CMAKE_INTDIR=\"Debug\"" /D _MBCS /Gm- /RTC1 /MDd /GS /fp:precise /Zc:wchar_t /Zc:forScope /Zc:inline /Fo"cmTC_16616.dir\Debug\\" /Fd"cmTC_16616.dir\Debug\vc140.pdb" /Gd /TC /analyze- /errorReport:queue "C:\Git\ultrasound\third_party\curl-7.61.0\build\CMakeFiles\CheckIncludeFiles\HAVE_LDAPSSL_H.c"
  
  HAVE_LDAPSSL_H.c
C:\Git\ultrasound\third_party\curl-7.61.0\build\CMakeFiles\CheckIncludeFiles\HAVE_LDAPSSL_H.c(2): fatal error C1083: Cannot open include file: 'ldapssl.h': No such file or directory [C:\Git\ultrasound\third_party\curl-7.61.0\build\CMakeFiles\CMakeTmp\cmTC_16616.vcxproj]
已完成生成项目“C:\Git\ultrasound\third_party\curl-7.61.0\build\CMakeFiles\CMakeTmp\cmTC_16616.vcxproj”(默认目标)的操作 - 失败。

生成失败。

“C:\Git\ultrasound\third_party\curl-7.61.0\build\CMakeFiles\CMakeTmp\cmTC_16616.vcxproj”(默认目标) (1) ->
(ClCompile 目标) -> 
  C:\Git\ultrasound\third_party\curl-7.61.0\build\CMakeFiles\CheckIncludeFiles\HAVE_LDAPSSL_H.c(2): fatal error C1083: Cannot open include file: 'ldapssl.h': No such file or directory [C:\Git\ultrasound\third_party\curl-7.61.0\build\CMakeFiles\CMakeTmp\cmTC_16616.vcxproj]

    0 个警告
    1 个错误

已用时间 00:00:00.48

Source:
/* */
#include <ldapssl.h>


int main(void){return 0;}

Determining if the function idn2_lookup_ul exists in the idn2;wldap32;winmm;ws2_32;advapi32 failed with the following output:
Change Dir: C:/Git/ultrasound/third_party/curl-7.61.0/build/CMakeFiles/CMakeTmp

Run Build Command:"C:/Program Files (x86)/MSBuild/14.0/bin/MSBuild.exe" "cmTC_9a9e1.vcxproj" "/p:Configuration=Debug" "/p:VisualStudioVersion=14.0"
Microsoft (R) 生成引擎版本 14.0.25420.1
版权所有(C) Microsoft Corporation。保留所有权利。

生成启动时间为 8/15/2018 12:26:40 AM。
节点 1 上的项目“C:\Git\ultrasound\third_party\curl-7.61.0\build\CMakeFiles\CMakeTmp\cmTC_9a9e1.vcxproj”(默认目标)。
PrepareForBuild:
  正在创建目录“cmTC_9a9e1.dir\Debug\”。
  正在创建目录“C:\Git\ultrasound\third_party\curl-7.61.0\build\CMakeFiles\CMakeTmp\Debug\”。
  正在创建目录“cmTC_9a9e1.dir\Debug\cmTC_9a9e1.tlog\”。
InitializeBuildStatus:
  正在创建“cmTC_9a9e1.dir\Debug\cmTC_9a9e1.tlog\unsuccessfulbuild”，因为已指定“AlwaysCreate”。
ClCompile:
  C:\Program Files (x86)\Microsoft Visual Studio 14.0\VC\bin\CL.exe /c /Zi /W3 /WX- /Od /Ob0 /Oy- /D WIN32 /D _WINDOWS /D CHECK_FUNCTION_EXISTS=idn2_lookup_ul /D _WINSOCKAPI_= /D "CMAKE_INTDIR=\"Debug\"" /D _MBCS /Gm- /RTC1 /MDd /GS /fp:precise /Zc:wchar_t /Zc:forScope /Zc:inline /Fo"cmTC_9a9e1.dir\Debug\\" /Fd"cmTC_9a9e1.dir\Debug\vc140.pdb" /Gd /TC /analyze- /errorReport:queue "C:\Program Files (x86)\CMake\share\cmake-3.12\Modules\CheckFunctionExists.c"
  Microsoft (R) C/C++ Optimizing Compiler Version 19.00.24215.1 for x86
  Copyright (C) Microsoft Corporation.  All rights reserved.
  
  cl /c /Zi /W3 /WX- /Od /Ob0 /Oy- /D WIN32 /D _WINDOWS /D CHECK_FUNCTION_EXISTS=idn2_lookup_ul /D _WINSOCKAPI_= /D "CMAKE_INTDIR=\"Debug\"" /D _MBCS /Gm- /RTC1 /MDd /GS /fp:precise /Zc:wchar_t /Zc:forScope /Zc:inline /Fo"cmTC_9a9e1.dir\Debug\\" /Fd"cmTC_9a9e1.dir\Debug\vc140.pdb" /Gd /TC /analyze- /errorReport:queue "C:\Program Files (x86)\CMake\share\cmake-3.12\Modules\CheckFunctionExists.c"
  
  CheckFunctionExists.c
Link:
  C:\Program Files (x86)\Microsoft Visual Studio 14.0\VC\bin\link.exe /ERRORREPORT:QUEUE /OUT:"C:\Git\ultrasound\third_party\curl-7.61.0\build\CMakeFiles\CMakeTmp\Debug\cmTC_9a9e1.exe" /INCREMENTAL /NOLOGO idn2.lib wldap32.lib winmm.lib ws2_32.lib advapi32.lib kernel32.lib user32.lib gdi32.lib winspool.lib shell32.lib ole32.lib oleaut32.lib uuid.lib comdlg32.lib advapi32.lib /MANIFEST /MANIFESTUAC:"level='asInvoker' uiAccess='false'" /manifest:embed /DEBUG /PDB:"C:/Git/ultrasound/third_party/curl-7.61.0/build/CMakeFiles/CMakeTmp/Debug/cmTC_9a9e1.pdb" /SUBSYSTEM:CONSOLE /TLBID:1 /DYNAMICBASE /NXCOMPAT /IMPLIB:"C:/Git/ultrasound/third_party/curl-7.61.0/build/CMakeFiles/CMakeTmp/Debug/cmTC_9a9e1.lib" /MACHINE:X86 /SAFESEH  /machine:X86 cmTC_9a9e1.dir\Debug\CheckFunctionExists.obj
LINK : fatal error LNK1104: cannot open file 'idn2.lib' [C:\Git\ultrasound\third_party\curl-7.61.0\build\CMakeFiles\CMakeTmp\cmTC_9a9e1.vcxproj]
已完成生成项目“C:\Git\ultrasound\third_party\curl-7.61.0\build\CMakeFiles\CMakeTmp\cmTC_9a9e1.vcxproj”(默认目标)的操作 - 失败。

生成失败。

“C:\Git\ultrasound\third_party\curl-7.61.0\build\CMakeFiles\CMakeTmp\cmTC_9a9e1.vcxproj”(默认目标) (1) ->
(Link 目标) -> 
  LINK : fatal error LNK1104: cannot open file 'idn2.lib' [C:\Git\ultrasound\third_party\curl-7.61.0\build\CMakeFiles\CMakeTmp\cmTC_9a9e1.vcxproj]

    0 个警告
    1 个错误

已用时间 00:00:00.57


Performing C SOURCE FILE Test USE_UNIX_SOCKETS failed with the following output:
Change Dir: C:/Git/ultrasound/third_party/curl-7.61.0/build/CMakeFiles/CMakeTmp

Run Build Command:"C:/Program Files (x86)/MSBuild/14.0/bin/MSBuild.exe" "cmTC_aef4d.vcxproj" "/p:Configuration=Debug" "/p:VisualStudioVersion=14.0"
Microsoft (R) 生成引擎版本 14.0.25420.1
版权所有(C) Microsoft Corporation。保留所有权利。

生成启动时间为 8/15/2018 12:26:41 AM。
节点 1 上的项目“C:\Git\ultrasound\third_party\curl-7.61.0\build\CMakeFiles\CMakeTmp\cmTC_aef4d.vcxproj”(默认目标)。
PrepareForBuild:
  正在创建目录“cmTC_aef4d.dir\Debug\”。
  正在创建目录“C:\Git\ultrasound\third_party\curl-7.61.0\build\CMakeFiles\CMakeTmp\Debug\”。
  正在创建目录“cmTC_aef4d.dir\Debug\cmTC_aef4d.tlog\”。
InitializeBuildStatus:
  正在创建“cmTC_aef4d.dir\Debug\cmTC_aef4d.tlog\unsuccessfulbuild”，因为已指定“AlwaysCreate”。
ClCompile:
  C:\Program Files (x86)\Microsoft Visual Studio 14.0\VC\bin\CL.exe /c /Zi /W3 /WX- /Od /Ob0 /Oy- /D WIN32 /D _WINDOWS /D USE_UNIX_SOCKETS /D _WINSOCKAPI_= /D "CMAKE_INTDIR=\"Debug\"" /D _MBCS /Gm- /RTC1 /MDd /GS /fp:precise /Zc:wchar_t /Zc:forScope /Zc:inline /Fo"cmTC_aef4d.dir\Debug\\" /Fd"cmTC_aef4d.dir\Debug\vc140.pdb" /Gd /TC /analyze- /errorReport:queue "C:\Git\ultrasound\third_party\curl-7.61.0\build\CMakeFiles\CMakeTmp\src.c"
  Microsoft (R) C/C++ Optimizing Compiler Version 19.00.24215.1 for x86
  Copyright (C) Microsoft Corporation.  All rights reserved.
  
  cl /c /Zi /W3 /WX- /Od /Ob0 /Oy- /D WIN32 /D _WINDOWS /D USE_UNIX_SOCKETS /D _WINSOCKAPI_= /D "CMAKE_INTDIR=\"Debug\"" /D _MBCS /Gm- /RTC1 /MDd /GS /fp:precise /Zc:wchar_t /Zc:forScope /Zc:inline /Fo"cmTC_aef4d.dir\Debug\\" /Fd"cmTC_aef4d.dir\Debug\vc140.pdb" /Gd /TC /analyze- /errorReport:queue "C:\Git\ultrasound\third_party\curl-7.61.0\build\CMakeFiles\CMakeTmp\src.c"
  
  src.c
C:\Git\ultrasound\third_party\curl-7.61.0\build\CMakeFiles\CMakeTmp\src.c(2): fatal error C1083: Cannot open include file: 'sys/un.h': No such file or directory [C:\Git\ultrasound\third_party\curl-7.61.0\build\CMakeFiles\CMakeTmp\cmTC_aef4d.vcxproj]
已完成生成项目“C:\Git\ultrasound\third_party\curl-7.61.0\build\CMakeFiles\CMakeTmp\cmTC_aef4d.vcxproj”(默认目标)的操作 - 失败。

生成失败。

“C:\Git\ultrasound\third_party\curl-7.61.0\build\CMakeFiles\CMakeTmp\cmTC_aef4d.vcxproj”(默认目标) (1) ->
(ClCompile 目标) -> 
  C:\Git\ultrasound\third_party\curl-7.61.0\build\CMakeFiles\CMakeTmp\src.c(2): fatal error C1083: Cannot open include file: 'sys/un.h': No such file or directory [C:\Git\ultrasound\third_party\curl-7.61.0\build\CMakeFiles\CMakeTmp\cmTC_aef4d.vcxproj]

    0 个警告
    1 个错误

已用时间 00:00:00.44

Source file was:

#include <sys/un.h>

int main()
{
   (void)sizeof(((struct sockaddr_un *)0)->sun_path);
   return 0;
}

Determining if files windows.h;winsock.h;ws2tcpip.h;winsock2.h;stdio.h;sys/filio.h exist failed with the following output:
Change Dir: C:/Git/ultrasound/third_party/curl-7.61.0/build/CMakeFiles/CMakeTmp

Run Build Command:"C:/Program Files (x86)/MSBuild/14.0/bin/MSBuild.exe" "cmTC_54356.vcxproj" "/p:Configuration=Debug" "/p:VisualStudioVersion=14.0"
Microsoft (R) 生成引擎版本 14.0.25420.1
版权所有(C) Microsoft Corporation。保留所有权利。

生成启动时间为 8/15/2018 12:26:49 AM。
节点 1 上的项目“C:\Git\ultrasound\third_party\curl-7.61.0\build\CMakeFiles\CMakeTmp\cmTC_54356.vcxproj”(默认目标)。
PrepareForBuild:
  正在创建目录“cmTC_54356.dir\Debug\”。
  正在创建目录“C:\Git\ultrasound\third_party\curl-7.61.0\build\CMakeFiles\CMakeTmp\Debug\”。
  正在创建目录“cmTC_54356.dir\Debug\cmTC_54356.tlog\”。
InitializeBuildStatus:
  正在创建“cmTC_54356.dir\Debug\cmTC_54356.tlog\unsuccessfulbuild”，因为已指定“AlwaysCreate”。
ClCompile:
  C:\Program Files (x86)\Microsoft Visual Studio 14.0\VC\bin\CL.exe /c /Zi /W3 /WX- /Od /Ob0 /Oy- /D WIN32 /D _WINDOWS /D _WINSOCKAPI_= /D "CMAKE_INTDIR=\"Debug\"" /D _MBCS /Gm- /RTC1 /MDd /GS /fp:precise /Zc:wchar_t /Zc:forScope /Zc:inline /Fo"cmTC_54356.dir\Debug\\" /Fd"cmTC_54356.dir\Debug\vc140.pdb" /Gd /TC /analyze- /errorReport:queue "C:\Git\ultrasound\third_party\curl-7.61.0\build\CMakeFiles\CheckIncludeFiles\HAVE_SYS_FILIO_H.c"
  Microsoft (R) C/C++ Optimizing Compiler Version 19.00.24215.1 for x86
  Copyright (C) Microsoft Corporation.  All rights reserved.
  
  cl /c /Zi /W3 /WX- /Od /Ob0 /Oy- /D WIN32 /D _WINDOWS /D _WINSOCKAPI_= /D "CMAKE_INTDIR=\"Debug\"" /D _MBCS /Gm- /RTC1 /MDd /GS /fp:precise /Zc:wchar_t /Zc:forScope /Zc:inline /Fo"cmTC_54356.dir\Debug\\" /Fd"cmTC_54356.dir\Debug\vc140.pdb" /Gd /TC /analyze- /errorReport:queue "C:\Git\ultrasound\third_party\curl-7.61.0\build\CMakeFiles\CheckIncludeFiles\HAVE_SYS_FILIO_H.c"
  
  HAVE_SYS_FILIO_H.c
C:\Git\ultrasound\third_party\curl-7.61.0\build\CMakeFiles\CheckIncludeFiles\HAVE_SYS_FILIO_H.c(7): fatal error C1083: Cannot open include file: 'sys/filio.h': No such file or directory [C:\Git\ultrasound\third_party\curl-7.61.0\build\CMakeFiles\CMakeTmp\cmTC_54356.vcxproj]
已完成生成项目“C:\Git\ultrasound\third_party\curl-7.61.0\build\CMakeFiles\CMakeTmp\cmTC_54356.vcxproj”(默认目标)的操作 - 失败。

生成失败。

“C:\Git\ultrasound\third_party\curl-7.61.0\build\CMakeFiles\CMakeTmp\cmTC_54356.vcxproj”(默认目标) (1) ->
(ClCompile 目标) -> 
  C:\Git\ultrasound\third_party\curl-7.61.0\build\CMakeFiles\CheckIncludeFiles\HAVE_SYS_FILIO_H.c(7): fatal error C1083: Cannot open include file: 'sys/filio.h': No such file or directory [C:\Git\ultrasound\third_party\curl-7.61.0\build\CMakeFiles\CMakeTmp\cmTC_54356.vcxproj]

    0 个警告
    1 个错误

已用时间 00:00:01.45

Source:
/* */
#include <windows.h>
#include <winsock.h>
#include <ws2tcpip.h>
#include <winsock2.h>
#include <stdio.h>
#include <sys/filio.h>


int main(void){return 0;}

Determining if files windows.h;winsock.h;ws2tcpip.h;winsock2.h;stdio.h;sys/ioctl.h exist failed with the following output:
Change Dir: C:/Git/ultrasound/third_party/curl-7.61.0/build/CMakeFiles/CMakeTmp

Run Build Command:"C:/Program Files (x86)/MSBuild/14.0/bin/MSBuild.exe" "cmTC_2f8b3.vcxproj" "/p:Configuration=Debug" "/p:VisualStudioVersion=14.0"
Microsoft (R) 生成引擎版本 14.0.25420.1
版权所有(C) Microsoft Corporation。保留所有权利。

生成启动时间为 8/15/2018 12:26:51 AM。
节点 1 上的项目“C:\Git\ultrasound\third_party\curl-7.61.0\build\CMakeFiles\CMakeTmp\cmTC_2f8b3.vcxproj”(默认目标)。
PrepareForBuild:
  正在创建目录“cmTC_2f8b3.dir\Debug\”。
  正在创建目录“C:\Git\ultrasound\third_party\curl-7.61.0\build\CMakeFiles\CMakeTmp\Debug\”。
  正在创建目录“cmTC_2f8b3.dir\Debug\cmTC_2f8b3.tlog\”。
InitializeBuildStatus:
  正在创建“cmTC_2f8b3.dir\Debug\cmTC_2f8b3.tlog\unsuccessfulbuild”，因为已指定“AlwaysCreate”。
ClCompile:
  C:\Program Files (x86)\Microsoft Visual Studio 14.0\VC\bin\CL.exe /c /Zi /W3 /WX- /Od /Ob0 /Oy- /D WIN32 /D _WINDOWS /D _WINSOCKAPI_= /D "CMAKE_INTDIR=\"Debug\"" /D _MBCS /Gm- /RTC1 /MDd /GS /fp:precise /Zc:wchar_t /Zc:forScope /Zc:inline /Fo"cmTC_2f8b3.dir\Debug\\" /Fd"cmTC_2f8b3.dir\Debug\vc140.pdb" /Gd /TC /analyze- /errorReport:queue "C:\Git\ultrasound\third_party\curl-7.61.0\build\CMakeFiles\CheckIncludeFiles\HAVE_SYS_IOCTL_H.c"
  Microsoft (R) C/C++ Optimizing Compiler Version 19.00.24215.1 for x86
  Copyright (C) Microsoft Corporation.  All rights reserved.
  
  cl /c /Zi /W3 /WX- /Od /Ob0 /Oy- /D WIN32 /D _WINDOWS /D _WINSOCKAPI_= /D "CMAKE_INTDIR=\"Debug\"" /D _MBCS /Gm- /RTC1 /MDd /GS /fp:precise /Zc:wchar_t /Zc:forScope /Zc:inline /Fo"cmTC_2f8b3.dir\Debug\\" /Fd"cmTC_2f8b3.dir\Debug\vc140.pdb" /Gd /TC /analyze- /errorReport:queue "C:\Git\ultrasound\third_party\curl-7.61.0\build\CMakeFiles\CheckIncludeFiles\HAVE_SYS_IOCTL_H.c"
  
  HAVE_SYS_IOCTL_H.c
C:\Git\ultrasound\third_party\curl-7.61.0\build\CMakeFiles\CheckIncludeFiles\HAVE_SYS_IOCTL_H.c(7): fatal error C1083: Cannot open include file: 'sys/ioctl.h': No such file or directory [C:\Git\ultrasound\third_party\curl-7.61.0\build\CMakeFiles\CMakeTmp\cmTC_2f8b3.vcxproj]
已完成生成项目“C:\Git\ultrasound\third_party\curl-7.61.0\build\CMakeFiles\CMakeTmp\cmTC_2f8b3.vcxproj”(默认目标)的操作 - 失败。

生成失败。

“C:\Git\ultrasound\third_party\curl-7.61.0\build\CMakeFiles\CMakeTmp\cmTC_2f8b3.vcxproj”(默认目标) (1) ->
(ClCompile 目标) -> 
  C:\Git\ultrasound\third_party\curl-7.61.0\build\CMakeFiles\CheckIncludeFiles\HAVE_SYS_IOCTL_H.c(7): fatal error C1083: Cannot open include file: 'sys/ioctl.h': No such file or directory [C:\Git\ultrasound\third_party\curl-7.61.0\build\CMakeFiles\CMakeTmp\cmTC_2f8b3.vcxproj]

    0 个警告
    1 个错误

已用时间 00:00:01.32

Source:
/* */
#include <windows.h>
#include <winsock.h>
#include <ws2tcpip.h>
#include <winsock2.h>
#include <stdio.h>
#include <sys/ioctl.h>


int main(void){return 0;}

Determining if files windows.h;winsock.h;ws2tcpip.h;winsock2.h;stdio.h;sys/resource.h exist failed with the following output:
Change Dir: C:/Git/ultrasound/third_party/curl-7.61.0/build/CMakeFiles/CMakeTmp

Run Build Command:"C:/Program Files (x86)/MSBuild/14.0/bin/MSBuild.exe" "cmTC_de20b.vcxproj" "/p:Configuration=Debug" "/p:VisualStudioVersion=14.0"
Microsoft (R) 生成引擎版本 14.0.25420.1
版权所有(C) Microsoft Corporation。保留所有权利。

生成启动时间为 8/15/2018 12:26:53 AM。
节点 1 上的项目“C:\Git\ultrasound\third_party\curl-7.61.0\build\CMakeFiles\CMakeTmp\cmTC_de20b.vcxproj”(默认目标)。
PrepareForBuild:
  正在创建目录“cmTC_de20b.dir\Debug\”。
  正在创建目录“C:\Git\ultrasound\third_party\curl-7.61.0\build\CMakeFiles\CMakeTmp\Debug\”。
  正在创建目录“cmTC_de20b.dir\Debug\cmTC_de20b.tlog\”。
InitializeBuildStatus:
  正在创建“cmTC_de20b.dir\Debug\cmTC_de20b.tlog\unsuccessfulbuild”，因为已指定“AlwaysCreate”。
ClCompile:
  C:\Program Files (x86)\Microsoft Visual Studio 14.0\VC\bin\CL.exe /c /Zi /W3 /WX- /Od /Ob0 /Oy- /D WIN32 /D _WINDOWS /D _WINSOCKAPI_= /D "CMAKE_INTDIR=\"Debug\"" /D _MBCS /Gm- /RTC1 /MDd /GS /fp:precise /Zc:wchar_t /Zc:forScope /Zc:inline /Fo"cmTC_de20b.dir\Debug\\" /Fd"cmTC_de20b.dir\Debug\vc140.pdb" /Gd /TC /analyze- /errorReport:queue "C:\Git\ultrasound\third_party\curl-7.61.0\build\CMakeFiles\CheckIncludeFiles\HAVE_SYS_RESOURCE_H.c"
  Microsoft (R) C/C++ Optimizing Compiler Version 19.00.24215.1 for x86
  Copyright (C) Microsoft Corporation.  All rights reserved.
  
  cl /c /Zi /W3 /WX- /Od /Ob0 /Oy- /D WIN32 /D _WINDOWS /D _WINSOCKAPI_= /D "CMAKE_INTDIR=\"Debug\"" /D _MBCS /Gm- /RTC1 /MDd /GS /fp:precise /Zc:wchar_t /Zc:forScope /Zc:inline /Fo"cmTC_de20b.dir\Debug\\" /Fd"cmTC_de20b.dir\Debug\vc140.pdb" /Gd /TC /analyze- /errorReport:queue "C:\Git\ultrasound\third_party\curl-7.61.0\build\CMakeFiles\CheckIncludeFiles\HAVE_SYS_RESOURCE_H.c"
  
  HAVE_SYS_RESOURCE_H.c
C:\Git\ultrasound\third_party\curl-7.61.0\build\CMakeFiles\CheckIncludeFiles\HAVE_SYS_RESOURCE_H.c(7): fatal error C1083: Cannot open include file: 'sys/resource.h': No such file or directory [C:\Git\ultrasound\third_party\curl-7.61.0\build\CMakeFiles\CMakeTmp\cmTC_de20b.vcxproj]
已完成生成项目“C:\Git\ultrasound\third_party\curl-7.61.0\build\CMakeFiles\CMakeTmp\cmTC_de20b.vcxproj”(默认目标)的操作 - 失败。

生成失败。

“C:\Git\ultrasound\third_party\curl-7.61.0\build\CMakeFiles\CMakeTmp\cmTC_de20b.vcxproj”(默认目标) (1) ->
(ClCompile 目标) -> 
  C:\Git\ultrasound\third_party\curl-7.61.0\build\CMakeFiles\CheckIncludeFiles\HAVE_SYS_RESOURCE_H.c(7): fatal error C1083: Cannot open include file: 'sys/resource.h': No such file or directory [C:\Git\ultrasound\third_party\curl-7.61.0\build\CMakeFiles\CMakeTmp\cmTC_de20b.vcxproj]

    0 个警告
    1 个错误

已用时间 00:00:01.05

Source:
/* */
#include <windows.h>
#include <winsock.h>
#include <ws2tcpip.h>
#include <winsock2.h>
#include <stdio.h>
#include <sys/resource.h>


int main(void){return 0;}

Determining if files windows.h;winsock.h;ws2tcpip.h;winsock2.h;stdio.h;sys/stat.h;sys/types.h;sys/uio.h exist failed with the following output:
Change Dir: C:/Git/ultrasound/third_party/curl-7.61.0/build/CMakeFiles/CMakeTmp

Run Build Command:"C:/Program Files (x86)/MSBuild/14.0/bin/MSBuild.exe" "cmTC_ada9a.vcxproj" "/p:Configuration=Debug" "/p:VisualStudioVersion=14.0"
Microsoft (R) 生成引擎版本 14.0.25420.1
版权所有(C) Microsoft Corporation。保留所有权利。

生成启动时间为 8/15/2018 12:26:55 AM。
节点 1 上的项目“C:\Git\ultrasound\third_party\curl-7.61.0\build\CMakeFiles\CMakeTmp\cmTC_ada9a.vcxproj”(默认目标)。
PrepareForBuild:
  正在创建目录“cmTC_ada9a.dir\Debug\”。
  正在创建目录“C:\Git\ultrasound\third_party\curl-7.61.0\build\CMakeFiles\CMakeTmp\Debug\”。
  正在创建目录“cmTC_ada9a.dir\Debug\cmTC_ada9a.tlog\”。
InitializeBuildStatus:
  正在创建“cmTC_ada9a.dir\Debug\cmTC_ada9a.tlog\unsuccessfulbuild”，因为已指定“AlwaysCreate”。
ClCompile:
  C:\Program Files (x86)\Microsoft Visual Studio 14.0\VC\bin\CL.exe /c /Zi /W3 /WX- /Od /Ob0 /Oy- /D WIN32 /D _WINDOWS /D _WINSOCKAPI_= /D "CMAKE_INTDIR=\"Debug\"" /D _MBCS /Gm- /RTC1 /MDd /GS /fp:precise /Zc:wchar_t /Zc:forScope /Zc:inline /Fo"cmTC_ada9a.dir\Debug\\" /Fd"cmTC_ada9a.dir\Debug\vc140.pdb" /Gd /TC /analyze- /errorReport:queue "C:\Git\ultrasound\third_party\curl-7.61.0\build\CMakeFiles\CheckIncludeFiles\HAVE_SYS_UIO_H.c"
  Microsoft (R) C/C++ Optimizing Compiler Version 19.00.24215.1 for x86
  Copyright (C) Microsoft Corporation.  All rights reserved.
  
  cl /c /Zi /W3 /WX- /Od /Ob0 /Oy- /D WIN32 /D _WINDOWS /D _WINSOCKAPI_= /D "CMAKE_INTDIR=\"Debug\"" /D _MBCS /Gm- /RTC1 /MDd /GS /fp:precise /Zc:wchar_t /Zc:forScope /Zc:inline /Fo"cmTC_ada9a.dir\Debug\\" /Fd"cmTC_ada9a.dir\Debug\vc140.pdb" /Gd /TC /analyze- /errorReport:queue "C:\Git\ultrasound\third_party\curl-7.61.0\build\CMakeFiles\CheckIncludeFiles\HAVE_SYS_UIO_H.c"
  
  HAVE_SYS_UIO_H.c
C:\Git\ultrasound\third_party\curl-7.61.0\build\CMakeFiles\CheckIncludeFiles\HAVE_SYS_UIO_H.c(9): fatal error C1083: Cannot open include file: 'sys/uio.h': No such file or directory [C:\Git\ultrasound\third_party\curl-7.61.0\build\CMakeFiles\CMakeTmp\cmTC_ada9a.vcxproj]
已完成生成项目“C:\Git\ultrasound\third_party\curl-7.61.0\build\CMakeFiles\CMakeTmp\cmTC_ada9a.vcxproj”(默认目标)的操作 - 失败。

生成失败。

“C:\Git\ultrasound\third_party\curl-7.61.0\build\CMakeFiles\CMakeTmp\cmTC_ada9a.vcxproj”(默认目标) (1) ->
(ClCompile 目标) -> 
  C:\Git\ultrasound\third_party\curl-7.61.0\build\CMakeFiles\CheckIncludeFiles\HAVE_SYS_UIO_H.c(9): fatal error C1083: Cannot open include file: 'sys/uio.h': No such file or directory [C:\Git\ultrasound\third_party\curl-7.61.0\build\CMakeFiles\CMakeTmp\cmTC_ada9a.vcxproj]

    0 个警告
    1 个错误

已用时间 00:00:00.82

Source:
/* */
#include <windows.h>
#include <winsock.h>
#include <ws2tcpip.h>
#include <winsock2.h>
#include <stdio.h>
#include <sys/stat.h>
#include <sys/types.h>
#include <sys/uio.h>


int main(void){return 0;}

Determining if files windows.h;winsock.h;ws2tcpip.h;winsock2.h;stdio.h;sys/stat.h;sys/types.h;sys/un.h exist failed with the following output:
Change Dir: C:/Git/ultrasound/third_party/curl-7.61.0/build/CMakeFiles/CMakeTmp

Run Build Command:"C:/Program Files (x86)/MSBuild/14.0/bin/MSBuild.exe" "cmTC_6a2aa.vcxproj" "/p:Configuration=Debug" "/p:VisualStudioVersion=14.0"
Microsoft (R) 生成引擎版本 14.0.25420.1
版权所有(C) Microsoft Corporation。保留所有权利。

生成启动时间为 8/15/2018 12:26:56 AM。
节点 1 上的项目“C:\Git\ultrasound\third_party\curl-7.61.0\build\CMakeFiles\CMakeTmp\cmTC_6a2aa.vcxproj”(默认目标)。
PrepareForBuild:
  正在创建目录“cmTC_6a2aa.dir\Debug\”。
  正在创建目录“C:\Git\ultrasound\third_party\curl-7.61.0\build\CMakeFiles\CMakeTmp\Debug\”。
  正在创建目录“cmTC_6a2aa.dir\Debug\cmTC_6a2aa.tlog\”。
InitializeBuildStatus:
  正在创建“cmTC_6a2aa.dir\Debug\cmTC_6a2aa.tlog\unsuccessfulbuild”，因为已指定“AlwaysCreate”。
ClCompile:
  C:\Program Files (x86)\Microsoft Visual Studio 14.0\VC\bin\CL.exe /c /Zi /W3 /WX- /Od /Ob0 /Oy- /D WIN32 /D _WINDOWS /D _WINSOCKAPI_= /D "CMAKE_INTDIR=\"Debug\"" /D _MBCS /Gm- /RTC1 /MDd /GS /fp:precise /Zc:wchar_t /Zc:forScope /Zc:inline /Fo"cmTC_6a2aa.dir\Debug\\" /Fd"cmTC_6a2aa.dir\Debug\vc140.pdb" /Gd /TC /analyze- /errorReport:queue "C:\Git\ultrasound\third_party\curl-7.61.0\build\CMakeFiles\CheckIncludeFiles\HAVE_SYS_UN_H.c"
  Microsoft (R) C/C++ Optimizing Compiler Version 19.00.24215.1 for x86
  Copyright (C) Microsoft Corporation.  All rights reserved.
  
  cl /c /Zi /W3 /WX- /Od /Ob0 /Oy- /D WIN32 /D _WINDOWS /D _WINSOCKAPI_= /D "CMAKE_INTDIR=\"Debug\"" /D _MBCS /Gm- /RTC1 /MDd /GS /fp:precise /Zc:wchar_t /Zc:forScope /Zc:inline /Fo"cmTC_6a2aa.dir\Debug\\" /Fd"cmTC_6a2aa.dir\Debug\vc140.pdb" /Gd /TC /analyze- /errorReport:queue "C:\Git\ultrasound\third_party\curl-7.61.0\build\CMakeFiles\CheckIncludeFiles\HAVE_SYS_UN_H.c"
  
  HAVE_SYS_UN_H.c
C:\Git\ultrasound\third_party\curl-7.61.0\build\CMakeFiles\CheckIncludeFiles\HAVE_SYS_UN_H.c(9): fatal error C1083: Cannot open include file: 'sys/un.h': No such file or directory [C:\Git\ultrasound\third_party\curl-7.61.0\build\CMakeFiles\CMakeTmp\cmTC_6a2aa.vcxproj]
已完成生成项目“C:\Git\ultrasound\third_party\curl-7.61.0\build\CMakeFiles\CMakeTmp\cmTC_6a2aa.vcxproj”(默认目标)的操作 - 失败。

生成失败。

“C:\Git\ultrasound\third_party\curl-7.61.0\build\CMakeFiles\CMakeTmp\cmTC_6a2aa.vcxproj”(默认目标) (1) ->
(ClCompile 目标) -> 
  C:\Git\ultrasound\third_party\curl-7.61.0\build\CMakeFiles\CheckIncludeFiles\HAVE_SYS_UN_H.c(9): fatal error C1083: Cannot open include file: 'sys/un.h': No such file or directory [C:\Git\ultrasound\third_party\curl-7.61.0\build\CMakeFiles\CMakeTmp\cmTC_6a2aa.vcxproj]

    0 个警告
    1 个错误

已用时间 00:00:00.73

Source:
/* */
#include <windows.h>
#include <winsock.h>
#include <ws2tcpip.h>
#include <winsock2.h>
#include <stdio.h>
#include <sys/stat.h>
#include <sys/types.h>
#include <sys/un.h>


int main(void){return 0;}

Determining if files windows.h;winsock.h;ws2tcpip.h;winsock2.h;stdio.h;sys/stat.h;sys/types.h;sys/utime.h;sys/xattr.h exist failed with the following output:
Change Dir: C:/Git/ultrasound/third_party/curl-7.61.0/build/CMakeFiles/CMakeTmp

Run Build Command:"C:/Program Files (x86)/MSBuild/14.0/bin/MSBuild.exe" "cmTC_5041f.vcxproj" "/p:Configuration=Debug" "/p:VisualStudioVersion=14.0"
Microsoft (R) 生成引擎版本 14.0.25420.1
版权所有(C) Microsoft Corporation。保留所有权利。

生成启动时间为 8/15/2018 12:26:57 AM。
节点 1 上的项目“C:\Git\ultrasound\third_party\curl-7.61.0\build\CMakeFiles\CMakeTmp\cmTC_5041f.vcxproj”(默认目标)。
PrepareForBuild:
  正在创建目录“cmTC_5041f.dir\Debug\”。
  正在创建目录“C:\Git\ultrasound\third_party\curl-7.61.0\build\CMakeFiles\CMakeTmp\Debug\”。
  正在创建目录“cmTC_5041f.dir\Debug\cmTC_5041f.tlog\”。
InitializeBuildStatus:
  正在创建“cmTC_5041f.dir\Debug\cmTC_5041f.tlog\unsuccessfulbuild”，因为已指定“AlwaysCreate”。
ClCompile:
  C:\Program Files (x86)\Microsoft Visual Studio 14.0\VC\bin\CL.exe /c /Zi /W3 /WX- /Od /Ob0 /Oy- /D WIN32 /D _WINDOWS /D _WINSOCKAPI_= /D "CMAKE_INTDIR=\"Debug\"" /D _MBCS /Gm- /RTC1 /MDd /GS /fp:precise /Zc:wchar_t /Zc:forScope /Zc:inline /Fo"cmTC_5041f.dir\Debug\\" /Fd"cmTC_5041f.dir\Debug\vc140.pdb" /Gd /TC /analyze- /errorReport:queue "C:\Git\ultrasound\third_party\curl-7.61.0\build\CMakeFiles\CheckIncludeFiles\HAVE_SYS_XATTR_H.c"
  Microsoft (R) C/C++ Optimizing Compiler Version 19.00.24215.1 for x86
  Copyright (C) Microsoft Corporation.  All rights reserved.
  
  cl /c /Zi /W3 /WX- /Od /Ob0 /Oy- /D WIN32 /D _WINDOWS /D _WINSOCKAPI_= /D "CMAKE_INTDIR=\"Debug\"" /D _MBCS /Gm- /RTC1 /MDd /GS /fp:precise /Zc:wchar_t /Zc:forScope /Zc:inline /Fo"cmTC_5041f.dir\Debug\\" /Fd"cmTC_5041f.dir\Debug\vc140.pdb" /Gd /TC /analyze- /errorReport:queue "C:\Git\ultrasound\third_party\curl-7.61.0\build\CMakeFiles\CheckIncludeFiles\HAVE_SYS_XATTR_H.c"
  
  HAVE_SYS_XATTR_H.c
C:\Git\ultrasound\third_party\curl-7.61.0\build\CMakeFiles\CheckIncludeFiles\HAVE_SYS_XATTR_H.c(10): fatal error C1083: Cannot open include file: 'sys/xattr.h': No such file or directory [C:\Git\ultrasound\third_party\curl-7.61.0\build\CMakeFiles\CMakeTmp\cmTC_5041f.vcxproj]
已完成生成项目“C:\Git\ultrasound\third_party\curl-7.61.0\build\CMakeFiles\CMakeTmp\cmTC_5041f.vcxproj”(默认目标)的操作 - 失败。

生成失败。

“C:\Git\ultrasound\third_party\curl-7.61.0\build\CMakeFiles\CMakeTmp\cmTC_5041f.vcxproj”(默认目标) (1) ->
(ClCompile 目标) -> 
  C:\Git\ultrasound\third_party\curl-7.61.0\build\CMakeFiles\CheckIncludeFiles\HAVE_SYS_XATTR_H.c(10): fatal error C1083: Cannot open include file: 'sys/xattr.h': No such file or directory [C:\Git\ultrasound\third_party\curl-7.61.0\build\CMakeFiles\CMakeTmp\cmTC_5041f.vcxproj]

    0 个警告
    1 个错误

已用时间 00:00:01.57

Source:
/* */
#include <windows.h>
#include <winsock.h>
#include <ws2tcpip.h>
#include <winsock2.h>
#include <stdio.h>
#include <sys/stat.h>
#include <sys/types.h>
#include <sys/utime.h>
#include <sys/xattr.h>


int main(void){return 0;}

Determining if files windows.h;winsock.h;ws2tcpip.h;winsock2.h;stdio.h;sys/stat.h;sys/types.h;sys/utime.h;arpa/tftp.h exist failed with the following output:
Change Dir: C:/Git/ultrasound/third_party/curl-7.61.0/build/CMakeFiles/CMakeTmp

Run Build Command:"C:/Program Files (x86)/MSBuild/14.0/bin/MSBuild.exe" "cmTC_cc2ab.vcxproj" "/p:Configuration=Debug" "/p:VisualStudioVersion=14.0"
Microsoft (R) 生成引擎版本 14.0.25420.1
版权所有(C) Microsoft Corporation。保留所有权利。

生成启动时间为 8/15/2018 12:26:59 AM。
节点 1 上的项目“C:\Git\ultrasound\third_party\curl-7.61.0\build\CMakeFiles\CMakeTmp\cmTC_cc2ab.vcxproj”(默认目标)。
PrepareForBuild:
  正在创建目录“cmTC_cc2ab.dir\Debug\”。
  正在创建目录“C:\Git\ultrasound\third_party\curl-7.61.0\build\CMakeFiles\CMakeTmp\Debug\”。
  正在创建目录“cmTC_cc2ab.dir\Debug\cmTC_cc2ab.tlog\”。
InitializeBuildStatus:
  正在创建“cmTC_cc2ab.dir\Debug\cmTC_cc2ab.tlog\unsuccessfulbuild”，因为已指定“AlwaysCreate”。
ClCompile:
  C:\Program Files (x86)\Microsoft Visual Studio 14.0\VC\bin\CL.exe /c /Zi /W3 /WX- /Od /Ob0 /Oy- /D WIN32 /D _WINDOWS /D _WINSOCKAPI_= /D "CMAKE_INTDIR=\"Debug\"" /D _MBCS /Gm- /RTC1 /MDd /GS /fp:precise /Zc:wchar_t /Zc:forScope /Zc:inline /Fo"cmTC_cc2ab.dir\Debug\\" /Fd"cmTC_cc2ab.dir\Debug\vc140.pdb" /Gd /TC /analyze- /errorReport:queue "C:\Git\ultrasound\third_party\curl-7.61.0\build\CMakeFiles\CheckIncludeFiles\HAVE_ARPA_TFTP_H.c"
  Microsoft (R) C/C++ Optimizing Compiler Version 19.00.24215.1 for x86
  Copyright (C) Microsoft Corporation.  All rights reserved.
  
  cl /c /Zi /W3 /WX- /Od /Ob0 /Oy- /D WIN32 /D _WINDOWS /D _WINSOCKAPI_= /D "CMAKE_INTDIR=\"Debug\"" /D _MBCS /Gm- /RTC1 /MDd /GS /fp:precise /Zc:wchar_t /Zc:forScope /Zc:inline /Fo"cmTC_cc2ab.dir\Debug\\" /Fd"cmTC_cc2ab.dir\Debug\vc140.pdb" /Gd /TC /analyze- /errorReport:queue "C:\Git\ultrasound\third_party\curl-7.61.0\build\CMakeFiles\CheckIncludeFiles\HAVE_ARPA_TFTP_H.c"
  
  HAVE_ARPA_TFTP_H.c
C:\Git\ultrasound\third_party\curl-7.61.0\build\CMakeFiles\CheckIncludeFiles\HAVE_ARPA_TFTP_H.c(10): fatal error C1083: Cannot open include file: 'arpa/tftp.h': No such file or directory [C:\Git\ultrasound\third_party\curl-7.61.0\build\CMakeFiles\CMakeTmp\cmTC_cc2ab.vcxproj]
已完成生成项目“C:\Git\ultrasound\third_party\curl-7.61.0\build\CMakeFiles\CMakeTmp\cmTC_cc2ab.vcxproj”(默认目标)的操作 - 失败。

生成失败。

“C:\Git\ultrasound\third_party\curl-7.61.0\build\CMakeFiles\CMakeTmp\cmTC_cc2ab.vcxproj”(默认目标) (1) ->
(ClCompile 目标) -> 
  C:\Git\ultrasound\third_party\curl-7.61.0\build\CMakeFiles\CheckIncludeFiles\HAVE_ARPA_TFTP_H.c(10): fatal error C1083: Cannot open include file: 'arpa/tftp.h': No such file or directory [C:\Git\ultrasound\third_party\curl-7.61.0\build\CMakeFiles\CMakeTmp\cmTC_cc2ab.vcxproj]

    0 个警告
    1 个错误

已用时间 00:00:02.52

Source:
/* */
#include <windows.h>
#include <winsock.h>
#include <ws2tcpip.h>
#include <winsock2.h>
#include <stdio.h>
#include <sys/stat.h>
#include <sys/types.h>
#include <sys/utime.h>
#include <arpa/tftp.h>


int main(void){return 0;}

Determining if files windows.h;winsock.h;ws2tcpip.h;winsock2.h;stdio.h;sys/stat.h;sys/types.h;sys/utime.h;assert.h;crypto.h exist failed with the following output:
Change Dir: C:/Git/ultrasound/third_party/curl-7.61.0/build/CMakeFiles/CMakeTmp

Run Build Command:"C:/Program Files (x86)/MSBuild/14.0/bin/MSBuild.exe" "cmTC_46600.vcxproj" "/p:Configuration=Debug" "/p:VisualStudioVersion=14.0"
Microsoft (R) 生成引擎版本 14.0.25420.1
版权所有(C) Microsoft Corporation。保留所有权利。

生成启动时间为 8/15/2018 12:27:11 AM。
节点 1 上的项目“C:\Git\ultrasound\third_party\curl-7.61.0\build\CMakeFiles\CMakeTmp\cmTC_46600.vcxproj”(默认目标)。
PrepareForBuild:
  正在创建目录“cmTC_46600.dir\Debug\”。
  正在创建目录“C:\Git\ultrasound\third_party\curl-7.61.0\build\CMakeFiles\CMakeTmp\Debug\”。
  正在创建目录“cmTC_46600.dir\Debug\cmTC_46600.tlog\”。
InitializeBuildStatus:
  正在创建“cmTC_46600.dir\Debug\cmTC_46600.tlog\unsuccessfulbuild”，因为已指定“AlwaysCreate”。
ClCompile:
  C:\Program Files (x86)\Microsoft Visual Studio 14.0\VC\bin\CL.exe /c /Zi /W3 /WX- /Od /Ob0 /Oy- /D WIN32 /D _WINDOWS /D _WINSOCKAPI_= /D "CMAKE_INTDIR=\"Debug\"" /D _MBCS /Gm- /RTC1 /MDd /GS /fp:precise /Zc:wchar_t /Zc:forScope /Zc:inline /Fo"cmTC_46600.dir\Debug\\" /Fd"cmTC_46600.dir\Debug\vc140.pdb" /Gd /TC /analyze- /errorReport:queue "C:\Git\ultrasound\third_party\curl-7.61.0\build\CMakeFiles\CheckIncludeFiles\HAVE_CRYPTO_H.c"
  Microsoft (R) C/C++ Optimizing Compiler Version 19.00.24215.1 for x86
  Copyright (C) Microsoft Corporation.  All rights reserved.
  
  cl /c /Zi /W3 /WX- /Od /Ob0 /Oy- /D WIN32 /D _WINDOWS /D _WINSOCKAPI_= /D "CMAKE_INTDIR=\"Debug\"" /D _MBCS /Gm- /RTC1 /MDd /GS /fp:precise /Zc:wchar_t /Zc:forScope /Zc:inline /Fo"cmTC_46600.dir\Debug\\" /Fd"cmTC_46600.dir\Debug\vc140.pdb" /Gd /TC /analyze- /errorReport:queue "C:\Git\ultrasound\third_party\curl-7.61.0\build\CMakeFiles\CheckIncludeFiles\HAVE_CRYPTO_H.c"
  
  HAVE_CRYPTO_H.c
C:\Git\ultrasound\third_party\curl-7.61.0\build\CMakeFiles\CheckIncludeFiles\HAVE_CRYPTO_H.c(11): fatal error C1083: Cannot open include file: 'crypto.h': No such file or directory [C:\Git\ultrasound\third_party\curl-7.61.0\build\CMakeFiles\CMakeTmp\cmTC_46600.vcxproj]
已完成生成项目“C:\Git\ultrasound\third_party\curl-7.61.0\build\CMakeFiles\CMakeTmp\cmTC_46600.vcxproj”(默认目标)的操作 - 失败。

生成失败。

“C:\Git\ultrasound\third_party\curl-7.61.0\build\CMakeFiles\CMakeTmp\cmTC_46600.vcxproj”(默认目标) (1) ->
(ClCompile 目标) -> 
  C:\Git\ultrasound\third_party\curl-7.61.0\build\CMakeFiles\CheckIncludeFiles\HAVE_CRYPTO_H.c(11): fatal error C1083: Cannot open include file: 'crypto.h': No such file or directory [C:\Git\ultrasound\third_party\curl-7.61.0\build\CMakeFiles\CMakeTmp\cmTC_46600.vcxproj]

    0 个警告
    1 个错误

已用时间 00:00:03.11

Source:
/* */
#include <windows.h>
#include <winsock.h>
#include <ws2tcpip.h>
#include <winsock2.h>
#include <stdio.h>
#include <sys/stat.h>
#include <sys/types.h>
#include <sys/utime.h>
#include <assert.h>
#include <crypto.h>


int main(void){return 0;}

Determining if files windows.h;winsock.h;ws2tcpip.h;winsock2.h;stdio.h;sys/stat.h;sys/types.h;sys/utime.h;assert.h;des.h exist failed with the following output:
Change Dir: C:/Git/ultrasound/third_party/curl-7.61.0/build/CMakeFiles/CMakeTmp

Run Build Command:"C:/Program Files (x86)/MSBuild/14.0/bin/MSBuild.exe" "cmTC_da400.vcxproj" "/p:Configuration=Debug" "/p:VisualStudioVersion=14.0"
Microsoft (R) 生成引擎版本 14.0.25420.1
版权所有(C) Microsoft Corporation。保留所有权利。

生成启动时间为 8/15/2018 12:27:15 AM。
节点 1 上的项目“C:\Git\ultrasound\third_party\curl-7.61.0\build\CMakeFiles\CMakeTmp\cmTC_da400.vcxproj”(默认目标)。
PrepareForBuild:
  正在创建目录“cmTC_da400.dir\Debug\”。
  正在创建目录“C:\Git\ultrasound\third_party\curl-7.61.0\build\CMakeFiles\CMakeTmp\Debug\”。
  正在创建目录“cmTC_da400.dir\Debug\cmTC_da400.tlog\”。
InitializeBuildStatus:
  正在创建“cmTC_da400.dir\Debug\cmTC_da400.tlog\unsuccessfulbuild”，因为已指定“AlwaysCreate”。
ClCompile:
  C:\Program Files (x86)\Microsoft Visual Studio 14.0\VC\bin\CL.exe /c /Zi /W3 /WX- /Od /Ob0 /Oy- /D WIN32 /D _WINDOWS /D _WINSOCKAPI_= /D "CMAKE_INTDIR=\"Debug\"" /D _MBCS /Gm- /RTC1 /MDd /GS /fp:precise /Zc:wchar_t /Zc:forScope /Zc:inline /Fo"cmTC_da400.dir\Debug\\" /Fd"cmTC_da400.dir\Debug\vc140.pdb" /Gd /TC /analyze- /errorReport:queue "C:\Git\ultrasound\third_party\curl-7.61.0\build\CMakeFiles\CheckIncludeFiles\HAVE_DES_H.c"
  Microsoft (R) C/C++ Optimizing Compiler Version 19.00.24215.1 for x86
  Copyright (C) Microsoft Corporation.  All rights reserved.
  
  cl /c /Zi /W3 /WX- /Od /Ob0 /Oy- /D WIN32 /D _WINDOWS /D _WINSOCKAPI_= /D "CMAKE_INTDIR=\"Debug\"" /D _MBCS /Gm- /RTC1 /MDd /GS /fp:precise /Zc:wchar_t /Zc:forScope /Zc:inline /Fo"cmTC_da400.dir\Debug\\" /Fd"cmTC_da400.dir\Debug\vc140.pdb" /Gd /TC /analyze- /errorReport:queue "C:\Git\ultrasound\third_party\curl-7.61.0\build\CMakeFiles\CheckIncludeFiles\HAVE_DES_H.c"
  
  HAVE_DES_H.c
C:\Git\ultrasound\third_party\curl-7.61.0\build\CMakeFiles\CheckIncludeFiles\HAVE_DES_H.c(11): fatal error C1083: Cannot open include file: 'des.h': No such file or directory [C:\Git\ultrasound\third_party\curl-7.61.0\build\CMakeFiles\CMakeTmp\cmTC_da400.vcxproj]
已完成生成项目“C:\Git\ultrasound\third_party\curl-7.61.0\build\CMakeFiles\CMakeTmp\cmTC_da400.vcxproj”(默认目标)的操作 - 失败。

生成失败。

“C:\Git\ultrasound\third_party\curl-7.61.0\build\CMakeFiles\CMakeTmp\cmTC_da400.vcxproj”(默认目标) (1) ->
(ClCompile 目标) -> 
  C:\Git\ultrasound\third_party\curl-7.61.0\build\CMakeFiles\CheckIncludeFiles\HAVE_DES_H.c(11): fatal error C1083: Cannot open include file: 'des.h': No such file or directory [C:\Git\ultrasound\third_party\curl-7.61.0\build\CMakeFiles\CMakeTmp\cmTC_da400.vcxproj]

    0 个警告
    1 个错误

已用时间 00:00:01.23

Source:
/* */
#include <windows.h>
#include <winsock.h>
#include <ws2tcpip.h>
#include <winsock2.h>
#include <stdio.h>
#include <sys/stat.h>
#include <sys/types.h>
#include <sys/utime.h>
#include <assert.h>
#include <des.h>


int main(void){return 0;}

Determining if files windows.h;winsock.h;ws2tcpip.h;winsock2.h;stdio.h;sys/stat.h;sys/types.h;sys/utime.h;assert.h;err.h exist failed with the following output:
Change Dir: C:/Git/ultrasound/third_party/curl-7.61.0/build/CMakeFiles/CMakeTmp

Run Build Command:"C:/Program Files (x86)/MSBuild/14.0/bin/MSBuild.exe" "cmTC_a025c.vcxproj" "/p:Configuration=Debug" "/p:VisualStudioVersion=14.0"
Microsoft (R) 生成引擎版本 14.0.25420.1
版权所有(C) Microsoft Corporation。保留所有权利。

生成启动时间为 8/15/2018 12:27:16 AM。
节点 1 上的项目“C:\Git\ultrasound\third_party\curl-7.61.0\build\CMakeFiles\CMakeTmp\cmTC_a025c.vcxproj”(默认目标)。
PrepareForBuild:
  正在创建目录“cmTC_a025c.dir\Debug\”。
  正在创建目录“C:\Git\ultrasound\third_party\curl-7.61.0\build\CMakeFiles\CMakeTmp\Debug\”。
  正在创建目录“cmTC_a025c.dir\Debug\cmTC_a025c.tlog\”。
InitializeBuildStatus:
  正在创建“cmTC_a025c.dir\Debug\cmTC_a025c.tlog\unsuccessfulbuild”，因为已指定“AlwaysCreate”。
ClCompile:
  C:\Program Files (x86)\Microsoft Visual Studio 14.0\VC\bin\CL.exe /c /Zi /W3 /WX- /Od /Ob0 /Oy- /D WIN32 /D _WINDOWS /D _WINSOCKAPI_= /D "CMAKE_INTDIR=\"Debug\"" /D _MBCS /Gm- /RTC1 /MDd /GS /fp:precise /Zc:wchar_t /Zc:forScope /Zc:inline /Fo"cmTC_a025c.dir\Debug\\" /Fd"cmTC_a025c.dir\Debug\vc140.pdb" /Gd /TC /analyze- /errorReport:queue "C:\Git\ultrasound\third_party\curl-7.61.0\build\CMakeFiles\CheckIncludeFiles\HAVE_ERR_H.c"
  Microsoft (R) C/C++ Optimizing Compiler Version 19.00.24215.1 for x86
  Copyright (C) Microsoft Corporation.  All rights reserved.
  
  cl /c /Zi /W3 /WX- /Od /Ob0 /Oy- /D WIN32 /D _WINDOWS /D _WINSOCKAPI_= /D "CMAKE_INTDIR=\"Debug\"" /D _MBCS /Gm- /RTC1 /MDd /GS /fp:precise /Zc:wchar_t /Zc:forScope /Zc:inline /Fo"cmTC_a025c.dir\Debug\\" /Fd"cmTC_a025c.dir\Debug\vc140.pdb" /Gd /TC /analyze- /errorReport:queue "C:\Git\ultrasound\third_party\curl-7.61.0\build\CMakeFiles\CheckIncludeFiles\HAVE_ERR_H.c"
  
  HAVE_ERR_H.c
C:\Git\ultrasound\third_party\curl-7.61.0\build\CMakeFiles\CheckIncludeFiles\HAVE_ERR_H.c(11): fatal error C1083: Cannot open include file: 'err.h': No such file or directory [C:\Git\ultrasound\third_party\curl-7.61.0\build\CMakeFiles\CMakeTmp\cmTC_a025c.vcxproj]
已完成生成项目“C:\Git\ultrasound\third_party\curl-7.61.0\build\CMakeFiles\CMakeTmp\cmTC_a025c.vcxproj”(默认目标)的操作 - 失败。

生成失败。

“C:\Git\ultrasound\third_party\curl-7.61.0\build\CMakeFiles\CMakeTmp\cmTC_a025c.vcxproj”(默认目标) (1) ->
(ClCompile 目标) -> 
  C:\Git\ultrasound\third_party\curl-7.61.0\build\CMakeFiles\CheckIncludeFiles\HAVE_ERR_H.c(11): fatal error C1083: Cannot open include file: 'err.h': No such file or directory [C:\Git\ultrasound\third_party\curl-7.61.0\build\CMakeFiles\CMakeTmp\cmTC_a025c.vcxproj]

    0 个警告
    1 个错误

已用时间 00:00:00.87

Source:
/* */
#include <windows.h>
#include <winsock.h>
#include <ws2tcpip.h>
#include <winsock2.h>
#include <stdio.h>
#include <sys/stat.h>
#include <sys/types.h>
#include <sys/utime.h>
#include <assert.h>
#include <err.h>


int main(void){return 0;}

Determining if files windows.h;winsock.h;ws2tcpip.h;winsock2.h;stdio.h;sys/stat.h;sys/types.h;sys/utime.h;assert.h;errno.h;fcntl.h;idn2.h exist failed with the following output:
Change Dir: C:/Git/ultrasound/third_party/curl-7.61.0/build/CMakeFiles/CMakeTmp

Run Build Command:"C:/Program Files (x86)/MSBuild/14.0/bin/MSBuild.exe" "cmTC_74b19.vcxproj" "/p:Configuration=Debug" "/p:VisualStudioVersion=14.0"
Microsoft (R) 生成引擎版本 14.0.25420.1
版权所有(C) Microsoft Corporation。保留所有权利。

生成启动时间为 8/15/2018 12:27:19 AM。
节点 1 上的项目“C:\Git\ultrasound\third_party\curl-7.61.0\build\CMakeFiles\CMakeTmp\cmTC_74b19.vcxproj”(默认目标)。
PrepareForBuild:
  正在创建目录“cmTC_74b19.dir\Debug\”。
  正在创建目录“C:\Git\ultrasound\third_party\curl-7.61.0\build\CMakeFiles\CMakeTmp\Debug\”。
  正在创建目录“cmTC_74b19.dir\Debug\cmTC_74b19.tlog\”。
InitializeBuildStatus:
  正在创建“cmTC_74b19.dir\Debug\cmTC_74b19.tlog\unsuccessfulbuild”，因为已指定“AlwaysCreate”。
ClCompile:
  C:\Program Files (x86)\Microsoft Visual Studio 14.0\VC\bin\CL.exe /c /Zi /W3 /WX- /Od /Ob0 /Oy- /D WIN32 /D _WINDOWS /D _WINSOCKAPI_= /D "CMAKE_INTDIR=\"Debug\"" /D _MBCS /Gm- /RTC1 /MDd /GS /fp:precise /Zc:wchar_t /Zc:forScope /Zc:inline /Fo"cmTC_74b19.dir\Debug\\" /Fd"cmTC_74b19.dir\Debug\vc140.pdb" /Gd /TC /analyze- /errorReport:queue "C:\Git\ultrasound\third_party\curl-7.61.0\build\CMakeFiles\CheckIncludeFiles\HAVE_IDN2_H.c"
  Microsoft (R) C/C++ Optimizing Compiler Version 19.00.24215.1 for x86
  Copyright (C) Microsoft Corporation.  All rights reserved.
  
  cl /c /Zi /W3 /WX- /Od /Ob0 /Oy- /D WIN32 /D _WINDOWS /D _WINSOCKAPI_= /D "CMAKE_INTDIR=\"Debug\"" /D _MBCS /Gm- /RTC1 /MDd /GS /fp:precise /Zc:wchar_t /Zc:forScope /Zc:inline /Fo"cmTC_74b19.dir\Debug\\" /Fd"cmTC_74b19.dir\Debug\vc140.pdb" /Gd /TC /analyze- /errorReport:queue "C:\Git\ultrasound\third_party\curl-7.61.0\build\CMakeFiles\CheckIncludeFiles\HAVE_IDN2_H.c"
  
  HAVE_IDN2_H.c
C:\Git\ultrasound\third_party\curl-7.61.0\build\CMakeFiles\CheckIncludeFiles\HAVE_IDN2_H.c(13): fatal error C1083: Cannot open include file: 'idn2.h': No such file or directory [C:\Git\ultrasound\third_party\curl-7.61.0\build\CMakeFiles\CMakeTmp\cmTC_74b19.vcxproj]
已完成生成项目“C:\Git\ultrasound\third_party\curl-7.61.0\build\CMakeFiles\CMakeTmp\cmTC_74b19.vcxproj”(默认目标)的操作 - 失败。

生成失败。

“C:\Git\ultrasound\third_party\curl-7.61.0\build\CMakeFiles\CMakeTmp\cmTC_74b19.vcxproj”(默认目标) (1) ->
(ClCompile 目标) -> 
  C:\Git\ultrasound\third_party\curl-7.61.0\build\CMakeFiles\CheckIncludeFiles\HAVE_IDN2_H.c(13): fatal error C1083: Cannot open include file: 'idn2.h': No such file or directory [C:\Git\ultrasound\third_party\curl-7.61.0\build\CMakeFiles\CMakeTmp\cmTC_74b19.vcxproj]

    0 个警告
    1 个错误

已用时间 00:00:00.76

Source:
/* */
#include <windows.h>
#include <winsock.h>
#include <ws2tcpip.h>
#include <winsock2.h>
#include <stdio.h>
#include <sys/stat.h>
#include <sys/types.h>
#include <sys/utime.h>
#include <assert.h>
#include <errno.h>
#include <fcntl.h>
#include <idn2.h>


int main(void){return 0;}

Determining if files windows.h;winsock.h;ws2tcpip.h;winsock2.h;stdio.h;sys/stat.h;sys/types.h;sys/utime.h;assert.h;errno.h;fcntl.h;ifaddrs.h exist failed with the following output:
Change Dir: C:/Git/ultrasound/third_party/curl-7.61.0/build/CMakeFiles/CMakeTmp

Run Build Command:"C:/Program Files (x86)/MSBuild/14.0/bin/MSBuild.exe" "cmTC_14dc3.vcxproj" "/p:Configuration=Debug" "/p:VisualStudioVersion=14.0"
Microsoft (R) 生成引擎版本 14.0.25420.1
版权所有(C) Microsoft Corporation。保留所有权利。

生成启动时间为 8/15/2018 12:27:20 AM。
节点 1 上的项目“C:\Git\ultrasound\third_party\curl-7.61.0\build\CMakeFiles\CMakeTmp\cmTC_14dc3.vcxproj”(默认目标)。
PrepareForBuild:
  正在创建目录“cmTC_14dc3.dir\Debug\”。
  正在创建目录“C:\Git\ultrasound\third_party\curl-7.61.0\build\CMakeFiles\CMakeTmp\Debug\”。
  正在创建目录“cmTC_14dc3.dir\Debug\cmTC_14dc3.tlog\”。
InitializeBuildStatus:
  正在创建“cmTC_14dc3.dir\Debug\cmTC_14dc3.tlog\unsuccessfulbuild”，因为已指定“AlwaysCreate”。
ClCompile:
  C:\Program Files (x86)\Microsoft Visual Studio 14.0\VC\bin\CL.exe /c /Zi /W3 /WX- /Od /Ob0 /Oy- /D WIN32 /D _WINDOWS /D _WINSOCKAPI_= /D "CMAKE_INTDIR=\"Debug\"" /D _MBCS /Gm- /RTC1 /MDd /GS /fp:precise /Zc:wchar_t /Zc:forScope /Zc:inline /Fo"cmTC_14dc3.dir\Debug\\" /Fd"cmTC_14dc3.dir\Debug\vc140.pdb" /Gd /TC /analyze- /errorReport:queue "C:\Git\ultrasound\third_party\curl-7.61.0\build\CMakeFiles\CheckIncludeFiles\HAVE_IFADDRS_H.c"
  Microsoft (R) C/C++ Optimizing Compiler Version 19.00.24215.1 for x86
  Copyright (C) Microsoft Corporation.  All rights reserved.
  
  cl /c /Zi /W3 /WX- /Od /Ob0 /Oy- /D WIN32 /D _WINDOWS /D _WINSOCKAPI_= /D "CMAKE_INTDIR=\"Debug\"" /D _MBCS /Gm- /RTC1 /MDd /GS /fp:precise /Zc:wchar_t /Zc:forScope /Zc:inline /Fo"cmTC_14dc3.dir\Debug\\" /Fd"cmTC_14dc3.dir\Debug\vc140.pdb" /Gd /TC /analyze- /errorReport:queue "C:\Git\ultrasound\third_party\curl-7.61.0\build\CMakeFiles\CheckIncludeFiles\HAVE_IFADDRS_H.c"
  
  HAVE_IFADDRS_H.c
C:\Git\ultrasound\third_party\curl-7.61.0\build\CMakeFiles\CheckIncludeFiles\HAVE_IFADDRS_H.c(13): fatal error C1083: Cannot open include file: 'ifaddrs.h': No such file or directory [C:\Git\ultrasound\third_party\curl-7.61.0\build\CMakeFiles\CMakeTmp\cmTC_14dc3.vcxproj]
已完成生成项目“C:\Git\ultrasound\third_party\curl-7.61.0\build\CMakeFiles\CMakeTmp\cmTC_14dc3.vcxproj”(默认目标)的操作 - 失败。

生成失败。

“C:\Git\ultrasound\third_party\curl-7.61.0\build\CMakeFiles\CMakeTmp\cmTC_14dc3.vcxproj”(默认目标) (1) ->
(ClCompile 目标) -> 
  C:\Git\ultrasound\third_party\curl-7.61.0\build\CMakeFiles\CheckIncludeFiles\HAVE_IFADDRS_H.c(13): fatal error C1083: Cannot open include file: 'ifaddrs.h': No such file or directory [C:\Git\ultrasound\third_party\curl-7.61.0\build\CMakeFiles\CMakeTmp\cmTC_14dc3.vcxproj]

    0 个警告
    1 个错误

已用时间 00:00:01.04

Source:
/* */
#include <windows.h>
#include <winsock.h>
#include <ws2tcpip.h>
#include <winsock2.h>
#include <stdio.h>
#include <sys/stat.h>
#include <sys/types.h>
#include <sys/utime.h>
#include <assert.h>
#include <errno.h>
#include <fcntl.h>
#include <ifaddrs.h>


int main(void){return 0;}

Determining if files windows.h;winsock.h;ws2tcpip.h;winsock2.h;stdio.h;sys/stat.h;sys/types.h;sys/utime.h;assert.h;errno.h;fcntl.h;io.h;krb.h exist failed with the following output:
Change Dir: C:/Git/ultrasound/third_party/curl-7.61.0/build/CMakeFiles/CMakeTmp

Run Build Command:"C:/Program Files (x86)/MSBuild/14.0/bin/MSBuild.exe" "cmTC_9ffef.vcxproj" "/p:Configuration=Debug" "/p:VisualStudioVersion=14.0"
Microsoft (R) 生成引擎版本 14.0.25420.1
版权所有(C) Microsoft Corporation。保留所有权利。

生成启动时间为 8/15/2018 12:27:21 AM。
节点 1 上的项目“C:\Git\ultrasound\third_party\curl-7.61.0\build\CMakeFiles\CMakeTmp\cmTC_9ffef.vcxproj”(默认目标)。
PrepareForBuild:
  正在创建目录“cmTC_9ffef.dir\Debug\”。
  正在创建目录“C:\Git\ultrasound\third_party\curl-7.61.0\build\CMakeFiles\CMakeTmp\Debug\”。
  正在创建目录“cmTC_9ffef.dir\Debug\cmTC_9ffef.tlog\”。
InitializeBuildStatus:
  正在创建“cmTC_9ffef.dir\Debug\cmTC_9ffef.tlog\unsuccessfulbuild”，因为已指定“AlwaysCreate”。
ClCompile:
  C:\Program Files (x86)\Microsoft Visual Studio 14.0\VC\bin\CL.exe /c /Zi /W3 /WX- /Od /Ob0 /Oy- /D WIN32 /D _WINDOWS /D _WINSOCKAPI_= /D "CMAKE_INTDIR=\"Debug\"" /D _MBCS /Gm- /RTC1 /MDd /GS /fp:precise /Zc:wchar_t /Zc:forScope /Zc:inline /Fo"cmTC_9ffef.dir\Debug\\" /Fd"cmTC_9ffef.dir\Debug\vc140.pdb" /Gd /TC /analyze- /errorReport:queue "C:\Git\ultrasound\third_party\curl-7.61.0\build\CMakeFiles\CheckIncludeFiles\HAVE_KRB_H.c"
  Microsoft (R) C/C++ Optimizing Compiler Version 19.00.24215.1 for x86
  Copyright (C) Microsoft Corporation.  All rights reserved.
  
  cl /c /Zi /W3 /WX- /Od /Ob0 /Oy- /D WIN32 /D _WINDOWS /D _WINSOCKAPI_= /D "CMAKE_INTDIR=\"Debug\"" /D _MBCS /Gm- /RTC1 /MDd /GS /fp:precise /Zc:wchar_t /Zc:forScope /Zc:inline /Fo"cmTC_9ffef.dir\Debug\\" /Fd"cmTC_9ffef.dir\Debug\vc140.pdb" /Gd /TC /analyze- /errorReport:queue "C:\Git\ultrasound\third_party\curl-7.61.0\build\CMakeFiles\CheckIncludeFiles\HAVE_KRB_H.c"
  
  HAVE_KRB_H.c
C:\Git\ultrasound\third_party\curl-7.61.0\build\CMakeFiles\CheckIncludeFiles\HAVE_KRB_H.c(14): fatal error C1083: Cannot open include file: 'krb.h': No such file or directory [C:\Git\ultrasound\third_party\curl-7.61.0\build\CMakeFiles\CMakeTmp\cmTC_9ffef.vcxproj]
已完成生成项目“C:\Git\ultrasound\third_party\curl-7.61.0\build\CMakeFiles\CMakeTmp\cmTC_9ffef.vcxproj”(默认目标)的操作 - 失败。

生成失败。

“C:\Git\ultrasound\third_party\curl-7.61.0\build\CMakeFiles\CMakeTmp\cmTC_9ffef.vcxproj”(默认目标) (1) ->
(ClCompile 目标) -> 
  C:\Git\ultrasound\third_party\curl-7.61.0\build\CMakeFiles\CheckIncludeFiles\HAVE_KRB_H.c(14): fatal error C1083: Cannot open include file: 'krb.h': No such file or directory [C:\Git\ultrasound\third_party\curl-7.61.0\build\CMakeFiles\CMakeTmp\cmTC_9ffef.vcxproj]

    0 个警告
    1 个错误

已用时间 00:00:00.74

Source:
/* */
#include <windows.h>
#include <winsock.h>
#include <ws2tcpip.h>
#include <winsock2.h>
#include <stdio.h>
#include <sys/stat.h>
#include <sys/types.h>
#include <sys/utime.h>
#include <assert.h>
#include <errno.h>
#include <fcntl.h>
#include <io.h>
#include <krb.h>


int main(void){return 0;}

Determining if files windows.h;winsock.h;ws2tcpip.h;winsock2.h;stdio.h;sys/stat.h;sys/types.h;sys/utime.h;assert.h;errno.h;fcntl.h;io.h;libgen.h exist failed with the following output:
Change Dir: C:/Git/ultrasound/third_party/curl-7.61.0/build/CMakeFiles/CMakeTmp

Run Build Command:"C:/Program Files (x86)/MSBuild/14.0/bin/MSBuild.exe" "cmTC_aa2c4.vcxproj" "/p:Configuration=Debug" "/p:VisualStudioVersion=14.0"
Microsoft (R) 生成引擎版本 14.0.25420.1
版权所有(C) Microsoft Corporation。保留所有权利。

生成启动时间为 8/15/2018 12:27:22 AM。
节点 1 上的项目“C:\Git\ultrasound\third_party\curl-7.61.0\build\CMakeFiles\CMakeTmp\cmTC_aa2c4.vcxproj”(默认目标)。
PrepareForBuild:
  正在创建目录“cmTC_aa2c4.dir\Debug\”。
  正在创建目录“C:\Git\ultrasound\third_party\curl-7.61.0\build\CMakeFiles\CMakeTmp\Debug\”。
  正在创建目录“cmTC_aa2c4.dir\Debug\cmTC_aa2c4.tlog\”。
InitializeBuildStatus:
  正在创建“cmTC_aa2c4.dir\Debug\cmTC_aa2c4.tlog\unsuccessfulbuild”，因为已指定“AlwaysCreate”。
ClCompile:
  C:\Program Files (x86)\Microsoft Visual Studio 14.0\VC\bin\CL.exe /c /Zi /W3 /WX- /Od /Ob0 /Oy- /D WIN32 /D _WINDOWS /D _WINSOCKAPI_= /D "CMAKE_INTDIR=\"Debug\"" /D _MBCS /Gm- /RTC1 /MDd /GS /fp:precise /Zc:wchar_t /Zc:forScope /Zc:inline /Fo"cmTC_aa2c4.dir\Debug\\" /Fd"cmTC_aa2c4.dir\Debug\vc140.pdb" /Gd /TC /analyze- /errorReport:queue "C:\Git\ultrasound\third_party\curl-7.61.0\build\CMakeFiles\CheckIncludeFiles\HAVE_LIBGEN_H.c"
  Microsoft (R) C/C++ Optimizing Compiler Version 19.00.24215.1 for x86
  Copyright (C) Microsoft Corporation.  All rights reserved.
  
  cl /c /Zi /W3 /WX- /Od /Ob0 /Oy- /D WIN32 /D _WINDOWS /D _WINSOCKAPI_= /D "CMAKE_INTDIR=\"Debug\"" /D _MBCS /Gm- /RTC1 /MDd /GS /fp:precise /Zc:wchar_t /Zc:forScope /Zc:inline /Fo"cmTC_aa2c4.dir\Debug\\" /Fd"cmTC_aa2c4.dir\Debug\vc140.pdb" /Gd /TC /analyze- /errorReport:queue "C:\Git\ultrasound\third_party\curl-7.61.0\build\CMakeFiles\CheckIncludeFiles\HAVE_LIBGEN_H.c"
  
  HAVE_LIBGEN_H.c
C:\Git\ultrasound\third_party\curl-7.61.0\build\CMakeFiles\CheckIncludeFiles\HAVE_LIBGEN_H.c(14): fatal error C1083: Cannot open include file: 'libgen.h': No such file or directory [C:\Git\ultrasound\third_party\curl-7.61.0\build\CMakeFiles\CMakeTmp\cmTC_aa2c4.vcxproj]
已完成生成项目“C:\Git\ultrasound\third_party\curl-7.61.0\build\CMakeFiles\CMakeTmp\cmTC_aa2c4.vcxproj”(默认目标)的操作 - 失败。

生成失败。

“C:\Git\ultrasound\third_party\curl-7.61.0\build\CMakeFiles\CMakeTmp\cmTC_aa2c4.vcxproj”(默认目标) (1) ->
(ClCompile 目标) -> 
  C:\Git\ultrasound\third_party\curl-7.61.0\build\CMakeFiles\CheckIncludeFiles\HAVE_LIBGEN_H.c(14): fatal error C1083: Cannot open include file: 'libgen.h': No such file or directory [C:\Git\ultrasound\third_party\curl-7.61.0\build\CMakeFiles\CMakeTmp\cmTC_aa2c4.vcxproj]

    0 个警告
    1 个错误

已用时间 00:00:00.96

Source:
/* */
#include <windows.h>
#include <winsock.h>
#include <ws2tcpip.h>
#include <winsock2.h>
#include <stdio.h>
#include <sys/stat.h>
#include <sys/types.h>
#include <sys/utime.h>
#include <assert.h>
#include <errno.h>
#include <fcntl.h>
#include <io.h>
#include <libgen.h>


int main(void){return 0;}

Determining if files windows.h;winsock.h;ws2tcpip.h;winsock2.h;stdio.h;sys/stat.h;sys/types.h;sys/utime.h;assert.h;errno.h;fcntl.h;io.h;locale.h;netinet/tcp.h exist failed with the following output:
Change Dir: C:/Git/ultrasound/third_party/curl-7.61.0/build/CMakeFiles/CMakeTmp

Run Build Command:"C:/Program Files (x86)/MSBuild/14.0/bin/MSBuild.exe" "cmTC_68491.vcxproj" "/p:Configuration=Debug" "/p:VisualStudioVersion=14.0"
Microsoft (R) 生成引擎版本 14.0.25420.1
版权所有(C) Microsoft Corporation。保留所有权利。

生成启动时间为 8/15/2018 12:27:25 AM。
节点 1 上的项目“C:\Git\ultrasound\third_party\curl-7.61.0\build\CMakeFiles\CMakeTmp\cmTC_68491.vcxproj”(默认目标)。
PrepareForBuild:
  正在创建目录“cmTC_68491.dir\Debug\”。
  正在创建目录“C:\Git\ultrasound\third_party\curl-7.61.0\build\CMakeFiles\CMakeTmp\Debug\”。
  正在创建目录“cmTC_68491.dir\Debug\cmTC_68491.tlog\”。
InitializeBuildStatus:
  正在创建“cmTC_68491.dir\Debug\cmTC_68491.tlog\unsuccessfulbuild”，因为已指定“AlwaysCreate”。
ClCompile:
  C:\Program Files (x86)\Microsoft Visual Studio 14.0\VC\bin\CL.exe /c /Zi /W3 /WX- /Od /Ob0 /Oy- /D WIN32 /D _WINDOWS /D _WINSOCKAPI_= /D "CMAKE_INTDIR=\"Debug\"" /D _MBCS /Gm- /RTC1 /MDd /GS /fp:precise /Zc:wchar_t /Zc:forScope /Zc:inline /Fo"cmTC_68491.dir\Debug\\" /Fd"cmTC_68491.dir\Debug\vc140.pdb" /Gd /TC /analyze- /errorReport:queue "C:\Git\ultrasound\third_party\curl-7.61.0\build\CMakeFiles\CheckIncludeFiles\HAVE_NETINET_TCP_H.c"
  Microsoft (R) C/C++ Optimizing Compiler Version 19.00.24215.1 for x86
  Copyright (C) Microsoft Corporation.  All rights reserved.
  
  cl /c /Zi /W3 /WX- /Od /Ob0 /Oy- /D WIN32 /D _WINDOWS /D _WINSOCKAPI_= /D "CMAKE_INTDIR=\"Debug\"" /D _MBCS /Gm- /RTC1 /MDd /GS /fp:precise /Zc:wchar_t /Zc:forScope /Zc:inline /Fo"cmTC_68491.dir\Debug\\" /Fd"cmTC_68491.dir\Debug\vc140.pdb" /Gd /TC /analyze- /errorReport:queue "C:\Git\ultrasound\third_party\curl-7.61.0\build\CMakeFiles\CheckIncludeFiles\HAVE_NETINET_TCP_H.c"
  
  HAVE_NETINET_TCP_H.c
C:\Git\ultrasound\third_party\curl-7.61.0\build\CMakeFiles\CheckIncludeFiles\HAVE_NETINET_TCP_H.c(15): fatal error C1083: Cannot open include file: 'netinet/tcp.h': No such file or directory [C:\Git\ultrasound\third_party\curl-7.61.0\build\CMakeFiles\CMakeTmp\cmTC_68491.vcxproj]
已完成生成项目“C:\Git\ultrasound\third_party\curl-7.61.0\build\CMakeFiles\CMakeTmp\cmTC_68491.vcxproj”(默认目标)的操作 - 失败。

生成失败。

“C:\Git\ultrasound\third_party\curl-7.61.0\build\CMakeFiles\CMakeTmp\cmTC_68491.vcxproj”(默认目标) (1) ->
(ClCompile 目标) -> 
  C:\Git\ultrasound\third_party\curl-7.61.0\build\CMakeFiles\CheckIncludeFiles\HAVE_NETINET_TCP_H.c(15): fatal error C1083: Cannot open include file: 'netinet/tcp.h': No such file or directory [C:\Git\ultrasound\third_party\curl-7.61.0\build\CMakeFiles\CMakeTmp\cmTC_68491.vcxproj]

    0 个警告
    1 个错误

已用时间 00:00:00.75

Source:
/* */
#include <windows.h>
#include <winsock.h>
#include <ws2tcpip.h>
#include <winsock2.h>
#include <stdio.h>
#include <sys/stat.h>
#include <sys/types.h>
#include <sys/utime.h>
#include <assert.h>
#include <errno.h>
#include <fcntl.h>
#include <io.h>
#include <locale.h>
#include <netinet/tcp.h>


int main(void){return 0;}

Determining if files windows.h;winsock.h;ws2tcpip.h;winsock2.h;stdio.h;sys/stat.h;sys/types.h;sys/utime.h;assert.h;errno.h;fcntl.h;io.h;locale.h;pem.h exist failed with the following output:
Change Dir: C:/Git/ultrasound/third_party/curl-7.61.0/build/CMakeFiles/CMakeTmp

Run Build Command:"C:/Program Files (x86)/MSBuild/14.0/bin/MSBuild.exe" "cmTC_17452.vcxproj" "/p:Configuration=Debug" "/p:VisualStudioVersion=14.0"
Microsoft (R) 生成引擎版本 14.0.25420.1
版权所有(C) Microsoft Corporation。保留所有权利。

生成启动时间为 8/15/2018 12:27:26 AM。
节点 1 上的项目“C:\Git\ultrasound\third_party\curl-7.61.0\build\CMakeFiles\CMakeTmp\cmTC_17452.vcxproj”(默认目标)。
PrepareForBuild:
  正在创建目录“cmTC_17452.dir\Debug\”。
  正在创建目录“C:\Git\ultrasound\third_party\curl-7.61.0\build\CMakeFiles\CMakeTmp\Debug\”。
  正在创建目录“cmTC_17452.dir\Debug\cmTC_17452.tlog\”。
InitializeBuildStatus:
  正在创建“cmTC_17452.dir\Debug\cmTC_17452.tlog\unsuccessfulbuild”，因为已指定“AlwaysCreate”。
ClCompile:
  C:\Program Files (x86)\Microsoft Visual Studio 14.0\VC\bin\CL.exe /c /Zi /W3 /WX- /Od /Ob0 /Oy- /D WIN32 /D _WINDOWS /D _WINSOCKAPI_= /D "CMAKE_INTDIR=\"Debug\"" /D _MBCS /Gm- /RTC1 /MDd /GS /fp:precise /Zc:wchar_t /Zc:forScope /Zc:inline /Fo"cmTC_17452.dir\Debug\\" /Fd"cmTC_17452.dir\Debug\vc140.pdb" /Gd /TC /analyze- /errorReport:queue "C:\Git\ultrasound\third_party\curl-7.61.0\build\CMakeFiles\CheckIncludeFiles\HAVE_PEM_H.c"
  Microsoft (R) C/C++ Optimizing Compiler Version 19.00.24215.1 for x86
  Copyright (C) Microsoft Corporation.  All rights reserved.
  
  cl /c /Zi /W3 /WX- /Od /Ob0 /Oy- /D WIN32 /D _WINDOWS /D _WINSOCKAPI_= /D "CMAKE_INTDIR=\"Debug\"" /D _MBCS /Gm- /RTC1 /MDd /GS /fp:precise /Zc:wchar_t /Zc:forScope /Zc:inline /Fo"cmTC_17452.dir\Debug\\" /Fd"cmTC_17452.dir\Debug\vc140.pdb" /Gd /TC /analyze- /errorReport:queue "C:\Git\ultrasound\third_party\curl-7.61.0\build\CMakeFiles\CheckIncludeFiles\HAVE_PEM_H.c"
  
  HAVE_PEM_H.c
C:\Git\ultrasound\third_party\curl-7.61.0\build\CMakeFiles\CheckIncludeFiles\HAVE_PEM_H.c(15): fatal error C1083: Cannot open include file: 'pem.h': No such file or directory [C:\Git\ultrasound\third_party\curl-7.61.0\build\CMakeFiles\CMakeTmp\cmTC_17452.vcxproj]
已完成生成项目“C:\Git\ultrasound\third_party\curl-7.61.0\build\CMakeFiles\CMakeTmp\cmTC_17452.vcxproj”(默认目标)的操作 - 失败。

生成失败。

“C:\Git\ultrasound\third_party\curl-7.61.0\build\CMakeFiles\CMakeTmp\cmTC_17452.vcxproj”(默认目标) (1) ->
(ClCompile 目标) -> 
  C:\Git\ultrasound\third_party\curl-7.61.0\build\CMakeFiles\CheckIncludeFiles\HAVE_PEM_H.c(15): fatal error C1083: Cannot open include file: 'pem.h': No such file or directory [C:\Git\ultrasound\third_party\curl-7.61.0\build\CMakeFiles\CMakeTmp\cmTC_17452.vcxproj]

    0 个警告
    1 个错误

已用时间 00:00:00.75

Source:
/* */
#include <windows.h>
#include <winsock.h>
#include <ws2tcpip.h>
#include <winsock2.h>
#include <stdio.h>
#include <sys/stat.h>
#include <sys/types.h>
#include <sys/utime.h>
#include <assert.h>
#include <errno.h>
#include <fcntl.h>
#include <io.h>
#include <locale.h>
#include <pem.h>


int main(void){return 0;}

Determining if files windows.h;winsock.h;ws2tcpip.h;winsock2.h;stdio.h;sys/stat.h;sys/types.h;sys/utime.h;assert.h;errno.h;fcntl.h;io.h;locale.h;poll.h exist failed with the following output:
Change Dir: C:/Git/ultrasound/third_party/curl-7.61.0/build/CMakeFiles/CMakeTmp

Run Build Command:"C:/Program Files (x86)/MSBuild/14.0/bin/MSBuild.exe" "cmTC_4ed61.vcxproj" "/p:Configuration=Debug" "/p:VisualStudioVersion=14.0"
Microsoft (R) 生成引擎版本 14.0.25420.1
版权所有(C) Microsoft Corporation。保留所有权利。

生成启动时间为 8/15/2018 12:27:27 AM。
节点 1 上的项目“C:\Git\ultrasound\third_party\curl-7.61.0\build\CMakeFiles\CMakeTmp\cmTC_4ed61.vcxproj”(默认目标)。
PrepareForBuild:
  正在创建目录“cmTC_4ed61.dir\Debug\”。
  正在创建目录“C:\Git\ultrasound\third_party\curl-7.61.0\build\CMakeFiles\CMakeTmp\Debug\”。
  正在创建目录“cmTC_4ed61.dir\Debug\cmTC_4ed61.tlog\”。
InitializeBuildStatus:
  正在创建“cmTC_4ed61.dir\Debug\cmTC_4ed61.tlog\unsuccessfulbuild”，因为已指定“AlwaysCreate”。
ClCompile:
  C:\Program Files (x86)\Microsoft Visual Studio 14.0\VC\bin\CL.exe /c /Zi /W3 /WX- /Od /Ob0 /Oy- /D WIN32 /D _WINDOWS /D _WINSOCKAPI_= /D "CMAKE_INTDIR=\"Debug\"" /D _MBCS /Gm- /RTC1 /MDd /GS /fp:precise /Zc:wchar_t /Zc:forScope /Zc:inline /Fo"cmTC_4ed61.dir\Debug\\" /Fd"cmTC_4ed61.dir\Debug\vc140.pdb" /Gd /TC /analyze- /errorReport:queue "C:\Git\ultrasound\third_party\curl-7.61.0\build\CMakeFiles\CheckIncludeFiles\HAVE_POLL_H.c"
  Microsoft (R) C/C++ Optimizing Compiler Version 19.00.24215.1 for x86
  Copyright (C) Microsoft Corporation.  All rights reserved.
  
  cl /c /Zi /W3 /WX- /Od /Ob0 /Oy- /D WIN32 /D _WINDOWS /D _WINSOCKAPI_= /D "CMAKE_INTDIR=\"Debug\"" /D _MBCS /Gm- /RTC1 /MDd /GS /fp:precise /Zc:wchar_t /Zc:forScope /Zc:inline /Fo"cmTC_4ed61.dir\Debug\\" /Fd"cmTC_4ed61.dir\Debug\vc140.pdb" /Gd /TC /analyze- /errorReport:queue "C:\Git\ultrasound\third_party\curl-7.61.0\build\CMakeFiles\CheckIncludeFiles\HAVE_POLL_H.c"
  
  HAVE_POLL_H.c
C:\Git\ultrasound\third_party\curl-7.61.0\build\CMakeFiles\CheckIncludeFiles\HAVE_POLL_H.c(15): fatal error C1083: Cannot open include file: 'poll.h': No such file or directory [C:\Git\ultrasound\third_party\curl-7.61.0\build\CMakeFiles\CMakeTmp\cmTC_4ed61.vcxproj]
已完成生成项目“C:\Git\ultrasound\third_party\curl-7.61.0\build\CMakeFiles\CMakeTmp\cmTC_4ed61.vcxproj”(默认目标)的操作 - 失败。

生成失败。

“C:\Git\ultrasound\third_party\curl-7.61.0\build\CMakeFiles\CMakeTmp\cmTC_4ed61.vcxproj”(默认目标) (1) ->
(ClCompile 目标) -> 
  C:\Git\ultrasound\third_party\curl-7.61.0\build\CMakeFiles\CheckIncludeFiles\HAVE_POLL_H.c(15): fatal error C1083: Cannot open include file: 'poll.h': No such file or directory [C:\Git\ultrasound\third_party\curl-7.61.0\build\CMakeFiles\CMakeTmp\cmTC_4ed61.vcxproj]

    0 个警告
    1 个错误

已用时间 00:00:00.77

Source:
/* */
#include <windows.h>
#include <winsock.h>
#include <ws2tcpip.h>
#include <winsock2.h>
#include <stdio.h>
#include <sys/stat.h>
#include <sys/types.h>
#include <sys/utime.h>
#include <assert.h>
#include <errno.h>
#include <fcntl.h>
#include <io.h>
#include <locale.h>
#include <poll.h>


int main(void){return 0;}

Determining if files windows.h;winsock.h;ws2tcpip.h;winsock2.h;stdio.h;sys/stat.h;sys/types.h;sys/utime.h;assert.h;errno.h;fcntl.h;io.h;locale.h;rsa.h exist failed with the following output:
Change Dir: C:/Git/ultrasound/third_party/curl-7.61.0/build/CMakeFiles/CMakeTmp

Run Build Command:"C:/Program Files (x86)/MSBuild/14.0/bin/MSBuild.exe" "cmTC_49ac7.vcxproj" "/p:Configuration=Debug" "/p:VisualStudioVersion=14.0"
Microsoft (R) 生成引擎版本 14.0.25420.1
版权所有(C) Microsoft Corporation。保留所有权利。

生成启动时间为 8/15/2018 12:27:28 AM。
节点 1 上的项目“C:\Git\ultrasound\third_party\curl-7.61.0\build\CMakeFiles\CMakeTmp\cmTC_49ac7.vcxproj”(默认目标)。
PrepareForBuild:
  正在创建目录“cmTC_49ac7.dir\Debug\”。
  正在创建目录“C:\Git\ultrasound\third_party\curl-7.61.0\build\CMakeFiles\CMakeTmp\Debug\”。
  正在创建目录“cmTC_49ac7.dir\Debug\cmTC_49ac7.tlog\”。
InitializeBuildStatus:
  正在创建“cmTC_49ac7.dir\Debug\cmTC_49ac7.tlog\unsuccessfulbuild”，因为已指定“AlwaysCreate”。
ClCompile:
  C:\Program Files (x86)\Microsoft Visual Studio 14.0\VC\bin\CL.exe /c /Zi /W3 /WX- /Od /Ob0 /Oy- /D WIN32 /D _WINDOWS /D _WINSOCKAPI_= /D "CMAKE_INTDIR=\"Debug\"" /D _MBCS /Gm- /RTC1 /MDd /GS /fp:precise /Zc:wchar_t /Zc:forScope /Zc:inline /Fo"cmTC_49ac7.dir\Debug\\" /Fd"cmTC_49ac7.dir\Debug\vc140.pdb" /Gd /TC /analyze- /errorReport:queue "C:\Git\ultrasound\third_party\curl-7.61.0\build\CMakeFiles\CheckIncludeFiles\HAVE_RSA_H.c"
  Microsoft (R) C/C++ Optimizing Compiler Version 19.00.24215.1 for x86
  Copyright (C) Microsoft Corporation.  All rights reserved.
  
  cl /c /Zi /W3 /WX- /Od /Ob0 /Oy- /D WIN32 /D _WINDOWS /D _WINSOCKAPI_= /D "CMAKE_INTDIR=\"Debug\"" /D _MBCS /Gm- /RTC1 /MDd /GS /fp:precise /Zc:wchar_t /Zc:forScope /Zc:inline /Fo"cmTC_49ac7.dir\Debug\\" /Fd"cmTC_49ac7.dir\Debug\vc140.pdb" /Gd /TC /analyze- /errorReport:queue "C:\Git\ultrasound\third_party\curl-7.61.0\build\CMakeFiles\CheckIncludeFiles\HAVE_RSA_H.c"
  
  HAVE_RSA_H.c
C:\Git\ultrasound\third_party\curl-7.61.0\build\CMakeFiles\CheckIncludeFiles\HAVE_RSA_H.c(15): fatal error C1083: Cannot open include file: 'rsa.h': No such file or directory [C:\Git\ultrasound\third_party\curl-7.61.0\build\CMakeFiles\CMakeTmp\cmTC_49ac7.vcxproj]
已完成生成项目“C:\Git\ultrasound\third_party\curl-7.61.0\build\CMakeFiles\CMakeTmp\cmTC_49ac7.vcxproj”(默认目标)的操作 - 失败。

生成失败。

“C:\Git\ultrasound\third_party\curl-7.61.0\build\CMakeFiles\CMakeTmp\cmTC_49ac7.vcxproj”(默认目标) (1) ->
(ClCompile 目标) -> 
  C:\Git\ultrasound\third_party\curl-7.61.0\build\CMakeFiles\CheckIncludeFiles\HAVE_RSA_H.c(15): fatal error C1083: Cannot open include file: 'rsa.h': No such file or directory [C:\Git\ultrasound\third_party\curl-7.61.0\build\CMakeFiles\CMakeTmp\cmTC_49ac7.vcxproj]

    0 个警告
    1 个错误

已用时间 00:00:00.78

Source:
/* */
#include <windows.h>
#include <winsock.h>
#include <ws2tcpip.h>
#include <winsock2.h>
#include <stdio.h>
#include <sys/stat.h>
#include <sys/types.h>
#include <sys/utime.h>
#include <assert.h>
#include <errno.h>
#include <fcntl.h>
#include <io.h>
#include <locale.h>
#include <rsa.h>


int main(void){return 0;}

Determining if files windows.h;winsock.h;ws2tcpip.h;winsock2.h;stdio.h;sys/stat.h;sys/types.h;sys/utime.h;assert.h;errno.h;fcntl.h;io.h;locale.h;setjmp.h;signal.h;ssl.h exist failed with the following output:
Change Dir: C:/Git/ultrasound/third_party/curl-7.61.0/build/CMakeFiles/CMakeTmp

Run Build Command:"C:/Program Files (x86)/MSBuild/14.0/bin/MSBuild.exe" "cmTC_5efe1.vcxproj" "/p:Configuration=Debug" "/p:VisualStudioVersion=14.0"
Microsoft (R) 生成引擎版本 14.0.25420.1
版权所有(C) Microsoft Corporation。保留所有权利。

生成启动时间为 8/15/2018 12:27:30 AM。
节点 1 上的项目“C:\Git\ultrasound\third_party\curl-7.61.0\build\CMakeFiles\CMakeTmp\cmTC_5efe1.vcxproj”(默认目标)。
PrepareForBuild:
  正在创建目录“cmTC_5efe1.dir\Debug\”。
  正在创建目录“C:\Git\ultrasound\third_party\curl-7.61.0\build\CMakeFiles\CMakeTmp\Debug\”。
  正在创建目录“cmTC_5efe1.dir\Debug\cmTC_5efe1.tlog\”。
InitializeBuildStatus:
  正在创建“cmTC_5efe1.dir\Debug\cmTC_5efe1.tlog\unsuccessfulbuild”，因为已指定“AlwaysCreate”。
ClCompile:
  C:\Program Files (x86)\Microsoft Visual Studio 14.0\VC\bin\CL.exe /c /Zi /W3 /WX- /Od /Ob0 /Oy- /D WIN32 /D _WINDOWS /D _WINSOCKAPI_= /D "CMAKE_INTDIR=\"Debug\"" /D _MBCS /Gm- /RTC1 /MDd /GS /fp:precise /Zc:wchar_t /Zc:forScope /Zc:inline /Fo"cmTC_5efe1.dir\Debug\\" /Fd"cmTC_5efe1.dir\Debug\vc140.pdb" /Gd /TC /analyze- /errorReport:queue "C:\Git\ultrasound\third_party\curl-7.61.0\build\CMakeFiles\CheckIncludeFiles\HAVE_SSL_H.c"
  Microsoft (R) C/C++ Optimizing Compiler Version 19.00.24215.1 for x86
  Copyright (C) Microsoft Corporation.  All rights reserved.
  
  cl /c /Zi /W3 /WX- /Od /Ob0 /Oy- /D WIN32 /D _WINDOWS /D _WINSOCKAPI_= /D "CMAKE_INTDIR=\"Debug\"" /D _MBCS /Gm- /RTC1 /MDd /GS /fp:precise /Zc:wchar_t /Zc:forScope /Zc:inline /Fo"cmTC_5efe1.dir\Debug\\" /Fd"cmTC_5efe1.dir\Debug\vc140.pdb" /Gd /TC /analyze- /errorReport:queue "C:\Git\ultrasound\third_party\curl-7.61.0\build\CMakeFiles\CheckIncludeFiles\HAVE_SSL_H.c"
  
  HAVE_SSL_H.c
C:\Git\ultrasound\third_party\curl-7.61.0\build\CMakeFiles\CheckIncludeFiles\HAVE_SSL_H.c(17): fatal error C1083: Cannot open include file: 'ssl.h': No such file or directory [C:\Git\ultrasound\third_party\curl-7.61.0\build\CMakeFiles\CMakeTmp\cmTC_5efe1.vcxproj]
已完成生成项目“C:\Git\ultrasound\third_party\curl-7.61.0\build\CMakeFiles\CMakeTmp\cmTC_5efe1.vcxproj”(默认目标)的操作 - 失败。

生成失败。

“C:\Git\ultrasound\third_party\curl-7.61.0\build\CMakeFiles\CMakeTmp\cmTC_5efe1.vcxproj”(默认目标) (1) ->
(ClCompile 目标) -> 
  C:\Git\ultrasound\third_party\curl-7.61.0\build\CMakeFiles\CheckIncludeFiles\HAVE_SSL_H.c(17): fatal error C1083: Cannot open include file: 'ssl.h': No such file or directory [C:\Git\ultrasound\third_party\curl-7.61.0\build\CMakeFiles\CMakeTmp\cmTC_5efe1.vcxproj]

    0 个警告
    1 个错误

已用时间 00:00:00.82

Source:
/* */
#include <windows.h>
#include <winsock.h>
#include <ws2tcpip.h>
#include <winsock2.h>
#include <stdio.h>
#include <sys/stat.h>
#include <sys/types.h>
#include <sys/utime.h>
#include <assert.h>
#include <errno.h>
#include <fcntl.h>
#include <io.h>
#include <locale.h>
#include <setjmp.h>
#include <signal.h>
#include <ssl.h>


int main(void){return 0;}

Determining if files windows.h;winsock.h;ws2tcpip.h;winsock2.h;stdio.h;sys/stat.h;sys/types.h;sys/utime.h;assert.h;errno.h;fcntl.h;io.h;locale.h;setjmp.h;signal.h;stdbool.h;stdio.h;stdlib.h;string.h;stropts.h exist failed with the following output:
Change Dir: C:/Git/ultrasound/third_party/curl-7.61.0/build/CMakeFiles/CMakeTmp

Run Build Command:"C:/Program Files (x86)/MSBuild/14.0/bin/MSBuild.exe" "cmTC_486c3.vcxproj" "/p:Configuration=Debug" "/p:VisualStudioVersion=14.0"
Microsoft (R) 生成引擎版本 14.0.25420.1
版权所有(C) Microsoft Corporation。保留所有权利。

生成启动时间为 8/15/2018 12:27:32 AM。
节点 1 上的项目“C:\Git\ultrasound\third_party\curl-7.61.0\build\CMakeFiles\CMakeTmp\cmTC_486c3.vcxproj”(默认目标)。
PrepareForBuild:
  正在创建目录“cmTC_486c3.dir\Debug\”。
  正在创建目录“C:\Git\ultrasound\third_party\curl-7.61.0\build\CMakeFiles\CMakeTmp\Debug\”。
  正在创建目录“cmTC_486c3.dir\Debug\cmTC_486c3.tlog\”。
InitializeBuildStatus:
  正在创建“cmTC_486c3.dir\Debug\cmTC_486c3.tlog\unsuccessfulbuild”，因为已指定“AlwaysCreate”。
ClCompile:
  C:\Program Files (x86)\Microsoft Visual Studio 14.0\VC\bin\CL.exe /c /Zi /W3 /WX- /Od /Ob0 /Oy- /D WIN32 /D _WINDOWS /D _WINSOCKAPI_= /D "CMAKE_INTDIR=\"Debug\"" /D _MBCS /Gm- /RTC1 /MDd /GS /fp:precise /Zc:wchar_t /Zc:forScope /Zc:inline /Fo"cmTC_486c3.dir\Debug\\" /Fd"cmTC_486c3.dir\Debug\vc140.pdb" /Gd /TC /analyze- /errorReport:queue "C:\Git\ultrasound\third_party\curl-7.61.0\build\CMakeFiles\CheckIncludeFiles\HAVE_STROPTS_H.c"
  Microsoft (R) C/C++ Optimizing Compiler Version 19.00.24215.1 for x86
  Copyright (C) Microsoft Corporation.  All rights reserved.
  
  cl /c /Zi /W3 /WX- /Od /Ob0 /Oy- /D WIN32 /D _WINDOWS /D _WINSOCKAPI_= /D "CMAKE_INTDIR=\"Debug\"" /D _MBCS /Gm- /RTC1 /MDd /GS /fp:precise /Zc:wchar_t /Zc:forScope /Zc:inline /Fo"cmTC_486c3.dir\Debug\\" /Fd"cmTC_486c3.dir\Debug\vc140.pdb" /Gd /TC /analyze- /errorReport:queue "C:\Git\ultrasound\third_party\curl-7.61.0\build\CMakeFiles\CheckIncludeFiles\HAVE_STROPTS_H.c"
  
  HAVE_STROPTS_H.c
C:\Git\ultrasound\third_party\curl-7.61.0\build\CMakeFiles\CheckIncludeFiles\HAVE_STROPTS_H.c(21): fatal error C1083: Cannot open include file: 'stropts.h': No such file or directory [C:\Git\ultrasound\third_party\curl-7.61.0\build\CMakeFiles\CMakeTmp\cmTC_486c3.vcxproj]
已完成生成项目“C:\Git\ultrasound\third_party\curl-7.61.0\build\CMakeFiles\CMakeTmp\cmTC_486c3.vcxproj”(默认目标)的操作 - 失败。

生成失败。

“C:\Git\ultrasound\third_party\curl-7.61.0\build\CMakeFiles\CMakeTmp\cmTC_486c3.vcxproj”(默认目标) (1) ->
(ClCompile 目标) -> 
  C:\Git\ultrasound\third_party\curl-7.61.0\build\CMakeFiles\CheckIncludeFiles\HAVE_STROPTS_H.c(21): fatal error C1083: Cannot open include file: 'stropts.h': No such file or directory [C:\Git\ultrasound\third_party\curl-7.61.0\build\CMakeFiles\CMakeTmp\cmTC_486c3.vcxproj]

    0 个警告
    1 个错误

已用时间 00:00:00.87

Source:
/* */
#include <windows.h>
#include <winsock.h>
#include <ws2tcpip.h>
#include <winsock2.h>
#include <stdio.h>
#include <sys/stat.h>
#include <sys/types.h>
#include <sys/utime.h>
#include <assert.h>
#include <errno.h>
#include <fcntl.h>
#include <io.h>
#include <locale.h>
#include <setjmp.h>
#include <signal.h>
#include <stdbool.h>
#include <stdio.h>
#include <stdlib.h>
#include <string.h>
#include <stropts.h>


int main(void){return 0;}

Determining if files windows.h;winsock.h;ws2tcpip.h;winsock2.h;stdio.h;sys/stat.h;sys/types.h;sys/utime.h;assert.h;errno.h;fcntl.h;io.h;locale.h;setjmp.h;signal.h;stdbool.h;stdio.h;stdlib.h;string.h;time.h;process.h;stddef.h;malloc.h;memory.h;sys/utsname.h exist failed with the following output:
Change Dir: C:/Git/ultrasound/third_party/curl-7.61.0/build/CMakeFiles/CMakeTmp

Run Build Command:"C:/Program Files (x86)/MSBuild/14.0/bin/MSBuild.exe" "cmTC_e59f1.vcxproj" "/p:Configuration=Debug" "/p:VisualStudioVersion=14.0"
Microsoft (R) 生成引擎版本 14.0.25420.1
版权所有(C) Microsoft Corporation。保留所有权利。

生成启动时间为 8/15/2018 12:27:35 AM。
节点 1 上的项目“C:\Git\ultrasound\third_party\curl-7.61.0\build\CMakeFiles\CMakeTmp\cmTC_e59f1.vcxproj”(默认目标)。
PrepareForBuild:
  正在创建目录“cmTC_e59f1.dir\Debug\”。
  正在创建目录“C:\Git\ultrasound\third_party\curl-7.61.0\build\CMakeFiles\CMakeTmp\Debug\”。
  正在创建目录“cmTC_e59f1.dir\Debug\cmTC_e59f1.tlog\”。
InitializeBuildStatus:
  正在创建“cmTC_e59f1.dir\Debug\cmTC_e59f1.tlog\unsuccessfulbuild”，因为已指定“AlwaysCreate”。
ClCompile:
  C:\Program Files (x86)\Microsoft Visual Studio 14.0\VC\bin\CL.exe /c /Zi /W3 /WX- /Od /Ob0 /Oy- /D WIN32 /D _WINDOWS /D _WINSOCKAPI_= /D "CMAKE_INTDIR=\"Debug\"" /D _MBCS /Gm- /RTC1 /MDd /GS /fp:precise /Zc:wchar_t /Zc:forScope /Zc:inline /Fo"cmTC_e59f1.dir\Debug\\" /Fd"cmTC_e59f1.dir\Debug\vc140.pdb" /Gd /TC /analyze- /errorReport:queue "C:\Git\ultrasound\third_party\curl-7.61.0\build\CMakeFiles\CheckIncludeFiles\HAVE_SYS_UTSNAME_H.c"
  Microsoft (R) C/C++ Optimizing Compiler Version 19.00.24215.1 for x86
  Copyright (C) Microsoft Corporation.  All rights reserved.
  
  cl /c /Zi /W3 /WX- /Od /Ob0 /Oy- /D WIN32 /D _WINDOWS /D _WINSOCKAPI_= /D "CMAKE_INTDIR=\"Debug\"" /D _MBCS /Gm- /RTC1 /MDd /GS /fp:precise /Zc:wchar_t /Zc:forScope /Zc:inline /Fo"cmTC_e59f1.dir\Debug\\" /Fd"cmTC_e59f1.dir\Debug\vc140.pdb" /Gd /TC /analyze- /errorReport:queue "C:\Git\ultrasound\third_party\curl-7.61.0\build\CMakeFiles\CheckIncludeFiles\HAVE_SYS_UTSNAME_H.c"
  
  HAVE_SYS_UTSNAME_H.c
C:\Git\ultrasound\third_party\curl-7.61.0\build\CMakeFiles\CheckIncludeFiles\HAVE_SYS_UTSNAME_H.c(26): fatal error C1083: Cannot open include file: 'sys/utsname.h': No such file or directory [C:\Git\ultrasound\third_party\curl-7.61.0\build\CMakeFiles\CMakeTmp\cmTC_e59f1.vcxproj]
已完成生成项目“C:\Git\ultrasound\third_party\curl-7.61.0\build\CMakeFiles\CMakeTmp\cmTC_e59f1.vcxproj”(默认目标)的操作 - 失败。

生成失败。

“C:\Git\ultrasound\third_party\curl-7.61.0\build\CMakeFiles\CMakeTmp\cmTC_e59f1.vcxproj”(默认目标) (1) ->
(ClCompile 目标) -> 
  C:\Git\ultrasound\third_party\curl-7.61.0\build\CMakeFiles\CheckIncludeFiles\HAVE_SYS_UTSNAME_H.c(26): fatal error C1083: Cannot open include file: 'sys/utsname.h': No such file or directory [C:\Git\ultrasound\third_party\curl-7.61.0\build\CMakeFiles\CMakeTmp\cmTC_e59f1.vcxproj]

    0 个警告
    1 个错误

已用时间 00:00:00.81

Source:
/* */
#include <windows.h>
#include <winsock.h>
#include <ws2tcpip.h>
#include <winsock2.h>
#include <stdio.h>
#include <sys/stat.h>
#include <sys/types.h>
#include <sys/utime.h>
#include <assert.h>
#include <errno.h>
#include <fcntl.h>
#include <io.h>
#include <locale.h>
#include <setjmp.h>
#include <signal.h>
#include <stdbool.h>
#include <stdio.h>
#include <stdlib.h>
#include <string.h>
#include <time.h>
#include <process.h>
#include <stddef.h>
#include <malloc.h>
#include <memory.h>
#include <sys/utsname.h>


int main(void){return 0;}

Determining size of ssize_t failed with the following output:
Change Dir: C:/Git/ultrasound/third_party/curl-7.61.0/build/CMakeFiles/CMakeTmp

Run Build Command:"C:/Program Files (x86)/MSBuild/14.0/bin/MSBuild.exe" "cmTC_a0213.vcxproj" "/p:Configuration=Debug" "/p:VisualStudioVersion=14.0"
Microsoft (R) 生成引擎版本 14.0.25420.1
版权所有(C) Microsoft Corporation。保留所有权利。

生成启动时间为 8/15/2018 12:27:37 AM。
节点 1 上的项目“C:\Git\ultrasound\third_party\curl-7.61.0\build\CMakeFiles\CMakeTmp\cmTC_a0213.vcxproj”(默认目标)。
PrepareForBuild:
  正在创建目录“cmTC_a0213.dir\Debug\”。
  正在创建目录“C:\Git\ultrasound\third_party\curl-7.61.0\build\CMakeFiles\CMakeTmp\Debug\”。
  正在创建目录“cmTC_a0213.dir\Debug\cmTC_a0213.tlog\”。
InitializeBuildStatus:
  正在创建“cmTC_a0213.dir\Debug\cmTC_a0213.tlog\unsuccessfulbuild”，因为已指定“AlwaysCreate”。
ClCompile:
  C:\Program Files (x86)\Microsoft Visual Studio 14.0\VC\bin\CL.exe /c /Zi /W3 /WX- /Od /Ob0 /Oy- /D WIN32 /D _WINDOWS /D _WINSOCKAPI_= /D "CMAKE_INTDIR=\"Debug\"" /D _MBCS /Gm- /RTC1 /MDd /GS /fp:precise /Zc:wchar_t /Zc:forScope /Zc:inline /Fo"cmTC_a0213.dir\Debug\\" /Fd"cmTC_a0213.dir\Debug\vc140.pdb" /Gd /TC /analyze- /errorReport:queue "C:\Git\ultrasound\third_party\curl-7.61.0\build\CMakeFiles\CheckTypeSize\SIZEOF_SSIZE_T.c"
  Microsoft (R) C/C++ Optimizing Compiler Version 19.00.24215.1 for x86
  Copyright (C) Microsoft Corporation.  All rights reserved.
  
  cl /c /Zi /W3 /WX- /Od /Ob0 /Oy- /D WIN32 /D _WINDOWS /D _WINSOCKAPI_= /D "CMAKE_INTDIR=\"Debug\"" /D _MBCS /Gm- /RTC1 /MDd /GS /fp:precise /Zc:wchar_t /Zc:forScope /Zc:inline /Fo"cmTC_a0213.dir\Debug\\" /Fd"cmTC_a0213.dir\Debug\vc140.pdb" /Gd /TC /analyze- /errorReport:queue "C:\Git\ultrasound\third_party\curl-7.61.0\build\CMakeFiles\CheckTypeSize\SIZEOF_SSIZE_T.c"
  
  SIZEOF_SSIZE_T.c
C:\Git\ultrasound\third_party\curl-7.61.0\build\CMakeFiles\CheckTypeSize\SIZEOF_SSIZE_T.c(24): error C2065: 'ssize_t': undeclared identifier [C:\Git\ultrasound\third_party\curl-7.61.0\build\CMakeFiles\CMakeTmp\cmTC_a0213.vcxproj]
C:\Git\ultrasound\third_party\curl-7.61.0\build\CMakeFiles\CheckTypeSize\SIZEOF_SSIZE_T.c(25): error C2065: 'ssize_t': undeclared identifier [C:\Git\ultrasound\third_party\curl-7.61.0\build\CMakeFiles\CMakeTmp\cmTC_a0213.vcxproj]
C:\Git\ultrasound\third_party\curl-7.61.0\build\CMakeFiles\CheckTypeSize\SIZEOF_SSIZE_T.c(26): error C2065: 'ssize_t': undeclared identifier [C:\Git\ultrasound\third_party\curl-7.61.0\build\CMakeFiles\CMakeTmp\cmTC_a0213.vcxproj]
C:\Git\ultrasound\third_party\curl-7.61.0\build\CMakeFiles\CheckTypeSize\SIZEOF_SSIZE_T.c(27): error C2065: 'ssize_t': undeclared identifier [C:\Git\ultrasound\third_party\curl-7.61.0\build\CMakeFiles\CMakeTmp\cmTC_a0213.vcxproj]
C:\Git\ultrasound\third_party\curl-7.61.0\build\CMakeFiles\CheckTypeSize\SIZEOF_SSIZE_T.c(28): error C2065: 'ssize_t': undeclared identifier [C:\Git\ultrasound\third_party\curl-7.61.0\build\CMakeFiles\CMakeTmp\cmTC_a0213.vcxproj]
已完成生成项目“C:\Git\ultrasound\third_party\curl-7.61.0\build\CMakeFiles\CMakeTmp\cmTC_a0213.vcxproj”(默认目标)的操作 - 失败。

生成失败。

“C:\Git\ultrasound\third_party\curl-7.61.0\build\CMakeFiles\CMakeTmp\cmTC_a0213.vcxproj”(默认目标) (1) ->
(ClCompile 目标) -> 
  C:\Git\ultrasound\third_party\curl-7.61.0\build\CMakeFiles\CheckTypeSize\SIZEOF_SSIZE_T.c(24): error C2065: 'ssize_t': undeclared identifier [C:\Git\ultrasound\third_party\curl-7.61.0\build\CMakeFiles\CMakeTmp\cmTC_a0213.vcxproj]
  C:\Git\ultrasound\third_party\curl-7.61.0\build\CMakeFiles\CheckTypeSize\SIZEOF_SSIZE_T.c(25): error C2065: 'ssize_t': undeclared identifier [C:\Git\ultrasound\third_party\curl-7.61.0\build\CMakeFiles\CMakeTmp\cmTC_a0213.vcxproj]
  C:\Git\ultrasound\third_party\curl-7.61.0\build\CMakeFiles\CheckTypeSize\SIZEOF_SSIZE_T.c(26): error C2065: 'ssize_t': undeclared identifier [C:\Git\ultrasound\third_party\curl-7.61.0\build\CMakeFiles\CMakeTmp\cmTC_a0213.vcxproj]
  C:\Git\ultrasound\third_party\curl-7.61.0\build\CMakeFiles\CheckTypeSize\SIZEOF_SSIZE_T.c(27): error C2065: 'ssize_t': undeclared identifier [C:\Git\ultrasound\third_party\curl-7.61.0\build\CMakeFiles\CMakeTmp\cmTC_a0213.vcxproj]
  C:\Git\ultrasound\third_party\curl-7.61.0\build\CMakeFiles\CheckTypeSize\SIZEOF_SSIZE_T.c(28): error C2065: 'ssize_t': undeclared identifier [C:\Git\ultrasound\third_party\curl-7.61.0\build\CMakeFiles\CMakeTmp\cmTC_a0213.vcxproj]

    0 个警告
    5 个错误

已用时间 00:00:00.46

C:/Git/ultrasound/third_party/curl-7.61.0/build/CMakeFiles/CheckTypeSize/SIZEOF_SSIZE_T.c:
#include <sys/types.h>
#include <stddef.h>


#undef KEY
#if defined(__i386)
# define KEY '_','_','i','3','8','6'
#elif defined(__x86_64)
# define KEY '_','_','x','8','6','_','6','4'
#elif defined(__ppc__)
# define KEY '_','_','p','p','c','_','_'
#elif defined(__ppc64__)
# define KEY '_','_','p','p','c','6','4','_','_'
#elif defined(__aarch64__)
# define KEY '_','_','a','a','r','c','h','6','4','_','_'
#elif defined(__ARM_ARCH_7A__)
# define KEY '_','_','A','R','M','_','A','R','C','H','_','7','A','_','_'
#elif defined(__ARM_ARCH_7S__)
# define KEY '_','_','A','R','M','_','A','R','C','H','_','7','S','_','_'
#endif

#define SIZE (sizeof(ssize_t))
char info_size[] =  {'I', 'N', 'F', 'O', ':', 's','i','z','e','[',
  ('0' + ((SIZE / 10000)%10)),
  ('0' + ((SIZE / 1000)%10)),
  ('0' + ((SIZE / 100)%10)),
  ('0' + ((SIZE / 10)%10)),
  ('0' +  (SIZE    % 10)),
  ']',
#ifdef KEY
  ' ','k','e','y','[', KEY, ']',
#endif
  '\0'};

#ifdef __CLASSIC_C__
int main(argc, argv) int argc; char *argv[];
#else
int main(int argc, char *argv[])
#endif
{
  int require = 0;
  require += info_size[argc];
  (void)argv;
  return require;
}


Determining if the basename exist failed with the following output:
Change Dir: C:/Git/ultrasound/third_party/curl-7.61.0/build/CMakeFiles/CMakeTmp

Run Build Command:"C:/Program Files (x86)/MSBuild/14.0/bin/MSBuild.exe" "cmTC_0b51a.vcxproj" "/p:Configuration=Debug" "/p:VisualStudioVersion=14.0"
Microsoft (R) 生成引擎版本 14.0.25420.1
版权所有(C) Microsoft Corporation。保留所有权利。

生成启动时间为 8/15/2018 12:27:45 AM。
节点 1 上的项目“C:\Git\ultrasound\third_party\curl-7.61.0\build\CMakeFiles\CMakeTmp\cmTC_0b51a.vcxproj”(默认目标)。
PrepareForBuild:
  正在创建目录“cmTC_0b51a.dir\Debug\”。
  正在创建目录“C:\Git\ultrasound\third_party\curl-7.61.0\build\CMakeFiles\CMakeTmp\Debug\”。
  正在创建目录“cmTC_0b51a.dir\Debug\cmTC_0b51a.tlog\”。
InitializeBuildStatus:
  正在创建“cmTC_0b51a.dir\Debug\cmTC_0b51a.tlog\unsuccessfulbuild”，因为已指定“AlwaysCreate”。
ClCompile:
  C:\Program Files (x86)\Microsoft Visual Studio 14.0\VC\bin\CL.exe /c /Zi /W3 /WX- /Od /Ob0 /Oy- /D WIN32 /D _WINDOWS /D _WINSOCKAPI_= /D "CMAKE_INTDIR=\"Debug\"" /D _MBCS /Gm- /RTC1 /MDd /GS /fp:precise /Zc:wchar_t /Zc:forScope /Zc:inline /Fo"cmTC_0b51a.dir\Debug\\" /Fd"cmTC_0b51a.dir\Debug\vc140.pdb" /Gd /TC /analyze- /errorReport:queue "C:\Git\ultrasound\third_party\curl-7.61.0\build\CMakeFiles\CMakeTmp\CheckSymbolExists.c"
  Microsoft (R) C/C++ Optimizing Compiler Version 19.00.24215.1 for x86
  Copyright (C) Microsoft Corporation.  All rights reserved.
  
  cl /c /Zi /W3 /WX- /Od /Ob0 /Oy- /D WIN32 /D _WINDOWS /D _WINSOCKAPI_= /D "CMAKE_INTDIR=\"Debug\"" /D _MBCS /Gm- /RTC1 /MDd /GS /fp:precise /Zc:wchar_t /Zc:forScope /Zc:inline /Fo"cmTC_0b51a.dir\Debug\\" /Fd"cmTC_0b51a.dir\Debug\vc140.pdb" /Gd /TC /analyze- /errorReport:queue "C:\Git\ultrasound\third_party\curl-7.61.0\build\CMakeFiles\CMakeTmp\CheckSymbolExists.c"
  
  CheckSymbolExists.c
C:\Git\ultrasound\third_party\curl-7.61.0\build\CMakeFiles\CMakeTmp\CheckSymbolExists.c(31): error C2065: 'basename': undeclared identifier [C:\Git\ultrasound\third_party\curl-7.61.0\build\CMakeFiles\CMakeTmp\cmTC_0b51a.vcxproj]
已完成生成项目“C:\Git\ultrasound\third_party\curl-7.61.0\build\CMakeFiles\CMakeTmp\cmTC_0b51a.vcxproj”(默认目标)的操作 - 失败。

生成失败。

“C:\Git\ultrasound\third_party\curl-7.61.0\build\CMakeFiles\CMakeTmp\cmTC_0b51a.vcxproj”(默认目标) (1) ->
(ClCompile 目标) -> 
  C:\Git\ultrasound\third_party\curl-7.61.0\build\CMakeFiles\CMakeTmp\CheckSymbolExists.c(31): error C2065: 'basename': undeclared identifier [C:\Git\ultrasound\third_party\curl-7.61.0\build\CMakeFiles\CMakeTmp\cmTC_0b51a.vcxproj]

    0 个警告
    1 个错误

已用时间 00:00:00.82

File C:/Git/ultrasound/third_party/curl-7.61.0/build/CMakeFiles/CMakeTmp/CheckSymbolExists.c:
/* */
#include <windows.h>
#include <winsock.h>
#include <ws2tcpip.h>
#include <winsock2.h>
#include <stdio.h>
#include <sys/stat.h>
#include <sys/types.h>
#include <sys/utime.h>
#include <assert.h>
#include <errno.h>
#include <fcntl.h>
#include <io.h>
#include <locale.h>
#include <setjmp.h>
#include <signal.h>
#include <stdbool.h>
#include <stdio.h>
#include <stdlib.h>
#include <string.h>
#include <time.h>
#include <process.h>
#include <stddef.h>
#include <malloc.h>
#include <memory.h>

int main(int argc, char** argv)
{
  (void)argv;
#ifndef basename
  return ((int*)(&basename))[argc];
#else
  (void)argc;
  return 0;
#endif
}

Determining if the strncmpi exist failed with the following output:
Change Dir: C:/Git/ultrasound/third_party/curl-7.61.0/build/CMakeFiles/CMakeTmp

Run Build Command:"C:/Program Files (x86)/MSBuild/14.0/bin/MSBuild.exe" "cmTC_6f68d.vcxproj" "/p:Configuration=Debug" "/p:VisualStudioVersion=14.0"
Microsoft (R) 生成引擎版本 14.0.25420.1
版权所有(C) Microsoft Corporation。保留所有权利。

生成启动时间为 8/15/2018 12:27:46 AM。
节点 1 上的项目“C:\Git\ultrasound\third_party\curl-7.61.0\build\CMakeFiles\CMakeTmp\cmTC_6f68d.vcxproj”(默认目标)。
PrepareForBuild:
  正在创建目录“cmTC_6f68d.dir\Debug\”。
  正在创建目录“C:\Git\ultrasound\third_party\curl-7.61.0\build\CMakeFiles\CMakeTmp\Debug\”。
  正在创建目录“cmTC_6f68d.dir\Debug\cmTC_6f68d.tlog\”。
InitializeBuildStatus:
  正在创建“cmTC_6f68d.dir\Debug\cmTC_6f68d.tlog\unsuccessfulbuild”，因为已指定“AlwaysCreate”。
ClCompile:
  C:\Program Files (x86)\Microsoft Visual Studio 14.0\VC\bin\CL.exe /c /Zi /W3 /WX- /Od /Ob0 /Oy- /D WIN32 /D _WINDOWS /D _WINSOCKAPI_= /D "CMAKE_INTDIR=\"Debug\"" /D _MBCS /Gm- /RTC1 /MDd /GS /fp:precise /Zc:wchar_t /Zc:forScope /Zc:inline /Fo"cmTC_6f68d.dir\Debug\\" /Fd"cmTC_6f68d.dir\Debug\vc140.pdb" /Gd /TC /analyze- /errorReport:queue "C:\Git\ultrasound\third_party\curl-7.61.0\build\CMakeFiles\CMakeTmp\CheckSymbolExists.c"
  Microsoft (R) C/C++ Optimizing Compiler Version 19.00.24215.1 for x86
  Copyright (C) Microsoft Corporation.  All rights reserved.
  
  cl /c /Zi /W3 /WX- /Od /Ob0 /Oy- /D WIN32 /D _WINDOWS /D _WINSOCKAPI_= /D "CMAKE_INTDIR=\"Debug\"" /D _MBCS /Gm- /RTC1 /MDd /GS /fp:precise /Zc:wchar_t /Zc:forScope /Zc:inline /Fo"cmTC_6f68d.dir\Debug\\" /Fd"cmTC_6f68d.dir\Debug\vc140.pdb" /Gd /TC /analyze- /errorReport:queue "C:\Git\ultrasound\third_party\curl-7.61.0\build\CMakeFiles\CMakeTmp\CheckSymbolExists.c"
  
  CheckSymbolExists.c
C:\Git\ultrasound\third_party\curl-7.61.0\build\CMakeFiles\CMakeTmp\CheckSymbolExists.c(31): error C2065: 'strncmpi': undeclared identifier [C:\Git\ultrasound\third_party\curl-7.61.0\build\CMakeFiles\CMakeTmp\cmTC_6f68d.vcxproj]
已完成生成项目“C:\Git\ultrasound\third_party\curl-7.61.0\build\CMakeFiles\CMakeTmp\cmTC_6f68d.vcxproj”(默认目标)的操作 - 失败。

生成失败。

“C:\Git\ultrasound\third_party\curl-7.61.0\build\CMakeFiles\CMakeTmp\cmTC_6f68d.vcxproj”(默认目标) (1) ->
(ClCompile 目标) -> 
  C:\Git\ultrasound\third_party\curl-7.61.0\build\CMakeFiles\CMakeTmp\CheckSymbolExists.c(31): error C2065: 'strncmpi': undeclared identifier [C:\Git\ultrasound\third_party\curl-7.61.0\build\CMakeFiles\CMakeTmp\cmTC_6f68d.vcxproj]

    0 个警告
    1 个错误

已用时间 00:00:00.78

File C:/Git/ultrasound/third_party/curl-7.61.0/build/CMakeFiles/CMakeTmp/CheckSymbolExists.c:
/* */
#include <windows.h>
#include <winsock.h>
#include <ws2tcpip.h>
#include <winsock2.h>
#include <stdio.h>
#include <sys/stat.h>
#include <sys/types.h>
#include <sys/utime.h>
#include <assert.h>
#include <errno.h>
#include <fcntl.h>
#include <io.h>
#include <locale.h>
#include <setjmp.h>
#include <signal.h>
#include <stdbool.h>
#include <stdio.h>
#include <stdlib.h>
#include <string.h>
#include <time.h>
#include <process.h>
#include <stddef.h>
#include <malloc.h>
#include <memory.h>

int main(int argc, char** argv)
{
  (void)argv;
#ifndef strncmpi
  return ((int*)(&strncmpi))[argc];
#else
  (void)argc;
  return 0;
#endif
}

Determining if the alarm exist failed with the following output:
Change Dir: C:/Git/ultrasound/third_party/curl-7.61.0/build/CMakeFiles/CMakeTmp

Run Build Command:"C:/Program Files (x86)/MSBuild/14.0/bin/MSBuild.exe" "cmTC_10311.vcxproj" "/p:Configuration=Debug" "/p:VisualStudioVersion=14.0"
Microsoft (R) 生成引擎版本 14.0.25420.1
版权所有(C) Microsoft Corporation。保留所有权利。

生成启动时间为 8/15/2018 12:27:47 AM。
节点 1 上的项目“C:\Git\ultrasound\third_party\curl-7.61.0\build\CMakeFiles\CMakeTmp\cmTC_10311.vcxproj”(默认目标)。
PrepareForBuild:
  正在创建目录“cmTC_10311.dir\Debug\”。
  正在创建目录“C:\Git\ultrasound\third_party\curl-7.61.0\build\CMakeFiles\CMakeTmp\Debug\”。
  正在创建目录“cmTC_10311.dir\Debug\cmTC_10311.tlog\”。
InitializeBuildStatus:
  正在创建“cmTC_10311.dir\Debug\cmTC_10311.tlog\unsuccessfulbuild”，因为已指定“AlwaysCreate”。
ClCompile:
  C:\Program Files (x86)\Microsoft Visual Studio 14.0\VC\bin\CL.exe /c /Zi /W3 /WX- /Od /Ob0 /Oy- /D WIN32 /D _WINDOWS /D _WINSOCKAPI_= /D "CMAKE_INTDIR=\"Debug\"" /D _MBCS /Gm- /RTC1 /MDd /GS /fp:precise /Zc:wchar_t /Zc:forScope /Zc:inline /Fo"cmTC_10311.dir\Debug\\" /Fd"cmTC_10311.dir\Debug\vc140.pdb" /Gd /TC /analyze- /errorReport:queue "C:\Git\ultrasound\third_party\curl-7.61.0\build\CMakeFiles\CMakeTmp\CheckSymbolExists.c"
  Microsoft (R) C/C++ Optimizing Compiler Version 19.00.24215.1 for x86
  Copyright (C) Microsoft Corporation.  All rights reserved.
  
  cl /c /Zi /W3 /WX- /Od /Ob0 /Oy- /D WIN32 /D _WINDOWS /D _WINSOCKAPI_= /D "CMAKE_INTDIR=\"Debug\"" /D _MBCS /Gm- /RTC1 /MDd /GS /fp:precise /Zc:wchar_t /Zc:forScope /Zc:inline /Fo"cmTC_10311.dir\Debug\\" /Fd"cmTC_10311.dir\Debug\vc140.pdb" /Gd /TC /analyze- /errorReport:queue "C:\Git\ultrasound\third_party\curl-7.61.0\build\CMakeFiles\CMakeTmp\CheckSymbolExists.c"
  
  CheckSymbolExists.c
C:\Git\ultrasound\third_party\curl-7.61.0\build\CMakeFiles\CMakeTmp\CheckSymbolExists.c(31): error C2065: 'alarm': undeclared identifier [C:\Git\ultrasound\third_party\curl-7.61.0\build\CMakeFiles\CMakeTmp\cmTC_10311.vcxproj]
已完成生成项目“C:\Git\ultrasound\third_party\curl-7.61.0\build\CMakeFiles\CMakeTmp\cmTC_10311.vcxproj”(默认目标)的操作 - 失败。

生成失败。

“C:\Git\ultrasound\third_party\curl-7.61.0\build\CMakeFiles\CMakeTmp\cmTC_10311.vcxproj”(默认目标) (1) ->
(ClCompile 目标) -> 
  C:\Git\ultrasound\third_party\curl-7.61.0\build\CMakeFiles\CMakeTmp\CheckSymbolExists.c(31): error C2065: 'alarm': undeclared identifier [C:\Git\ultrasound\third_party\curl-7.61.0\build\CMakeFiles\CMakeTmp\cmTC_10311.vcxproj]

    0 个警告
    1 个错误

已用时间 00:00:00.78

File C:/Git/ultrasound/third_party/curl-7.61.0/build/CMakeFiles/CMakeTmp/CheckSymbolExists.c:
/* */
#include <windows.h>
#include <winsock.h>
#include <ws2tcpip.h>
#include <winsock2.h>
#include <stdio.h>
#include <sys/stat.h>
#include <sys/types.h>
#include <sys/utime.h>
#include <assert.h>
#include <errno.h>
#include <fcntl.h>
#include <io.h>
#include <locale.h>
#include <setjmp.h>
#include <signal.h>
#include <stdbool.h>
#include <stdio.h>
#include <stdlib.h>
#include <string.h>
#include <time.h>
#include <process.h>
#include <stddef.h>
#include <malloc.h>
#include <memory.h>

int main(int argc, char** argv)
{
  (void)argv;
#ifndef alarm
  return ((int*)(&alarm))[argc];
#else
  (void)argc;
  return 0;
#endif
}

Determining if the getpwuid_r exist failed with the following output:
Change Dir: C:/Git/ultrasound/third_party/curl-7.61.0/build/CMakeFiles/CMakeTmp

Run Build Command:"C:/Program Files (x86)/MSBuild/14.0/bin/MSBuild.exe" "cmTC_a35fa.vcxproj" "/p:Configuration=Debug" "/p:VisualStudioVersion=14.0"
Microsoft (R) 生成引擎版本 14.0.25420.1
版权所有(C) Microsoft Corporation。保留所有权利。

生成启动时间为 8/15/2018 12:27:48 AM。
节点 1 上的项目“C:\Git\ultrasound\third_party\curl-7.61.0\build\CMakeFiles\CMakeTmp\cmTC_a35fa.vcxproj”(默认目标)。
PrepareForBuild:
  正在创建目录“cmTC_a35fa.dir\Debug\”。
  正在创建目录“C:\Git\ultrasound\third_party\curl-7.61.0\build\CMakeFiles\CMakeTmp\Debug\”。
  正在创建目录“cmTC_a35fa.dir\Debug\cmTC_a35fa.tlog\”。
InitializeBuildStatus:
  正在创建“cmTC_a35fa.dir\Debug\cmTC_a35fa.tlog\unsuccessfulbuild”，因为已指定“AlwaysCreate”。
ClCompile:
  C:\Program Files (x86)\Microsoft Visual Studio 14.0\VC\bin\CL.exe /c /Zi /W3 /WX- /Od /Ob0 /Oy- /D WIN32 /D _WINDOWS /D _WINSOCKAPI_= /D "CMAKE_INTDIR=\"Debug\"" /D _MBCS /Gm- /RTC1 /MDd /GS /fp:precise /Zc:wchar_t /Zc:forScope /Zc:inline /Fo"cmTC_a35fa.dir\Debug\\" /Fd"cmTC_a35fa.dir\Debug\vc140.pdb" /Gd /TC /analyze- /errorReport:queue "C:\Git\ultrasound\third_party\curl-7.61.0\build\CMakeFiles\CMakeTmp\CheckSymbolExists.c"
  Microsoft (R) C/C++ Optimizing Compiler Version 19.00.24215.1 for x86
  Copyright (C) Microsoft Corporation.  All rights reserved.
  
  cl /c /Zi /W3 /WX- /Od /Ob0 /Oy- /D WIN32 /D _WINDOWS /D _WINSOCKAPI_= /D "CMAKE_INTDIR=\"Debug\"" /D _MBCS /Gm- /RTC1 /MDd /GS /fp:precise /Zc:wchar_t /Zc:forScope /Zc:inline /Fo"cmTC_a35fa.dir\Debug\\" /Fd"cmTC_a35fa.dir\Debug\vc140.pdb" /Gd /TC /analyze- /errorReport:queue "C:\Git\ultrasound\third_party\curl-7.61.0\build\CMakeFiles\CMakeTmp\CheckSymbolExists.c"
  
  CheckSymbolExists.c
C:\Git\ultrasound\third_party\curl-7.61.0\build\CMakeFiles\CMakeTmp\CheckSymbolExists.c(31): error C2065: 'getpwuid_r': undeclared identifier [C:\Git\ultrasound\third_party\curl-7.61.0\build\CMakeFiles\CMakeTmp\cmTC_a35fa.vcxproj]
已完成生成项目“C:\Git\ultrasound\third_party\curl-7.61.0\build\CMakeFiles\CMakeTmp\cmTC_a35fa.vcxproj”(默认目标)的操作 - 失败。

生成失败。

“C:\Git\ultrasound\third_party\curl-7.61.0\build\CMakeFiles\CMakeTmp\cmTC_a35fa.vcxproj”(默认目标) (1) ->
(ClCompile 目标) -> 
  C:\Git\ultrasound\third_party\curl-7.61.0\build\CMakeFiles\CMakeTmp\CheckSymbolExists.c(31): error C2065: 'getpwuid_r': undeclared identifier [C:\Git\ultrasound\third_party\curl-7.61.0\build\CMakeFiles\CMakeTmp\cmTC_a35fa.vcxproj]

    0 个警告
    1 个错误

已用时间 00:00:00.77

File C:/Git/ultrasound/third_party/curl-7.61.0/build/CMakeFiles/CMakeTmp/CheckSymbolExists.c:
/* */
#include <windows.h>
#include <winsock.h>
#include <ws2tcpip.h>
#include <winsock2.h>
#include <stdio.h>
#include <sys/stat.h>
#include <sys/types.h>
#include <sys/utime.h>
#include <assert.h>
#include <errno.h>
#include <fcntl.h>
#include <io.h>
#include <locale.h>
#include <setjmp.h>
#include <signal.h>
#include <stdbool.h>
#include <stdio.h>
#include <stdlib.h>
#include <string.h>
#include <time.h>
#include <process.h>
#include <stddef.h>
#include <malloc.h>
#include <memory.h>

int main(int argc, char** argv)
{
  (void)argv;
#ifndef getpwuid_r
  return ((int*)(&getpwuid_r))[argc];
#else
  (void)argc;
  return 0;
#endif
}

Determining if the strerror_r exist failed with the following output:
Change Dir: C:/Git/ultrasound/third_party/curl-7.61.0/build/CMakeFiles/CMakeTmp

Run Build Command:"C:/Program Files (x86)/MSBuild/14.0/bin/MSBuild.exe" "cmTC_b6900.vcxproj" "/p:Configuration=Debug" "/p:VisualStudioVersion=14.0"
Microsoft (R) 生成引擎版本 14.0.25420.1
版权所有(C) Microsoft Corporation。保留所有权利。

生成启动时间为 8/15/2018 12:27:54 AM。
节点 1 上的项目“C:\Git\ultrasound\third_party\curl-7.61.0\build\CMakeFiles\CMakeTmp\cmTC_b6900.vcxproj”(默认目标)。
PrepareForBuild:
  正在创建目录“cmTC_b6900.dir\Debug\”。
  正在创建目录“C:\Git\ultrasound\third_party\curl-7.61.0\build\CMakeFiles\CMakeTmp\Debug\”。
  正在创建目录“cmTC_b6900.dir\Debug\cmTC_b6900.tlog\”。
InitializeBuildStatus:
  正在创建“cmTC_b6900.dir\Debug\cmTC_b6900.tlog\unsuccessfulbuild”，因为已指定“AlwaysCreate”。
ClCompile:
  C:\Program Files (x86)\Microsoft Visual Studio 14.0\VC\bin\CL.exe /c /Zi /W3 /WX- /Od /Ob0 /Oy- /D WIN32 /D _WINDOWS /D _WINSOCKAPI_= /D "CMAKE_INTDIR=\"Debug\"" /D _MBCS /Gm- /RTC1 /MDd /GS /fp:precise /Zc:wchar_t /Zc:forScope /Zc:inline /Fo"cmTC_b6900.dir\Debug\\" /Fd"cmTC_b6900.dir\Debug\vc140.pdb" /Gd /TC /analyze- /errorReport:queue "C:\Git\ultrasound\third_party\curl-7.61.0\build\CMakeFiles\CMakeTmp\CheckSymbolExists.c"
  Microsoft (R) C/C++ Optimizing Compiler Version 19.00.24215.1 for x86
  Copyright (C) Microsoft Corporation.  All rights reserved.
  
  cl /c /Zi /W3 /WX- /Od /Ob0 /Oy- /D WIN32 /D _WINDOWS /D _WINSOCKAPI_= /D "CMAKE_INTDIR=\"Debug\"" /D _MBCS /Gm- /RTC1 /MDd /GS /fp:precise /Zc:wchar_t /Zc:forScope /Zc:inline /Fo"cmTC_b6900.dir\Debug\\" /Fd"cmTC_b6900.dir\Debug\vc140.pdb" /Gd /TC /analyze- /errorReport:queue "C:\Git\ultrasound\third_party\curl-7.61.0\build\CMakeFiles\CMakeTmp\CheckSymbolExists.c"
  
  CheckSymbolExists.c
C:\Git\ultrasound\third_party\curl-7.61.0\build\CMakeFiles\CMakeTmp\CheckSymbolExists.c(31): error C2065: 'strerror_r': undeclared identifier [C:\Git\ultrasound\third_party\curl-7.61.0\build\CMakeFiles\CMakeTmp\cmTC_b6900.vcxproj]
已完成生成项目“C:\Git\ultrasound\third_party\curl-7.61.0\build\CMakeFiles\CMakeTmp\cmTC_b6900.vcxproj”(默认目标)的操作 - 失败。

生成失败。

“C:\Git\ultrasound\third_party\curl-7.61.0\build\CMakeFiles\CMakeTmp\cmTC_b6900.vcxproj”(默认目标) (1) ->
(ClCompile 目标) -> 
  C:\Git\ultrasound\third_party\curl-7.61.0\build\CMakeFiles\CMakeTmp\CheckSymbolExists.c(31): error C2065: 'strerror_r': undeclared identifier [C:\Git\ultrasound\third_party\curl-7.61.0\build\CMakeFiles\CMakeTmp\cmTC_b6900.vcxproj]

    0 个警告
    1 个错误

已用时间 00:00:00.79

File C:/Git/ultrasound/third_party/curl-7.61.0/build/CMakeFiles/CMakeTmp/CheckSymbolExists.c:
/* */
#include <windows.h>
#include <winsock.h>
#include <ws2tcpip.h>
#include <winsock2.h>
#include <stdio.h>
#include <sys/stat.h>
#include <sys/types.h>
#include <sys/utime.h>
#include <assert.h>
#include <errno.h>
#include <fcntl.h>
#include <io.h>
#include <locale.h>
#include <setjmp.h>
#include <signal.h>
#include <stdbool.h>
#include <stdio.h>
#include <stdlib.h>
#include <string.h>
#include <time.h>
#include <process.h>
#include <stddef.h>
#include <malloc.h>
#include <memory.h>

int main(int argc, char** argv)
{
  (void)argv;
#ifndef strerror_r
  return ((int*)(&strerror_r))[argc];
#else
  (void)argc;
  return 0;
#endif
}

Determining if the siginterrupt exist failed with the following output:
Change Dir: C:/Git/ultrasound/third_party/curl-7.61.0/build/CMakeFiles/CMakeTmp

Run Build Command:"C:/Program Files (x86)/MSBuild/14.0/bin/MSBuild.exe" "cmTC_465d1.vcxproj" "/p:Configuration=Debug" "/p:VisualStudioVersion=14.0"
Microsoft (R) 生成引擎版本 14.0.25420.1
版权所有(C) Microsoft Corporation。保留所有权利。

生成启动时间为 8/15/2018 12:27:55 AM。
节点 1 上的项目“C:\Git\ultrasound\third_party\curl-7.61.0\build\CMakeFiles\CMakeTmp\cmTC_465d1.vcxproj”(默认目标)。
PrepareForBuild:
  正在创建目录“cmTC_465d1.dir\Debug\”。
  正在创建目录“C:\Git\ultrasound\third_party\curl-7.61.0\build\CMakeFiles\CMakeTmp\Debug\”。
  正在创建目录“cmTC_465d1.dir\Debug\cmTC_465d1.tlog\”。
InitializeBuildStatus:
  正在创建“cmTC_465d1.dir\Debug\cmTC_465d1.tlog\unsuccessfulbuild”，因为已指定“AlwaysCreate”。
ClCompile:
  C:\Program Files (x86)\Microsoft Visual Studio 14.0\VC\bin\CL.exe /c /Zi /W3 /WX- /Od /Ob0 /Oy- /D WIN32 /D _WINDOWS /D _WINSOCKAPI_= /D "CMAKE_INTDIR=\"Debug\"" /D _MBCS /Gm- /RTC1 /MDd /GS /fp:precise /Zc:wchar_t /Zc:forScope /Zc:inline /Fo"cmTC_465d1.dir\Debug\\" /Fd"cmTC_465d1.dir\Debug\vc140.pdb" /Gd /TC /analyze- /errorReport:queue "C:\Git\ultrasound\third_party\curl-7.61.0\build\CMakeFiles\CMakeTmp\CheckSymbolExists.c"
  Microsoft (R) C/C++ Optimizing Compiler Version 19.00.24215.1 for x86
  Copyright (C) Microsoft Corporation.  All rights reserved.
  
  cl /c /Zi /W3 /WX- /Od /Ob0 /Oy- /D WIN32 /D _WINDOWS /D _WINSOCKAPI_= /D "CMAKE_INTDIR=\"Debug\"" /D _MBCS /Gm- /RTC1 /MDd /GS /fp:precise /Zc:wchar_t /Zc:forScope /Zc:inline /Fo"cmTC_465d1.dir\Debug\\" /Fd"cmTC_465d1.dir\Debug\vc140.pdb" /Gd /TC /analyze- /errorReport:queue "C:\Git\ultrasound\third_party\curl-7.61.0\build\CMakeFiles\CMakeTmp\CheckSymbolExists.c"
  
  CheckSymbolExists.c
C:\Git\ultrasound\third_party\curl-7.61.0\build\CMakeFiles\CMakeTmp\CheckSymbolExists.c(31): error C2065: 'siginterrupt': undeclared identifier [C:\Git\ultrasound\third_party\curl-7.61.0\build\CMakeFiles\CMakeTmp\cmTC_465d1.vcxproj]
已完成生成项目“C:\Git\ultrasound\third_party\curl-7.61.0\build\CMakeFiles\CMakeTmp\cmTC_465d1.vcxproj”(默认目标)的操作 - 失败。

生成失败。

“C:\Git\ultrasound\third_party\curl-7.61.0\build\CMakeFiles\CMakeTmp\cmTC_465d1.vcxproj”(默认目标) (1) ->
(ClCompile 目标) -> 
  C:\Git\ultrasound\third_party\curl-7.61.0\build\CMakeFiles\CMakeTmp\CheckSymbolExists.c(31): error C2065: 'siginterrupt': undeclared identifier [C:\Git\ultrasound\third_party\curl-7.61.0\build\CMakeFiles\CMakeTmp\cmTC_465d1.vcxproj]

    0 个警告
    1 个错误

已用时间 00:00:00.73

File C:/Git/ultrasound/third_party/curl-7.61.0/build/CMakeFiles/CMakeTmp/CheckSymbolExists.c:
/* */
#include <windows.h>
#include <winsock.h>
#include <ws2tcpip.h>
#include <winsock2.h>
#include <stdio.h>
#include <sys/stat.h>
#include <sys/types.h>
#include <sys/utime.h>
#include <assert.h>
#include <errno.h>
#include <fcntl.h>
#include <io.h>
#include <locale.h>
#include <setjmp.h>
#include <signal.h>
#include <stdbool.h>
#include <stdio.h>
#include <stdlib.h>
#include <string.h>
#include <time.h>
#include <process.h>
#include <stddef.h>
#include <malloc.h>
#include <memory.h>

int main(int argc, char** argv)
{
  (void)argv;
#ifndef siginterrupt
  return ((int*)(&siginterrupt))[argc];
#else
  (void)argc;
  return 0;
#endif
}

Determining if the fork exist failed with the following output:
Change Dir: C:/Git/ultrasound/third_party/curl-7.61.0/build/CMakeFiles/CMakeTmp

Run Build Command:"C:/Program Files (x86)/MSBuild/14.0/bin/MSBuild.exe" "cmTC_3afba.vcxproj" "/p:Configuration=Debug" "/p:VisualStudioVersion=14.0"
Microsoft (R) 生成引擎版本 14.0.25420.1
版权所有(C) Microsoft Corporation。保留所有权利。

生成启动时间为 8/15/2018 12:27:56 AM。
节点 1 上的项目“C:\Git\ultrasound\third_party\curl-7.61.0\build\CMakeFiles\CMakeTmp\cmTC_3afba.vcxproj”(默认目标)。
PrepareForBuild:
  正在创建目录“cmTC_3afba.dir\Debug\”。
  正在创建目录“C:\Git\ultrasound\third_party\curl-7.61.0\build\CMakeFiles\CMakeTmp\Debug\”。
  正在创建目录“cmTC_3afba.dir\Debug\cmTC_3afba.tlog\”。
InitializeBuildStatus:
  正在创建“cmTC_3afba.dir\Debug\cmTC_3afba.tlog\unsuccessfulbuild”，因为已指定“AlwaysCreate”。
ClCompile:
  C:\Program Files (x86)\Microsoft Visual Studio 14.0\VC\bin\CL.exe /c /Zi /W3 /WX- /Od /Ob0 /Oy- /D WIN32 /D _WINDOWS /D _WINSOCKAPI_= /D "CMAKE_INTDIR=\"Debug\"" /D _MBCS /Gm- /RTC1 /MDd /GS /fp:precise /Zc:wchar_t /Zc:forScope /Zc:inline /Fo"cmTC_3afba.dir\Debug\\" /Fd"cmTC_3afba.dir\Debug\vc140.pdb" /Gd /TC /analyze- /errorReport:queue "C:\Git\ultrasound\third_party\curl-7.61.0\build\CMakeFiles\CMakeTmp\CheckSymbolExists.c"
  Microsoft (R) C/C++ Optimizing Compiler Version 19.00.24215.1 for x86
  Copyright (C) Microsoft Corporation.  All rights reserved.
  
  cl /c /Zi /W3 /WX- /Od /Ob0 /Oy- /D WIN32 /D _WINDOWS /D _WINSOCKAPI_= /D "CMAKE_INTDIR=\"Debug\"" /D _MBCS /Gm- /RTC1 /MDd /GS /fp:precise /Zc:wchar_t /Zc:forScope /Zc:inline /Fo"cmTC_3afba.dir\Debug\\" /Fd"cmTC_3afba.dir\Debug\vc140.pdb" /Gd /TC /analyze- /errorReport:queue "C:\Git\ultrasound\third_party\curl-7.61.0\build\CMakeFiles\CMakeTmp\CheckSymbolExists.c"
  
  CheckSymbolExists.c
C:\Git\ultrasound\third_party\curl-7.61.0\build\CMakeFiles\CMakeTmp\CheckSymbolExists.c(31): error C2065: 'fork': undeclared identifier [C:\Git\ultrasound\third_party\curl-7.61.0\build\CMakeFiles\CMakeTmp\cmTC_3afba.vcxproj]
已完成生成项目“C:\Git\ultrasound\third_party\curl-7.61.0\build\CMakeFiles\CMakeTmp\cmTC_3afba.vcxproj”(默认目标)的操作 - 失败。

生成失败。

“C:\Git\ultrasound\third_party\curl-7.61.0\build\CMakeFiles\CMakeTmp\cmTC_3afba.vcxproj”(默认目标) (1) ->
(ClCompile 目标) -> 
  C:\Git\ultrasound\third_party\curl-7.61.0\build\CMakeFiles\CMakeTmp\CheckSymbolExists.c(31): error C2065: 'fork': undeclared identifier [C:\Git\ultrasound\third_party\curl-7.61.0\build\CMakeFiles\CMakeTmp\cmTC_3afba.vcxproj]

    0 个警告
    1 个错误

已用时间 00:00:00.80

File C:/Git/ultrasound/third_party/curl-7.61.0/build/CMakeFiles/CMakeTmp/CheckSymbolExists.c:
/* */
#include <windows.h>
#include <winsock.h>
#include <ws2tcpip.h>
#include <winsock2.h>
#include <stdio.h>
#include <sys/stat.h>
#include <sys/types.h>
#include <sys/utime.h>
#include <assert.h>
#include <errno.h>
#include <fcntl.h>
#include <io.h>
#include <locale.h>
#include <setjmp.h>
#include <signal.h>
#include <stdbool.h>
#include <stdio.h>
#include <stdlib.h>
#include <string.h>
#include <time.h>
#include <process.h>
#include <stddef.h>
#include <malloc.h>
#include <memory.h>

int main(int argc, char** argv)
{
  (void)argv;
#ifndef fork
  return ((int*)(&fork))[argc];
#else
  (void)argc;
  return 0;
#endif
}

Determining if the freeifaddrs exist failed with the following output:
Change Dir: C:/Git/ultrasound/third_party/curl-7.61.0/build/CMakeFiles/CMakeTmp

Run Build Command:"C:/Program Files (x86)/MSBuild/14.0/bin/MSBuild.exe" "cmTC_8f2a6.vcxproj" "/p:Configuration=Debug" "/p:VisualStudioVersion=14.0"
Microsoft (R) 生成引擎版本 14.0.25420.1
版权所有(C) Microsoft Corporation。保留所有权利。

生成启动时间为 8/15/2018 12:27:58 AM。
节点 1 上的项目“C:\Git\ultrasound\third_party\curl-7.61.0\build\CMakeFiles\CMakeTmp\cmTC_8f2a6.vcxproj”(默认目标)。
PrepareForBuild:
  正在创建目录“cmTC_8f2a6.dir\Debug\”。
  正在创建目录“C:\Git\ultrasound\third_party\curl-7.61.0\build\CMakeFiles\CMakeTmp\Debug\”。
  正在创建目录“cmTC_8f2a6.dir\Debug\cmTC_8f2a6.tlog\”。
InitializeBuildStatus:
  正在创建“cmTC_8f2a6.dir\Debug\cmTC_8f2a6.tlog\unsuccessfulbuild”，因为已指定“AlwaysCreate”。
ClCompile:
  C:\Program Files (x86)\Microsoft Visual Studio 14.0\VC\bin\CL.exe /c /Zi /W3 /WX- /Od /Ob0 /Oy- /D WIN32 /D _WINDOWS /D _WINSOCKAPI_= /D "CMAKE_INTDIR=\"Debug\"" /D _MBCS /Gm- /RTC1 /MDd /GS /fp:precise /Zc:wchar_t /Zc:forScope /Zc:inline /Fo"cmTC_8f2a6.dir\Debug\\" /Fd"cmTC_8f2a6.dir\Debug\vc140.pdb" /Gd /TC /analyze- /errorReport:queue "C:\Git\ultrasound\third_party\curl-7.61.0\build\CMakeFiles\CMakeTmp\CheckSymbolExists.c"
  Microsoft (R) C/C++ Optimizing Compiler Version 19.00.24215.1 for x86
  Copyright (C) Microsoft Corporation.  All rights reserved.
  
  cl /c /Zi /W3 /WX- /Od /Ob0 /Oy- /D WIN32 /D _WINDOWS /D _WINSOCKAPI_= /D "CMAKE_INTDIR=\"Debug\"" /D _MBCS /Gm- /RTC1 /MDd /GS /fp:precise /Zc:wchar_t /Zc:forScope /Zc:inline /Fo"cmTC_8f2a6.dir\Debug\\" /Fd"cmTC_8f2a6.dir\Debug\vc140.pdb" /Gd /TC /analyze- /errorReport:queue "C:\Git\ultrasound\third_party\curl-7.61.0\build\CMakeFiles\CMakeTmp\CheckSymbolExists.c"
  
  CheckSymbolExists.c
C:\Git\ultrasound\third_party\curl-7.61.0\build\CMakeFiles\CMakeTmp\CheckSymbolExists.c(31): error C2065: 'freeifaddrs': undeclared identifier [C:\Git\ultrasound\third_party\curl-7.61.0\build\CMakeFiles\CMakeTmp\cmTC_8f2a6.vcxproj]
已完成生成项目“C:\Git\ultrasound\third_party\curl-7.61.0\build\CMakeFiles\CMakeTmp\cmTC_8f2a6.vcxproj”(默认目标)的操作 - 失败。

生成失败。

“C:\Git\ultrasound\third_party\curl-7.61.0\build\CMakeFiles\CMakeTmp\cmTC_8f2a6.vcxproj”(默认目标) (1) ->
(ClCompile 目标) -> 
  C:\Git\ultrasound\third_party\curl-7.61.0\build\CMakeFiles\CMakeTmp\CheckSymbolExists.c(31): error C2065: 'freeifaddrs': undeclared identifier [C:\Git\ultrasound\third_party\curl-7.61.0\build\CMakeFiles\CMakeTmp\cmTC_8f2a6.vcxproj]

    0 个警告
    1 个错误

已用时间 00:00:00.79

File C:/Git/ultrasound/third_party/curl-7.61.0/build/CMakeFiles/CMakeTmp/CheckSymbolExists.c:
/* */
#include <windows.h>
#include <winsock.h>
#include <ws2tcpip.h>
#include <winsock2.h>
#include <stdio.h>
#include <sys/stat.h>
#include <sys/types.h>
#include <sys/utime.h>
#include <assert.h>
#include <errno.h>
#include <fcntl.h>
#include <io.h>
#include <locale.h>
#include <setjmp.h>
#include <signal.h>
#include <stdbool.h>
#include <stdio.h>
#include <stdlib.h>
#include <string.h>
#include <time.h>
#include <process.h>
#include <stddef.h>
#include <malloc.h>
#include <memory.h>

int main(int argc, char** argv)
{
  (void)argv;
#ifndef freeifaddrs
  return ((int*)(&freeifaddrs))[argc];
#else
  (void)argc;
  return 0;
#endif
}

Determining if the pipe exist failed with the following output:
Change Dir: C:/Git/ultrasound/third_party/curl-7.61.0/build/CMakeFiles/CMakeTmp

Run Build Command:"C:/Program Files (x86)/MSBuild/14.0/bin/MSBuild.exe" "cmTC_e06e7.vcxproj" "/p:Configuration=Debug" "/p:VisualStudioVersion=14.0"
Microsoft (R) 生成引擎版本 14.0.25420.1
版权所有(C) Microsoft Corporation。保留所有权利。

生成启动时间为 8/15/2018 12:28:00 AM。
节点 1 上的项目“C:\Git\ultrasound\third_party\curl-7.61.0\build\CMakeFiles\CMakeTmp\cmTC_e06e7.vcxproj”(默认目标)。
PrepareForBuild:
  正在创建目录“cmTC_e06e7.dir\Debug\”。
  正在创建目录“C:\Git\ultrasound\third_party\curl-7.61.0\build\CMakeFiles\CMakeTmp\Debug\”。
  正在创建目录“cmTC_e06e7.dir\Debug\cmTC_e06e7.tlog\”。
InitializeBuildStatus:
  正在创建“cmTC_e06e7.dir\Debug\cmTC_e06e7.tlog\unsuccessfulbuild”，因为已指定“AlwaysCreate”。
ClCompile:
  C:\Program Files (x86)\Microsoft Visual Studio 14.0\VC\bin\CL.exe /c /Zi /W3 /WX- /Od /Ob0 /Oy- /D WIN32 /D _WINDOWS /D _WINSOCKAPI_= /D "CMAKE_INTDIR=\"Debug\"" /D _MBCS /Gm- /RTC1 /MDd /GS /fp:precise /Zc:wchar_t /Zc:forScope /Zc:inline /Fo"cmTC_e06e7.dir\Debug\\" /Fd"cmTC_e06e7.dir\Debug\vc140.pdb" /Gd /TC /analyze- /errorReport:queue "C:\Git\ultrasound\third_party\curl-7.61.0\build\CMakeFiles\CMakeTmp\CheckSymbolExists.c"
  Microsoft (R) C/C++ Optimizing Compiler Version 19.00.24215.1 for x86
  Copyright (C) Microsoft Corporation.  All rights reserved.
  
  cl /c /Zi /W3 /WX- /Od /Ob0 /Oy- /D WIN32 /D _WINDOWS /D _WINSOCKAPI_= /D "CMAKE_INTDIR=\"Debug\"" /D _MBCS /Gm- /RTC1 /MDd /GS /fp:precise /Zc:wchar_t /Zc:forScope /Zc:inline /Fo"cmTC_e06e7.dir\Debug\\" /Fd"cmTC_e06e7.dir\Debug\vc140.pdb" /Gd /TC /analyze- /errorReport:queue "C:\Git\ultrasound\third_party\curl-7.61.0\build\CMakeFiles\CMakeTmp\CheckSymbolExists.c"
  
  CheckSymbolExists.c
C:\Git\ultrasound\third_party\curl-7.61.0\build\CMakeFiles\CMakeTmp\CheckSymbolExists.c(31): error C2065: 'pipe': undeclared identifier [C:\Git\ultrasound\third_party\curl-7.61.0\build\CMakeFiles\CMakeTmp\cmTC_e06e7.vcxproj]
已完成生成项目“C:\Git\ultrasound\third_party\curl-7.61.0\build\CMakeFiles\CMakeTmp\cmTC_e06e7.vcxproj”(默认目标)的操作 - 失败。

生成失败。

“C:\Git\ultrasound\third_party\curl-7.61.0\build\CMakeFiles\CMakeTmp\cmTC_e06e7.vcxproj”(默认目标) (1) ->
(ClCompile 目标) -> 
  C:\Git\ultrasound\third_party\curl-7.61.0\build\CMakeFiles\CMakeTmp\CheckSymbolExists.c(31): error C2065: 'pipe': undeclared identifier [C:\Git\ultrasound\third_party\curl-7.61.0\build\CMakeFiles\CMakeTmp\cmTC_e06e7.vcxproj]

    0 个警告
    1 个错误

已用时间 00:00:00.78

File C:/Git/ultrasound/third_party/curl-7.61.0/build/CMakeFiles/CMakeTmp/CheckSymbolExists.c:
/* */
#include <windows.h>
#include <winsock.h>
#include <ws2tcpip.h>
#include <winsock2.h>
#include <stdio.h>
#include <sys/stat.h>
#include <sys/types.h>
#include <sys/utime.h>
#include <assert.h>
#include <errno.h>
#include <fcntl.h>
#include <io.h>
#include <locale.h>
#include <setjmp.h>
#include <signal.h>
#include <stdbool.h>
#include <stdio.h>
#include <stdlib.h>
#include <string.h>
#include <time.h>
#include <process.h>
#include <stddef.h>
#include <malloc.h>
#include <memory.h>

int main(int argc, char** argv)
{
  (void)argv;
#ifndef pipe
  return ((int*)(&pipe))[argc];
#else
  (void)argc;
  return 0;
#endif
}

Determining if the ftruncate exist failed with the following output:
Change Dir: C:/Git/ultrasound/third_party/curl-7.61.0/build/CMakeFiles/CMakeTmp

Run Build Command:"C:/Program Files (x86)/MSBuild/14.0/bin/MSBuild.exe" "cmTC_b6fcf.vcxproj" "/p:Configuration=Debug" "/p:VisualStudioVersion=14.0"
Microsoft (R) 生成引擎版本 14.0.25420.1
版权所有(C) Microsoft Corporation。保留所有权利。

生成启动时间为 8/15/2018 12:28:01 AM。
节点 1 上的项目“C:\Git\ultrasound\third_party\curl-7.61.0\build\CMakeFiles\CMakeTmp\cmTC_b6fcf.vcxproj”(默认目标)。
PrepareForBuild:
  正在创建目录“cmTC_b6fcf.dir\Debug\”。
  正在创建目录“C:\Git\ultrasound\third_party\curl-7.61.0\build\CMakeFiles\CMakeTmp\Debug\”。
  正在创建目录“cmTC_b6fcf.dir\Debug\cmTC_b6fcf.tlog\”。
InitializeBuildStatus:
  正在创建“cmTC_b6fcf.dir\Debug\cmTC_b6fcf.tlog\unsuccessfulbuild”，因为已指定“AlwaysCreate”。
ClCompile:
  C:\Program Files (x86)\Microsoft Visual Studio 14.0\VC\bin\CL.exe /c /Zi /W3 /WX- /Od /Ob0 /Oy- /D WIN32 /D _WINDOWS /D _WINSOCKAPI_= /D "CMAKE_INTDIR=\"Debug\"" /D _MBCS /Gm- /RTC1 /MDd /GS /fp:precise /Zc:wchar_t /Zc:forScope /Zc:inline /Fo"cmTC_b6fcf.dir\Debug\\" /Fd"cmTC_b6fcf.dir\Debug\vc140.pdb" /Gd /TC /analyze- /errorReport:queue "C:\Git\ultrasound\third_party\curl-7.61.0\build\CMakeFiles\CMakeTmp\CheckSymbolExists.c"
  Microsoft (R) C/C++ Optimizing Compiler Version 19.00.24215.1 for x86
  Copyright (C) Microsoft Corporation.  All rights reserved.
  
  cl /c /Zi /W3 /WX- /Od /Ob0 /Oy- /D WIN32 /D _WINDOWS /D _WINSOCKAPI_= /D "CMAKE_INTDIR=\"Debug\"" /D _MBCS /Gm- /RTC1 /MDd /GS /fp:precise /Zc:wchar_t /Zc:forScope /Zc:inline /Fo"cmTC_b6fcf.dir\Debug\\" /Fd"cmTC_b6fcf.dir\Debug\vc140.pdb" /Gd /TC /analyze- /errorReport:queue "C:\Git\ultrasound\third_party\curl-7.61.0\build\CMakeFiles\CMakeTmp\CheckSymbolExists.c"
  
  CheckSymbolExists.c
C:\Git\ultrasound\third_party\curl-7.61.0\build\CMakeFiles\CMakeTmp\CheckSymbolExists.c(31): error C2065: 'ftruncate': undeclared identifier [C:\Git\ultrasound\third_party\curl-7.61.0\build\CMakeFiles\CMakeTmp\cmTC_b6fcf.vcxproj]
已完成生成项目“C:\Git\ultrasound\third_party\curl-7.61.0\build\CMakeFiles\CMakeTmp\cmTC_b6fcf.vcxproj”(默认目标)的操作 - 失败。

生成失败。

“C:\Git\ultrasound\third_party\curl-7.61.0\build\CMakeFiles\CMakeTmp\cmTC_b6fcf.vcxproj”(默认目标) (1) ->
(ClCompile 目标) -> 
  C:\Git\ultrasound\third_party\curl-7.61.0\build\CMakeFiles\CMakeTmp\CheckSymbolExists.c(31): error C2065: 'ftruncate': undeclared identifier [C:\Git\ultrasound\third_party\curl-7.61.0\build\CMakeFiles\CMakeTmp\cmTC_b6fcf.vcxproj]

    0 个警告
    1 个错误

已用时间 00:00:00.78

File C:/Git/ultrasound/third_party/curl-7.61.0/build/CMakeFiles/CMakeTmp/CheckSymbolExists.c:
/* */
#include <windows.h>
#include <winsock.h>
#include <ws2tcpip.h>
#include <winsock2.h>
#include <stdio.h>
#include <sys/stat.h>
#include <sys/types.h>
#include <sys/utime.h>
#include <assert.h>
#include <errno.h>
#include <fcntl.h>
#include <io.h>
#include <locale.h>
#include <setjmp.h>
#include <signal.h>
#include <stdbool.h>
#include <stdio.h>
#include <stdlib.h>
#include <string.h>
#include <time.h>
#include <process.h>
#include <stddef.h>
#include <malloc.h>
#include <memory.h>

int main(int argc, char** argv)
{
  (void)argv;
#ifndef ftruncate
  return ((int*)(&ftruncate))[argc];
#else
  (void)argc;
  return 0;
#endif
}

Determining if the getrlimit exist failed with the following output:
Change Dir: C:/Git/ultrasound/third_party/curl-7.61.0/build/CMakeFiles/CMakeTmp

Run Build Command:"C:/Program Files (x86)/MSBuild/14.0/bin/MSBuild.exe" "cmTC_f2efd.vcxproj" "/p:Configuration=Debug" "/p:VisualStudioVersion=14.0"
Microsoft (R) 生成引擎版本 14.0.25420.1
版权所有(C) Microsoft Corporation。保留所有权利。

生成启动时间为 8/15/2018 12:28:03 AM。
节点 1 上的项目“C:\Git\ultrasound\third_party\curl-7.61.0\build\CMakeFiles\CMakeTmp\cmTC_f2efd.vcxproj”(默认目标)。
PrepareForBuild:
  正在创建目录“cmTC_f2efd.dir\Debug\”。
  正在创建目录“C:\Git\ultrasound\third_party\curl-7.61.0\build\CMakeFiles\CMakeTmp\Debug\”。
  正在创建目录“cmTC_f2efd.dir\Debug\cmTC_f2efd.tlog\”。
InitializeBuildStatus:
  正在创建“cmTC_f2efd.dir\Debug\cmTC_f2efd.tlog\unsuccessfulbuild”，因为已指定“AlwaysCreate”。
ClCompile:
  C:\Program Files (x86)\Microsoft Visual Studio 14.0\VC\bin\CL.exe /c /Zi /W3 /WX- /Od /Ob0 /Oy- /D WIN32 /D _WINDOWS /D _WINSOCKAPI_= /D "CMAKE_INTDIR=\"Debug\"" /D _MBCS /Gm- /RTC1 /MDd /GS /fp:precise /Zc:wchar_t /Zc:forScope /Zc:inline /Fo"cmTC_f2efd.dir\Debug\\" /Fd"cmTC_f2efd.dir\Debug\vc140.pdb" /Gd /TC /analyze- /errorReport:queue "C:\Git\ultrasound\third_party\curl-7.61.0\build\CMakeFiles\CMakeTmp\CheckSymbolExists.c"
  Microsoft (R) C/C++ Optimizing Compiler Version 19.00.24215.1 for x86
  Copyright (C) Microsoft Corporation.  All rights reserved.
  
  cl /c /Zi /W3 /WX- /Od /Ob0 /Oy- /D WIN32 /D _WINDOWS /D _WINSOCKAPI_= /D "CMAKE_INTDIR=\"Debug\"" /D _MBCS /Gm- /RTC1 /MDd /GS /fp:precise /Zc:wchar_t /Zc:forScope /Zc:inline /Fo"cmTC_f2efd.dir\Debug\\" /Fd"cmTC_f2efd.dir\Debug\vc140.pdb" /Gd /TC /analyze- /errorReport:queue "C:\Git\ultrasound\third_party\curl-7.61.0\build\CMakeFiles\CMakeTmp\CheckSymbolExists.c"
  
  CheckSymbolExists.c
C:\Git\ultrasound\third_party\curl-7.61.0\build\CMakeFiles\CMakeTmp\CheckSymbolExists.c(31): error C2065: 'getrlimit': undeclared identifier [C:\Git\ultrasound\third_party\curl-7.61.0\build\CMakeFiles\CMakeTmp\cmTC_f2efd.vcxproj]
已完成生成项目“C:\Git\ultrasound\third_party\curl-7.61.0\build\CMakeFiles\CMakeTmp\cmTC_f2efd.vcxproj”(默认目标)的操作 - 失败。

生成失败。

“C:\Git\ultrasound\third_party\curl-7.61.0\build\CMakeFiles\CMakeTmp\cmTC_f2efd.vcxproj”(默认目标) (1) ->
(ClCompile 目标) -> 
  C:\Git\ultrasound\third_party\curl-7.61.0\build\CMakeFiles\CMakeTmp\CheckSymbolExists.c(31): error C2065: 'getrlimit': undeclared identifier [C:\Git\ultrasound\third_party\curl-7.61.0\build\CMakeFiles\CMakeTmp\cmTC_f2efd.vcxproj]

    0 个警告
    1 个错误

已用时间 00:00:00.77

File C:/Git/ultrasound/third_party/curl-7.61.0/build/CMakeFiles/CMakeTmp/CheckSymbolExists.c:
/* */
#include <windows.h>
#include <winsock.h>
#include <ws2tcpip.h>
#include <winsock2.h>
#include <stdio.h>
#include <sys/stat.h>
#include <sys/types.h>
#include <sys/utime.h>
#include <assert.h>
#include <errno.h>
#include <fcntl.h>
#include <io.h>
#include <locale.h>
#include <setjmp.h>
#include <signal.h>
#include <stdbool.h>
#include <stdio.h>
#include <stdlib.h>
#include <string.h>
#include <time.h>
#include <process.h>
#include <stddef.h>
#include <malloc.h>
#include <memory.h>

int main(int argc, char** argv)
{
  (void)argv;
#ifndef getrlimit
  return ((int*)(&getrlimit))[argc];
#else
  (void)argc;
  return 0;
#endif
}

Determining if the setrlimit exist failed with the following output:
Change Dir: C:/Git/ultrasound/third_party/curl-7.61.0/build/CMakeFiles/CMakeTmp

Run Build Command:"C:/Program Files (x86)/MSBuild/14.0/bin/MSBuild.exe" "cmTC_e2fb4.vcxproj" "/p:Configuration=Debug" "/p:VisualStudioVersion=14.0"
Microsoft (R) 生成引擎版本 14.0.25420.1
版权所有(C) Microsoft Corporation。保留所有权利。

生成启动时间为 8/15/2018 12:28:07 AM。
节点 1 上的项目“C:\Git\ultrasound\third_party\curl-7.61.0\build\CMakeFiles\CMakeTmp\cmTC_e2fb4.vcxproj”(默认目标)。
PrepareForBuild:
  正在创建目录“cmTC_e2fb4.dir\Debug\”。
  正在创建目录“C:\Git\ultrasound\third_party\curl-7.61.0\build\CMakeFiles\CMakeTmp\Debug\”。
  正在创建目录“cmTC_e2fb4.dir\Debug\cmTC_e2fb4.tlog\”。
InitializeBuildStatus:
  正在创建“cmTC_e2fb4.dir\Debug\cmTC_e2fb4.tlog\unsuccessfulbuild”，因为已指定“AlwaysCreate”。
ClCompile:
  C:\Program Files (x86)\Microsoft Visual Studio 14.0\VC\bin\CL.exe /c /Zi /W3 /WX- /Od /Ob0 /Oy- /D WIN32 /D _WINDOWS /D _WINSOCKAPI_= /D "CMAKE_INTDIR=\"Debug\"" /D _MBCS /Gm- /RTC1 /MDd /GS /fp:precise /Zc:wchar_t /Zc:forScope /Zc:inline /Fo"cmTC_e2fb4.dir\Debug\\" /Fd"cmTC_e2fb4.dir\Debug\vc140.pdb" /Gd /TC /analyze- /errorReport:queue "C:\Git\ultrasound\third_party\curl-7.61.0\build\CMakeFiles\CMakeTmp\CheckSymbolExists.c"
  Microsoft (R) C/C++ Optimizing Compiler Version 19.00.24215.1 for x86
  Copyright (C) Microsoft Corporation.  All rights reserved.
  
  cl /c /Zi /W3 /WX- /Od /Ob0 /Oy- /D WIN32 /D _WINDOWS /D _WINSOCKAPI_= /D "CMAKE_INTDIR=\"Debug\"" /D _MBCS /Gm- /RTC1 /MDd /GS /fp:precise /Zc:wchar_t /Zc:forScope /Zc:inline /Fo"cmTC_e2fb4.dir\Debug\\" /Fd"cmTC_e2fb4.dir\Debug\vc140.pdb" /Gd /TC /analyze- /errorReport:queue "C:\Git\ultrasound\third_party\curl-7.61.0\build\CMakeFiles\CMakeTmp\CheckSymbolExists.c"
  
  CheckSymbolExists.c
C:\Git\ultrasound\third_party\curl-7.61.0\build\CMakeFiles\CMakeTmp\CheckSymbolExists.c(31): error C2065: 'setrlimit': undeclared identifier [C:\Git\ultrasound\third_party\curl-7.61.0\build\CMakeFiles\CMakeTmp\cmTC_e2fb4.vcxproj]
已完成生成项目“C:\Git\ultrasound\third_party\curl-7.61.0\build\CMakeFiles\CMakeTmp\cmTC_e2fb4.vcxproj”(默认目标)的操作 - 失败。

生成失败。

“C:\Git\ultrasound\third_party\curl-7.61.0\build\CMakeFiles\CMakeTmp\cmTC_e2fb4.vcxproj”(默认目标) (1) ->
(ClCompile 目标) -> 
  C:\Git\ultrasound\third_party\curl-7.61.0\build\CMakeFiles\CMakeTmp\CheckSymbolExists.c(31): error C2065: 'setrlimit': undeclared identifier [C:\Git\ultrasound\third_party\curl-7.61.0\build\CMakeFiles\CMakeTmp\cmTC_e2fb4.vcxproj]

    0 个警告
    1 个错误

已用时间 00:00:00.82

File C:/Git/ultrasound/third_party/curl-7.61.0/build/CMakeFiles/CMakeTmp/CheckSymbolExists.c:
/* */
#include <windows.h>
#include <winsock.h>
#include <ws2tcpip.h>
#include <winsock2.h>
#include <stdio.h>
#include <sys/stat.h>
#include <sys/types.h>
#include <sys/utime.h>
#include <assert.h>
#include <errno.h>
#include <fcntl.h>
#include <io.h>
#include <locale.h>
#include <setjmp.h>
#include <signal.h>
#include <stdbool.h>
#include <stdio.h>
#include <stdlib.h>
#include <string.h>
#include <time.h>
#include <process.h>
#include <stddef.h>
#include <malloc.h>
#include <memory.h>

int main(int argc, char** argv)
{
  (void)argv;
#ifndef setrlimit
  return ((int*)(&setrlimit))[argc];
#else
  (void)argc;
  return 0;
#endif
}

Determining if the fcntl exist failed with the following output:
Change Dir: C:/Git/ultrasound/third_party/curl-7.61.0/build/CMakeFiles/CMakeTmp

Run Build Command:"C:/Program Files (x86)/MSBuild/14.0/bin/MSBuild.exe" "cmTC_8d938.vcxproj" "/p:Configuration=Debug" "/p:VisualStudioVersion=14.0"
Microsoft (R) 生成引擎版本 14.0.25420.1
版权所有(C) Microsoft Corporation。保留所有权利。

生成启动时间为 8/15/2018 12:28:08 AM。
节点 1 上的项目“C:\Git\ultrasound\third_party\curl-7.61.0\build\CMakeFiles\CMakeTmp\cmTC_8d938.vcxproj”(默认目标)。
PrepareForBuild:
  正在创建目录“cmTC_8d938.dir\Debug\”。
  正在创建目录“C:\Git\ultrasound\third_party\curl-7.61.0\build\CMakeFiles\CMakeTmp\Debug\”。
  正在创建目录“cmTC_8d938.dir\Debug\cmTC_8d938.tlog\”。
InitializeBuildStatus:
  正在创建“cmTC_8d938.dir\Debug\cmTC_8d938.tlog\unsuccessfulbuild”，因为已指定“AlwaysCreate”。
ClCompile:
  C:\Program Files (x86)\Microsoft Visual Studio 14.0\VC\bin\CL.exe /c /Zi /W3 /WX- /Od /Ob0 /Oy- /D WIN32 /D _WINDOWS /D _WINSOCKAPI_= /D "CMAKE_INTDIR=\"Debug\"" /D _MBCS /Gm- /RTC1 /MDd /GS /fp:precise /Zc:wchar_t /Zc:forScope /Zc:inline /Fo"cmTC_8d938.dir\Debug\\" /Fd"cmTC_8d938.dir\Debug\vc140.pdb" /Gd /TC /analyze- /errorReport:queue "C:\Git\ultrasound\third_party\curl-7.61.0\build\CMakeFiles\CMakeTmp\CheckSymbolExists.c"
  Microsoft (R) C/C++ Optimizing Compiler Version 19.00.24215.1 for x86
  Copyright (C) Microsoft Corporation.  All rights reserved.
  
  cl /c /Zi /W3 /WX- /Od /Ob0 /Oy- /D WIN32 /D _WINDOWS /D _WINSOCKAPI_= /D "CMAKE_INTDIR=\"Debug\"" /D _MBCS /Gm- /RTC1 /MDd /GS /fp:precise /Zc:wchar_t /Zc:forScope /Zc:inline /Fo"cmTC_8d938.dir\Debug\\" /Fd"cmTC_8d938.dir\Debug\vc140.pdb" /Gd /TC /analyze- /errorReport:queue "C:\Git\ultrasound\third_party\curl-7.61.0\build\CMakeFiles\CMakeTmp\CheckSymbolExists.c"
  
  CheckSymbolExists.c
C:\Git\ultrasound\third_party\curl-7.61.0\build\CMakeFiles\CMakeTmp\CheckSymbolExists.c(31): error C2065: 'fcntl': undeclared identifier [C:\Git\ultrasound\third_party\curl-7.61.0\build\CMakeFiles\CMakeTmp\cmTC_8d938.vcxproj]
已完成生成项目“C:\Git\ultrasound\third_party\curl-7.61.0\build\CMakeFiles\CMakeTmp\cmTC_8d938.vcxproj”(默认目标)的操作 - 失败。

生成失败。

“C:\Git\ultrasound\third_party\curl-7.61.0\build\CMakeFiles\CMakeTmp\cmTC_8d938.vcxproj”(默认目标) (1) ->
(ClCompile 目标) -> 
  C:\Git\ultrasound\third_party\curl-7.61.0\build\CMakeFiles\CMakeTmp\CheckSymbolExists.c(31): error C2065: 'fcntl': undeclared identifier [C:\Git\ultrasound\third_party\curl-7.61.0\build\CMakeFiles\CMakeTmp\cmTC_8d938.vcxproj]

    0 个警告
    1 个错误

已用时间 00:00:00.76

File C:/Git/ultrasound/third_party/curl-7.61.0/build/CMakeFiles/CMakeTmp/CheckSymbolExists.c:
/* */
#include <windows.h>
#include <winsock.h>
#include <ws2tcpip.h>
#include <winsock2.h>
#include <stdio.h>
#include <sys/stat.h>
#include <sys/types.h>
#include <sys/utime.h>
#include <assert.h>
#include <errno.h>
#include <fcntl.h>
#include <io.h>
#include <locale.h>
#include <setjmp.h>
#include <signal.h>
#include <stdbool.h>
#include <stdio.h>
#include <stdlib.h>
#include <string.h>
#include <time.h>
#include <process.h>
#include <stddef.h>
#include <malloc.h>
#include <memory.h>

int main(int argc, char** argv)
{
  (void)argv;
#ifndef fcntl
  return ((int*)(&fcntl))[argc];
#else
  (void)argc;
  return 0;
#endif
}

Determining if the ioctl exist failed with the following output:
Change Dir: C:/Git/ultrasound/third_party/curl-7.61.0/build/CMakeFiles/CMakeTmp

Run Build Command:"C:/Program Files (x86)/MSBuild/14.0/bin/MSBuild.exe" "cmTC_39f28.vcxproj" "/p:Configuration=Debug" "/p:VisualStudioVersion=14.0"
Microsoft (R) 生成引擎版本 14.0.25420.1
版权所有(C) Microsoft Corporation。保留所有权利。

生成启动时间为 8/15/2018 12:28:09 AM。
节点 1 上的项目“C:\Git\ultrasound\third_party\curl-7.61.0\build\CMakeFiles\CMakeTmp\cmTC_39f28.vcxproj”(默认目标)。
PrepareForBuild:
  正在创建目录“cmTC_39f28.dir\Debug\”。
  正在创建目录“C:\Git\ultrasound\third_party\curl-7.61.0\build\CMakeFiles\CMakeTmp\Debug\”。
  正在创建目录“cmTC_39f28.dir\Debug\cmTC_39f28.tlog\”。
InitializeBuildStatus:
  正在创建“cmTC_39f28.dir\Debug\cmTC_39f28.tlog\unsuccessfulbuild”，因为已指定“AlwaysCreate”。
ClCompile:
  C:\Program Files (x86)\Microsoft Visual Studio 14.0\VC\bin\CL.exe /c /Zi /W3 /WX- /Od /Ob0 /Oy- /D WIN32 /D _WINDOWS /D _WINSOCKAPI_= /D "CMAKE_INTDIR=\"Debug\"" /D _MBCS /Gm- /RTC1 /MDd /GS /fp:precise /Zc:wchar_t /Zc:forScope /Zc:inline /Fo"cmTC_39f28.dir\Debug\\" /Fd"cmTC_39f28.dir\Debug\vc140.pdb" /Gd /TC /analyze- /errorReport:queue "C:\Git\ultrasound\third_party\curl-7.61.0\build\CMakeFiles\CMakeTmp\CheckSymbolExists.c"
  Microsoft (R) C/C++ Optimizing Compiler Version 19.00.24215.1 for x86
  Copyright (C) Microsoft Corporation.  All rights reserved.
  
  cl /c /Zi /W3 /WX- /Od /Ob0 /Oy- /D WIN32 /D _WINDOWS /D _WINSOCKAPI_= /D "CMAKE_INTDIR=\"Debug\"" /D _MBCS /Gm- /RTC1 /MDd /GS /fp:precise /Zc:wchar_t /Zc:forScope /Zc:inline /Fo"cmTC_39f28.dir\Debug\\" /Fd"cmTC_39f28.dir\Debug\vc140.pdb" /Gd /TC /analyze- /errorReport:queue "C:\Git\ultrasound\third_party\curl-7.61.0\build\CMakeFiles\CMakeTmp\CheckSymbolExists.c"
  
  CheckSymbolExists.c
C:\Git\ultrasound\third_party\curl-7.61.0\build\CMakeFiles\CMakeTmp\CheckSymbolExists.c(31): error C2065: 'ioctl': undeclared identifier [C:\Git\ultrasound\third_party\curl-7.61.0\build\CMakeFiles\CMakeTmp\cmTC_39f28.vcxproj]
已完成生成项目“C:\Git\ultrasound\third_party\curl-7.61.0\build\CMakeFiles\CMakeTmp\cmTC_39f28.vcxproj”(默认目标)的操作 - 失败。

生成失败。

“C:\Git\ultrasound\third_party\curl-7.61.0\build\CMakeFiles\CMakeTmp\cmTC_39f28.vcxproj”(默认目标) (1) ->
(ClCompile 目标) -> 
  C:\Git\ultrasound\third_party\curl-7.61.0\build\CMakeFiles\CMakeTmp\CheckSymbolExists.c(31): error C2065: 'ioctl': undeclared identifier [C:\Git\ultrasound\third_party\curl-7.61.0\build\CMakeFiles\CMakeTmp\cmTC_39f28.vcxproj]

    0 个警告
    1 个错误

已用时间 00:00:00.80

File C:/Git/ultrasound/third_party/curl-7.61.0/build/CMakeFiles/CMakeTmp/CheckSymbolExists.c:
/* */
#include <windows.h>
#include <winsock.h>
#include <ws2tcpip.h>
#include <winsock2.h>
#include <stdio.h>
#include <sys/stat.h>
#include <sys/types.h>
#include <sys/utime.h>
#include <assert.h>
#include <errno.h>
#include <fcntl.h>
#include <io.h>
#include <locale.h>
#include <setjmp.h>
#include <signal.h>
#include <stdbool.h>
#include <stdio.h>
#include <stdlib.h>
#include <string.h>
#include <time.h>
#include <process.h>
#include <stddef.h>
#include <malloc.h>
#include <memory.h>

int main(int argc, char** argv)
{
  (void)argv;
#ifndef ioctl
  return ((int*)(&ioctl))[argc];
#else
  (void)argc;
  return 0;
#endif
}

Determining if the function mach_absolute_time exists failed with the following output:
Change Dir: C:/Git/ultrasound/third_party/curl-7.61.0/build/CMakeFiles/CMakeTmp

Run Build Command:"C:/Program Files (x86)/MSBuild/14.0/bin/MSBuild.exe" "cmTC_bf746.vcxproj" "/p:Configuration=Debug" "/p:VisualStudioVersion=14.0"
Microsoft (R) 生成引擎版本 14.0.25420.1
版权所有(C) Microsoft Corporation。保留所有权利。

生成启动时间为 8/15/2018 12:28:12 AM。
节点 1 上的项目“C:\Git\ultrasound\third_party\curl-7.61.0\build\CMakeFiles\CMakeTmp\cmTC_bf746.vcxproj”(默认目标)。
PrepareForBuild:
  正在创建目录“cmTC_bf746.dir\Debug\”。
  正在创建目录“C:\Git\ultrasound\third_party\curl-7.61.0\build\CMakeFiles\CMakeTmp\Debug\”。
  正在创建目录“cmTC_bf746.dir\Debug\cmTC_bf746.tlog\”。
InitializeBuildStatus:
  正在创建“cmTC_bf746.dir\Debug\cmTC_bf746.tlog\unsuccessfulbuild”，因为已指定“AlwaysCreate”。
ClCompile:
  C:\Program Files (x86)\Microsoft Visual Studio 14.0\VC\bin\CL.exe /c /Zi /W3 /WX- /Od /Ob0 /Oy- /D WIN32 /D _WINDOWS /D CHECK_FUNCTION_EXISTS=mach_absolute_time /D _WINSOCKAPI_= /D "CMAKE_INTDIR=\"Debug\"" /D _MBCS /Gm- /RTC1 /MDd /GS /fp:precise /Zc:wchar_t /Zc:forScope /Zc:inline /Fo"cmTC_bf746.dir\Debug\\" /Fd"cmTC_bf746.dir\Debug\vc140.pdb" /Gd /TC /analyze- /errorReport:queue "C:\Program Files (x86)\CMake\share\cmake-3.12\Modules\CheckFunctionExists.c"
  Microsoft (R) C/C++ Optimizing Compiler Version 19.00.24215.1 for x86
  Copyright (C) Microsoft Corporation.  All rights reserved.
  
  cl /c /Zi /W3 /WX- /Od /Ob0 /Oy- /D WIN32 /D _WINDOWS /D CHECK_FUNCTION_EXISTS=mach_absolute_time /D _WINSOCKAPI_= /D "CMAKE_INTDIR=\"Debug\"" /D _MBCS /Gm- /RTC1 /MDd /GS /fp:precise /Zc:wchar_t /Zc:forScope /Zc:inline /Fo"cmTC_bf746.dir\Debug\\" /Fd"cmTC_bf746.dir\Debug\vc140.pdb" /Gd /TC /analyze- /errorReport:queue "C:\Program Files (x86)\CMake\share\cmake-3.12\Modules\CheckFunctionExists.c"
  
  CheckFunctionExists.c
Link:
  C:\Program Files (x86)\Microsoft Visual Studio 14.0\VC\bin\link.exe /ERRORREPORT:QUEUE /OUT:"C:\Git\ultrasound\third_party\curl-7.61.0\build\CMakeFiles\CMakeTmp\Debug\cmTC_bf746.exe" /INCREMENTAL /NOLOGO ws2_32.lib kernel32.lib user32.lib gdi32.lib winspool.lib shell32.lib ole32.lib oleaut32.lib uuid.lib comdlg32.lib advapi32.lib /MANIFEST /MANIFESTUAC:"level='asInvoker' uiAccess='false'" /manifest:embed /DEBUG /PDB:"C:/Git/ultrasound/third_party/curl-7.61.0/build/CMakeFiles/CMakeTmp/Debug/cmTC_bf746.pdb" /SUBSYSTEM:CONSOLE /TLBID:1 /DYNAMICBASE /NXCOMPAT /IMPLIB:"C:/Git/ultrasound/third_party/curl-7.61.0/build/CMakeFiles/CMakeTmp/Debug/cmTC_bf746.lib" /MACHINE:X86 /SAFESEH  /machine:X86 cmTC_bf746.dir\Debug\CheckFunctionExists.obj
CheckFunctionExists.obj : error LNK2019: unresolved external symbol _mach_absolute_time referenced in function _main [C:\Git\ultrasound\third_party\curl-7.61.0\build\CMakeFiles\CMakeTmp\cmTC_bf746.vcxproj]
C:\Git\ultrasound\third_party\curl-7.61.0\build\CMakeFiles\CMakeTmp\Debug\cmTC_bf746.exe : fatal error LNK1120: 1 unresolved externals [C:\Git\ultrasound\third_party\curl-7.61.0\build\CMakeFiles\CMakeTmp\cmTC_bf746.vcxproj]
已完成生成项目“C:\Git\ultrasound\third_party\curl-7.61.0\build\CMakeFiles\CMakeTmp\cmTC_bf746.vcxproj”(默认目标)的操作 - 失败。

生成失败。

“C:\Git\ultrasound\third_party\curl-7.61.0\build\CMakeFiles\CMakeTmp\cmTC_bf746.vcxproj”(默认目标) (1) ->
(Link 目标) -> 
  CheckFunctionExists.obj : error LNK2019: unresolved external symbol _mach_absolute_time referenced in function _main [C:\Git\ultrasound\third_party\curl-7.61.0\build\CMakeFiles\CMakeTmp\cmTC_bf746.vcxproj]
  C:\Git\ultrasound\third_party\curl-7.61.0\build\CMakeFiles\CMakeTmp\Debug\cmTC_bf746.exe : fatal error LNK1120: 1 unresolved externals [C:\Git\ultrasound\third_party\curl-7.61.0\build\CMakeFiles\CMakeTmp\cmTC_bf746.vcxproj]

    0 个警告
    2 个错误

已用时间 00:00:00.73


Determining if the function inet_pton exists failed with the following output:
Change Dir: C:/Git/ultrasound/third_party/curl-7.61.0/build/CMakeFiles/CMakeTmp

Run Build Command:"C:/Program Files (x86)/MSBuild/14.0/bin/MSBuild.exe" "cmTC_bef93.vcxproj" "/p:Configuration=Debug" "/p:VisualStudioVersion=14.0"
Microsoft (R) 生成引擎版本 14.0.25420.1
版权所有(C) Microsoft Corporation。保留所有权利。

生成启动时间为 8/15/2018 12:28:13 AM。
节点 1 上的项目“C:\Git\ultrasound\third_party\curl-7.61.0\build\CMakeFiles\CMakeTmp\cmTC_bef93.vcxproj”(默认目标)。
PrepareForBuild:
  正在创建目录“cmTC_bef93.dir\Debug\”。
  正在创建目录“C:\Git\ultrasound\third_party\curl-7.61.0\build\CMakeFiles\CMakeTmp\Debug\”。
  正在创建目录“cmTC_bef93.dir\Debug\cmTC_bef93.tlog\”。
InitializeBuildStatus:
  正在创建“cmTC_bef93.dir\Debug\cmTC_bef93.tlog\unsuccessfulbuild”，因为已指定“AlwaysCreate”。
ClCompile:
  C:\Program Files (x86)\Microsoft Visual Studio 14.0\VC\bin\CL.exe /c /Zi /W3 /WX- /Od /Ob0 /Oy- /D WIN32 /D _WINDOWS /D CHECK_FUNCTION_EXISTS=inet_pton /D _WINSOCKAPI_= /D "CMAKE_INTDIR=\"Debug\"" /D _MBCS /Gm- /RTC1 /MDd /GS /fp:precise /Zc:wchar_t /Zc:forScope /Zc:inline /Fo"cmTC_bef93.dir\Debug\\" /Fd"cmTC_bef93.dir\Debug\vc140.pdb" /Gd /TC /analyze- /errorReport:queue "C:\Program Files (x86)\CMake\share\cmake-3.12\Modules\CheckFunctionExists.c"
  Microsoft (R) C/C++ Optimizing Compiler Version 19.00.24215.1 for x86
  Copyright (C) Microsoft Corporation.  All rights reserved.
  
  cl /c /Zi /W3 /WX- /Od /Ob0 /Oy- /D WIN32 /D _WINDOWS /D CHECK_FUNCTION_EXISTS=inet_pton /D _WINSOCKAPI_= /D "CMAKE_INTDIR=\"Debug\"" /D _MBCS /Gm- /RTC1 /MDd /GS /fp:precise /Zc:wchar_t /Zc:forScope /Zc:inline /Fo"cmTC_bef93.dir\Debug\\" /Fd"cmTC_bef93.dir\Debug\vc140.pdb" /Gd /TC /analyze- /errorReport:queue "C:\Program Files (x86)\CMake\share\cmake-3.12\Modules\CheckFunctionExists.c"
  
  CheckFunctionExists.c
Link:
  C:\Program Files (x86)\Microsoft Visual Studio 14.0\VC\bin\link.exe /ERRORREPORT:QUEUE /OUT:"C:\Git\ultrasound\third_party\curl-7.61.0\build\CMakeFiles\CMakeTmp\Debug\cmTC_bef93.exe" /INCREMENTAL /NOLOGO ws2_32.lib kernel32.lib user32.lib gdi32.lib winspool.lib shell32.lib ole32.lib oleaut32.lib uuid.lib comdlg32.lib advapi32.lib /MANIFEST /MANIFESTUAC:"level='asInvoker' uiAccess='false'" /manifest:embed /DEBUG /PDB:"C:/Git/ultrasound/third_party/curl-7.61.0/build/CMakeFiles/CMakeTmp/Debug/cmTC_bef93.pdb" /SUBSYSTEM:CONSOLE /TLBID:1 /DYNAMICBASE /NXCOMPAT /IMPLIB:"C:/Git/ultrasound/third_party/curl-7.61.0/build/CMakeFiles/CMakeTmp/Debug/cmTC_bef93.lib" /MACHINE:X86 /SAFESEH  /machine:X86 cmTC_bef93.dir\Debug\CheckFunctionExists.obj
CheckFunctionExists.obj : error LNK2019: unresolved external symbol _inet_pton referenced in function _main [C:\Git\ultrasound\third_party\curl-7.61.0\build\CMakeFiles\CMakeTmp\cmTC_bef93.vcxproj]
C:\Git\ultrasound\third_party\curl-7.61.0\build\CMakeFiles\CMakeTmp\Debug\cmTC_bef93.exe : fatal error LNK1120: 1 unresolved externals [C:\Git\ultrasound\third_party\curl-7.61.0\build\CMakeFiles\CMakeTmp\cmTC_bef93.vcxproj]
已完成生成项目“C:\Git\ultrasound\third_party\curl-7.61.0\build\CMakeFiles\CMakeTmp\cmTC_bef93.vcxproj”(默认目标)的操作 - 失败。

生成失败。

“C:\Git\ultrasound\third_party\curl-7.61.0\build\CMakeFiles\CMakeTmp\cmTC_bef93.vcxproj”(默认目标) (1) ->
(Link 目标) -> 
  CheckFunctionExists.obj : error LNK2019: unresolved external symbol _inet_pton referenced in function _main [C:\Git\ultrasound\third_party\curl-7.61.0\build\CMakeFiles\CMakeTmp\cmTC_bef93.vcxproj]
  C:\Git\ultrasound\third_party\curl-7.61.0\build\CMakeFiles\CMakeTmp\Debug\cmTC_bef93.exe : fatal error LNK1120: 1 unresolved externals [C:\Git\ultrasound\third_party\curl-7.61.0\build\CMakeFiles\CMakeTmp\cmTC_bef93.vcxproj]

    0 个警告
    2 个错误

已用时间 00:00:00.71


Determining if the fsetxattr exist failed with the following output:
Change Dir: C:/Git/ultrasound/third_party/curl-7.61.0/build/CMakeFiles/CMakeTmp

Run Build Command:"C:/Program Files (x86)/MSBuild/14.0/bin/MSBuild.exe" "cmTC_ef5f0.vcxproj" "/p:Configuration=Debug" "/p:VisualStudioVersion=14.0"
Microsoft (R) 生成引擎版本 14.0.25420.1
版权所有(C) Microsoft Corporation。保留所有权利。

生成启动时间为 8/15/2018 12:28:14 AM。
节点 1 上的项目“C:\Git\ultrasound\third_party\curl-7.61.0\build\CMakeFiles\CMakeTmp\cmTC_ef5f0.vcxproj”(默认目标)。
PrepareForBuild:
  正在创建目录“cmTC_ef5f0.dir\Debug\”。
  正在创建目录“C:\Git\ultrasound\third_party\curl-7.61.0\build\CMakeFiles\CMakeTmp\Debug\”。
  正在创建目录“cmTC_ef5f0.dir\Debug\cmTC_ef5f0.tlog\”。
InitializeBuildStatus:
  正在创建“cmTC_ef5f0.dir\Debug\cmTC_ef5f0.tlog\unsuccessfulbuild”，因为已指定“AlwaysCreate”。
ClCompile:
  C:\Program Files (x86)\Microsoft Visual Studio 14.0\VC\bin\CL.exe /c /Zi /W3 /WX- /Od /Ob0 /Oy- /D WIN32 /D _WINDOWS /D _WINSOCKAPI_= /D "CMAKE_INTDIR=\"Debug\"" /D _MBCS /Gm- /RTC1 /MDd /GS /fp:precise /Zc:wchar_t /Zc:forScope /Zc:inline /Fo"cmTC_ef5f0.dir\Debug\\" /Fd"cmTC_ef5f0.dir\Debug\vc140.pdb" /Gd /TC /analyze- /errorReport:queue "C:\Git\ultrasound\third_party\curl-7.61.0\build\CMakeFiles\CMakeTmp\CheckSymbolExists.c"
  Microsoft (R) C/C++ Optimizing Compiler Version 19.00.24215.1 for x86
  Copyright (C) Microsoft Corporation.  All rights reserved.
  
  cl /c /Zi /W3 /WX- /Od /Ob0 /Oy- /D WIN32 /D _WINDOWS /D _WINSOCKAPI_= /D "CMAKE_INTDIR=\"Debug\"" /D _MBCS /Gm- /RTC1 /MDd /GS /fp:precise /Zc:wchar_t /Zc:forScope /Zc:inline /Fo"cmTC_ef5f0.dir\Debug\\" /Fd"cmTC_ef5f0.dir\Debug\vc140.pdb" /Gd /TC /analyze- /errorReport:queue "C:\Git\ultrasound\third_party\curl-7.61.0\build\CMakeFiles\CMakeTmp\CheckSymbolExists.c"
  
  CheckSymbolExists.c
C:\Git\ultrasound\third_party\curl-7.61.0\build\CMakeFiles\CMakeTmp\CheckSymbolExists.c(31): error C2065: 'fsetxattr': undeclared identifier [C:\Git\ultrasound\third_party\curl-7.61.0\build\CMakeFiles\CMakeTmp\cmTC_ef5f0.vcxproj]
已完成生成项目“C:\Git\ultrasound\third_party\curl-7.61.0\build\CMakeFiles\CMakeTmp\cmTC_ef5f0.vcxproj”(默认目标)的操作 - 失败。

生成失败。

“C:\Git\ultrasound\third_party\curl-7.61.0\build\CMakeFiles\CMakeTmp\cmTC_ef5f0.vcxproj”(默认目标) (1) ->
(ClCompile 目标) -> 
  C:\Git\ultrasound\third_party\curl-7.61.0\build\CMakeFiles\CMakeTmp\CheckSymbolExists.c(31): error C2065: 'fsetxattr': undeclared identifier [C:\Git\ultrasound\third_party\curl-7.61.0\build\CMakeFiles\CMakeTmp\cmTC_ef5f0.vcxproj]

    0 个警告
    1 个错误

已用时间 00:00:00.79

File C:/Git/ultrasound/third_party/curl-7.61.0/build/CMakeFiles/CMakeTmp/CheckSymbolExists.c:
/* */
#include <windows.h>
#include <winsock.h>
#include <ws2tcpip.h>
#include <winsock2.h>
#include <stdio.h>
#include <sys/stat.h>
#include <sys/types.h>
#include <sys/utime.h>
#include <assert.h>
#include <errno.h>
#include <fcntl.h>
#include <io.h>
#include <locale.h>
#include <setjmp.h>
#include <signal.h>
#include <stdbool.h>
#include <stdio.h>
#include <stdlib.h>
#include <string.h>
#include <time.h>
#include <process.h>
#include <stddef.h>
#include <malloc.h>
#include <memory.h>

int main(int argc, char** argv)
{
  (void)argv;
#ifndef fsetxattr
  return ((int*)(&fsetxattr))[argc];
#else
  (void)argc;
  return 0;
#endif
}

Performing Curl Test HAVE_FCNTL_O_NONBLOCK failed with the following output:
Change Dir: C:/Git/ultrasound/third_party/curl-7.61.0/build/CMakeFiles/CMakeTmp

Run Build Command:"C:/Program Files (x86)/MSBuild/14.0/bin/MSBuild.exe" "cmTC_1908b.vcxproj" "/p:Configuration=Debug" "/p:VisualStudioVersion=14.0"
Microsoft (R) 生成引擎版本 14.0.25420.1
版权所有(C) Microsoft Corporation。保留所有权利。

生成启动时间为 8/15/2018 12:28:15 AM。
节点 1 上的项目“C:\Git\ultrasound\third_party\curl-7.61.0\build\CMakeFiles\CMakeTmp\cmTC_1908b.vcxproj”(默认目标)。
PrepareForBuild:
  正在创建目录“cmTC_1908b.dir\Debug\”。
  正在创建目录“C:\Git\ultrasound\third_party\curl-7.61.0\build\CMakeFiles\CMakeTmp\Debug\”。
  正在创建目录“cmTC_1908b.dir\Debug\cmTC_1908b.tlog\”。
InitializeBuildStatus:
  正在创建“cmTC_1908b.dir\Debug\cmTC_1908b.tlog\unsuccessfulbuild”，因为已指定“AlwaysCreate”。
ClCompile:
  C:\Program Files (x86)\Microsoft Visual Studio 14.0\VC\bin\CL.exe /c /Zi /W3 /WX- /Od /Ob0 /Oy- /D WIN32 /D _WINDOWS /D HAVE_FCNTL_O_NONBLOCK /D HAVE_WINDOWS_H /D HAVE_WINSOCK_H /D HAVE_WS2TCPIP_H /D HAVE_WINSOCK2_H /D HAVE_STDIO_H /D HAVE_SYS_STAT_H /D HAVE_SYS_TYPES_H /D HAVE_SYS_UTIME_H /D HAVE_ASSERT_H /D HAVE_ERRNO_H /D HAVE_FCNTL_H /D HAVE_IO_H /D HAVE_LOCALE_H /D HAVE_SETJMP_H /D HAVE_SIGNAL_H /D HAVE_STDBOOL_H /D HAVE_STDLIB_H /D HAVE_STRING_H /D HAVE_TIME_H /D HAVE_PROCESS_H /D HAVE_STDDEF_H /D HAVE_MALLOC_H /D HAVE_MEMORY_H /D "CMAKE_INTDIR=\"Debug\"" /D _MBCS /Gm- /RTC1 /MDd /GS /fp:precise /Zc:wchar_t /Zc:forScope /Zc:inline /Fo"cmTC_1908b.dir\Debug\\" /Fd"cmTC_1908b.dir\Debug\vc140.pdb" /Gd /TC /analyze- /errorReport:queue "C:\Git\ultrasound\third_party\curl-7.61.0\CMake\CurlTests.c"
  Microsoft (R) C/C++ Optimizing Compiler Version 19.00.24215.1 for x86
  Copyright (C) Microsoft Corporation.  All rights reserved.
  
  cl /c /Zi /W3 /WX- /Od /Ob0 /Oy- /D WIN32 /D _WINDOWS /D HAVE_FCNTL_O_NONBLOCK /D HAVE_WINDOWS_H /D HAVE_WINSOCK_H /D HAVE_WS2TCPIP_H /D HAVE_WINSOCK2_H /D HAVE_STDIO_H /D HAVE_SYS_STAT_H /D HAVE_SYS_TYPES_H /D HAVE_SYS_UTIME_H /D HAVE_ASSERT_H /D HAVE_ERRNO_H /D HAVE_FCNTL_H /D HAVE_IO_H /D HAVE_LOCALE_H /D HAVE_SETJMP_H /D HAVE_SIGNAL_H /D HAVE_STDBOOL_H /D HAVE_STDLIB_H /D HAVE_STRING_H /D HAVE_TIME_H /D HAVE_PROCESS_H /D HAVE_STDDEF_H /D HAVE_MALLOC_H /D HAVE_MEMORY_H /D "CMAKE_INTDIR=\"Debug\"" /D _MBCS /Gm- /RTC1 /MDd /GS /fp:precise /Zc:wchar_t /Zc:forScope /Zc:inline /Fo"cmTC_1908b.dir\Debug\\" /Fd"cmTC_1908b.dir\Debug\vc140.pdb" /Gd /TC /analyze- /errorReport:queue "C:\Git\ultrasound\third_party\curl-7.61.0\CMake\CurlTests.c"
  
  CurlTests.c
C:\Git\ultrasound\third_party\curl-7.61.0\CMake\CurlTests.c(44): fatal error C1083: Cannot open include file: 'unistd.h': No such file or directory [C:\Git\ultrasound\third_party\curl-7.61.0\build\CMakeFiles\CMakeTmp\cmTC_1908b.vcxproj]
已完成生成项目“C:\Git\ultrasound\third_party\curl-7.61.0\build\CMakeFiles\CMakeTmp\cmTC_1908b.vcxproj”(默认目标)的操作 - 失败。

生成失败。

“C:\Git\ultrasound\third_party\curl-7.61.0\build\CMakeFiles\CMakeTmp\cmTC_1908b.vcxproj”(默认目标) (1) ->
(ClCompile 目标) -> 
  C:\Git\ultrasound\third_party\curl-7.61.0\CMake\CurlTests.c(44): fatal error C1083: Cannot open include file: 'unistd.h': No such file or directory [C:\Git\ultrasound\third_party\curl-7.61.0\build\CMakeFiles\CMakeTmp\cmTC_1908b.vcxproj]

    0 个警告
    1 个错误

已用时间 00:00:00.48

Performing Curl Test HAVE_IOCTLSOCKET_CAMEL failed with the following output:
Change Dir: C:/Git/ultrasound/third_party/curl-7.61.0/build/CMakeFiles/CMakeTmp

Run Build Command:"C:/Program Files (x86)/MSBuild/14.0/bin/MSBuild.exe" "cmTC_9f960.vcxproj" "/p:Configuration=Debug" "/p:VisualStudioVersion=14.0"
Microsoft (R) 生成引擎版本 14.0.25420.1
版权所有(C) Microsoft Corporation。保留所有权利。

生成启动时间为 8/15/2018 12:28:17 AM。
节点 1 上的项目“C:\Git\ultrasound\third_party\curl-7.61.0\build\CMakeFiles\CMakeTmp\cmTC_9f960.vcxproj”(默认目标)。
PrepareForBuild:
  正在创建目录“cmTC_9f960.dir\Debug\”。
  正在创建目录“C:\Git\ultrasound\third_party\curl-7.61.0\build\CMakeFiles\CMakeTmp\Debug\”。
  正在创建目录“cmTC_9f960.dir\Debug\cmTC_9f960.tlog\”。
InitializeBuildStatus:
  正在创建“cmTC_9f960.dir\Debug\cmTC_9f960.tlog\unsuccessfulbuild”，因为已指定“AlwaysCreate”。
ClCompile:
  C:\Program Files (x86)\Microsoft Visual Studio 14.0\VC\bin\CL.exe /c /Zi /W3 /WX- /Od /Ob0 /Oy- /D WIN32 /D _WINDOWS /D HAVE_IOCTLSOCKET_CAMEL /D HAVE_WINDOWS_H /D HAVE_WINSOCK_H /D HAVE_WS2TCPIP_H /D HAVE_WINSOCK2_H /D HAVE_STDIO_H /D HAVE_SYS_STAT_H /D HAVE_SYS_TYPES_H /D HAVE_SYS_UTIME_H /D HAVE_ASSERT_H /D HAVE_ERRNO_H /D HAVE_FCNTL_H /D HAVE_IO_H /D HAVE_LOCALE_H /D HAVE_SETJMP_H /D HAVE_SIGNAL_H /D HAVE_STDBOOL_H /D HAVE_STDLIB_H /D HAVE_STRING_H /D HAVE_TIME_H /D HAVE_PROCESS_H /D HAVE_STDDEF_H /D HAVE_MALLOC_H /D HAVE_MEMORY_H /D "CMAKE_INTDIR=\"Debug\"" /D _MBCS /Gm- /RTC1 /MDd /GS /fp:precise /Zc:wchar_t /Zc:forScope /Zc:inline /Fo"cmTC_9f960.dir\Debug\\" /Fd"cmTC_9f960.dir\Debug\vc140.pdb" /Gd /TC /analyze- /errorReport:queue "C:\Git\ultrasound\third_party\curl-7.61.0\CMake\CurlTests.c"
  Microsoft (R) C/C++ Optimizing Compiler Version 19.00.24215.1 for x86
  Copyright (C) Microsoft Corporation.  All rights reserved.
  
  cl /c /Zi /W3 /WX- /Od /Ob0 /Oy- /D WIN32 /D _WINDOWS /D HAVE_IOCTLSOCKET_CAMEL /D HAVE_WINDOWS_H /D HAVE_WINSOCK_H /D HAVE_WS2TCPIP_H /D HAVE_WINSOCK2_H /D HAVE_STDIO_H /D HAVE_SYS_STAT_H /D HAVE_SYS_TYPES_H /D HAVE_SYS_UTIME_H /D HAVE_ASSERT_H /D HAVE_ERRNO_H /D HAVE_FCNTL_H /D HAVE_IO_H /D HAVE_LOCALE_H /D HAVE_SETJMP_H /D HAVE_SIGNAL_H /D HAVE_STDBOOL_H /D HAVE_STDLIB_H /D HAVE_STRING_H /D HAVE_TIME_H /D HAVE_PROCESS_H /D HAVE_STDDEF_H /D HAVE_MALLOC_H /D HAVE_MEMORY_H /D "CMAKE_INTDIR=\"Debug\"" /D _MBCS /Gm- /RTC1 /MDd /GS /fp:precise /Zc:wchar_t /Zc:forScope /Zc:inline /Fo"cmTC_9f960.dir\Debug\\" /Fd"cmTC_9f960.dir\Debug\vc140.pdb" /Gd /TC /analyze- /errorReport:queue "C:\Git\ultrasound\third_party\curl-7.61.0\CMake\CurlTests.c"
  
  CurlTests.c
C:\Git\ultrasound\third_party\curl-7.61.0\CMake\CurlTests.c(350): warning C4013: 'IoctlSocket' undefined; assuming extern returning int [C:\Git\ultrasound\third_party\curl-7.61.0\build\CMakeFiles\CMakeTmp\cmTC_9f960.vcxproj]
Link:
  C:\Program Files (x86)\Microsoft Visual Studio 14.0\VC\bin\link.exe /ERRORREPORT:QUEUE /OUT:"C:\Git\ultrasound\third_party\curl-7.61.0\build\CMakeFiles\CMakeTmp\Debug\cmTC_9f960.exe" /INCREMENTAL /NOLOGO ws2_32.lib kernel32.lib user32.lib gdi32.lib winspool.lib shell32.lib ole32.lib oleaut32.lib uuid.lib comdlg32.lib advapi32.lib /MANIFEST /MANIFESTUAC:"level='asInvoker' uiAccess='false'" /manifest:embed /DEBUG /PDB:"C:/Git/ultrasound/third_party/curl-7.61.0/build/CMakeFiles/CMakeTmp/Debug/cmTC_9f960.pdb" /SUBSYSTEM:CONSOLE /TLBID:1 /DYNAMICBASE /NXCOMPAT /IMPLIB:"C:/Git/ultrasound/third_party/curl-7.61.0/build/CMakeFiles/CMakeTmp/Debug/cmTC_9f960.lib" /MACHINE:X86 /SAFESEH  /machine:X86 cmTC_9f960.dir\Debug\CurlTests.obj
CurlTests.obj : error LNK2019: unresolved external symbol _IoctlSocket referenced in function _main [C:\Git\ultrasound\third_party\curl-7.61.0\build\CMakeFiles\CMakeTmp\cmTC_9f960.vcxproj]
C:\Git\ultrasound\third_party\curl-7.61.0\build\CMakeFiles\CMakeTmp\Debug\cmTC_9f960.exe : fatal error LNK1120: 1 unresolved externals [C:\Git\ultrasound\third_party\curl-7.61.0\build\CMakeFiles\CMakeTmp\cmTC_9f960.vcxproj]
已完成生成项目“C:\Git\ultrasound\third_party\curl-7.61.0\build\CMakeFiles\CMakeTmp\cmTC_9f960.vcxproj”(默认目标)的操作 - 失败。

生成失败。

“C:\Git\ultrasound\third_party\curl-7.61.0\build\CMakeFiles\CMakeTmp\cmTC_9f960.vcxproj”(默认目标) (1) ->
(ClCompile 目标) -> 
  C:\Git\ultrasound\third_party\curl-7.61.0\CMake\CurlTests.c(350): warning C4013: 'IoctlSocket' undefined; assuming extern returning int [C:\Git\ultrasound\third_party\curl-7.61.0\build\CMakeFiles\CMakeTmp\cmTC_9f960.vcxproj]


“C:\Git\ultrasound\third_party\curl-7.61.0\build\CMakeFiles\CMakeTmp\cmTC_9f960.vcxproj”(默认目标) (1) ->
(Link 目标) -> 
  CurlTests.obj : error LNK2019: unresolved external symbol _IoctlSocket referenced in function _main [C:\Git\ultrasound\third_party\curl-7.61.0\build\CMakeFiles\CMakeTmp\cmTC_9f960.vcxproj]
  C:\Git\ultrasound\third_party\curl-7.61.0\build\CMakeFiles\CMakeTmp\Debug\cmTC_9f960.exe : fatal error LNK1120: 1 unresolved externals [C:\Git\ultrasound\third_party\curl-7.61.0\build\CMakeFiles\CMakeTmp\cmTC_9f960.vcxproj]

    1 个警告
    2 个错误

已用时间 00:00:00.89

Performing Curl Test HAVE_IOCTL_FIONBIO failed with the following output:
Change Dir: C:/Git/ultrasound/third_party/curl-7.61.0/build/CMakeFiles/CMakeTmp

Run Build Command:"C:/Program Files (x86)/MSBuild/14.0/bin/MSBuild.exe" "cmTC_7cd20.vcxproj" "/p:Configuration=Debug" "/p:VisualStudioVersion=14.0"
Microsoft (R) 生成引擎版本 14.0.25420.1
版权所有(C) Microsoft Corporation。保留所有权利。

生成启动时间为 8/15/2018 12:28:21 AM。
节点 1 上的项目“C:\Git\ultrasound\third_party\curl-7.61.0\build\CMakeFiles\CMakeTmp\cmTC_7cd20.vcxproj”(默认目标)。
PrepareForBuild:
  正在创建目录“cmTC_7cd20.dir\Debug\”。
  正在创建目录“C:\Git\ultrasound\third_party\curl-7.61.0\build\CMakeFiles\CMakeTmp\Debug\”。
  正在创建目录“cmTC_7cd20.dir\Debug\cmTC_7cd20.tlog\”。
InitializeBuildStatus:
  正在创建“cmTC_7cd20.dir\Debug\cmTC_7cd20.tlog\unsuccessfulbuild”，因为已指定“AlwaysCreate”。
ClCompile:
  C:\Program Files (x86)\Microsoft Visual Studio 14.0\VC\bin\CL.exe /c /Zi /W3 /WX- /Od /Ob0 /Oy- /D WIN32 /D _WINDOWS /D HAVE_IOCTL_FIONBIO /D HAVE_WINDOWS_H /D HAVE_WINSOCK_H /D HAVE_WS2TCPIP_H /D HAVE_WINSOCK2_H /D HAVE_STDIO_H /D HAVE_SYS_STAT_H /D HAVE_SYS_TYPES_H /D HAVE_SYS_UTIME_H /D HAVE_ASSERT_H /D HAVE_ERRNO_H /D HAVE_FCNTL_H /D HAVE_IO_H /D HAVE_LOCALE_H /D HAVE_SETJMP_H /D HAVE_SIGNAL_H /D HAVE_STDBOOL_H /D HAVE_STDLIB_H /D HAVE_STRING_H /D HAVE_TIME_H /D HAVE_PROCESS_H /D HAVE_STDDEF_H /D HAVE_MALLOC_H /D HAVE_MEMORY_H /D "CMAKE_INTDIR=\"Debug\"" /D _MBCS /Gm- /RTC1 /MDd /GS /fp:precise /Zc:wchar_t /Zc:forScope /Zc:inline /Fo"cmTC_7cd20.dir\Debug\\" /Fd"cmTC_7cd20.dir\Debug\vc140.pdb" /Gd /TC /analyze- /errorReport:queue "C:\Git\ultrasound\third_party\curl-7.61.0\CMake\CurlTests.c"
  Microsoft (R) C/C++ Optimizing Compiler Version 19.00.24215.1 for x86
  Copyright (C) Microsoft Corporation.  All rights reserved.
  
  cl /c /Zi /W3 /WX- /Od /Ob0 /Oy- /D WIN32 /D _WINDOWS /D HAVE_IOCTL_FIONBIO /D HAVE_WINDOWS_H /D HAVE_WINSOCK_H /D HAVE_WS2TCPIP_H /D HAVE_WINSOCK2_H /D HAVE_STDIO_H /D HAVE_SYS_STAT_H /D HAVE_SYS_TYPES_H /D HAVE_SYS_UTIME_H /D HAVE_ASSERT_H /D HAVE_ERRNO_H /D HAVE_FCNTL_H /D HAVE_IO_H /D HAVE_LOCALE_H /D HAVE_SETJMP_H /D HAVE_SIGNAL_H /D HAVE_STDBOOL_H /D HAVE_STDLIB_H /D HAVE_STRING_H /D HAVE_TIME_H /D HAVE_PROCESS_H /D HAVE_STDDEF_H /D HAVE_MALLOC_H /D HAVE_MEMORY_H /D "CMAKE_INTDIR=\"Debug\"" /D _MBCS /Gm- /RTC1 /MDd /GS /fp:precise /Zc:wchar_t /Zc:forScope /Zc:inline /Fo"cmTC_7cd20.dir\Debug\\" /Fd"cmTC_7cd20.dir\Debug\vc140.pdb" /Gd /TC /analyze- /errorReport:queue "C:\Git\ultrasound\third_party\curl-7.61.0\CMake\CurlTests.c"
  
  CurlTests.c
C:\Git\ultrasound\third_party\curl-7.61.0\CMake\CurlTests.c(436): warning C4013: 'ioctl' undefined; assuming extern returning int [C:\Git\ultrasound\third_party\curl-7.61.0\build\CMakeFiles\CMakeTmp\cmTC_7cd20.vcxproj]
C:\Git\ultrasound\third_party\curl-7.61.0\CMake\CurlTests.c(436): error C2065: 'FIONBIO': undeclared identifier [C:\Git\ultrasound\third_party\curl-7.61.0\build\CMakeFiles\CMakeTmp\cmTC_7cd20.vcxproj]
已完成生成项目“C:\Git\ultrasound\third_party\curl-7.61.0\build\CMakeFiles\CMakeTmp\cmTC_7cd20.vcxproj”(默认目标)的操作 - 失败。

生成失败。

“C:\Git\ultrasound\third_party\curl-7.61.0\build\CMakeFiles\CMakeTmp\cmTC_7cd20.vcxproj”(默认目标) (1) ->
(ClCompile 目标) -> 
  C:\Git\ultrasound\third_party\curl-7.61.0\CMake\CurlTests.c(436): warning C4013: 'ioctl' undefined; assuming extern returning int [C:\Git\ultrasound\third_party\curl-7.61.0\build\CMakeFiles\CMakeTmp\cmTC_7cd20.vcxproj]


“C:\Git\ultrasound\third_party\curl-7.61.0\build\CMakeFiles\CMakeTmp\cmTC_7cd20.vcxproj”(默认目标) (1) ->
(ClCompile 目标) -> 
  C:\Git\ultrasound\third_party\curl-7.61.0\CMake\CurlTests.c(436): error C2065: 'FIONBIO': undeclared identifier [C:\Git\ultrasound\third_party\curl-7.61.0\build\CMakeFiles\CMakeTmp\cmTC_7cd20.vcxproj]

    1 个警告
    1 个错误

已用时间 00:00:00.49

Performing Curl Test HAVE_IOCTL_SIOCGIFADDR failed with the following output:
Change Dir: C:/Git/ultrasound/third_party/curl-7.61.0/build/CMakeFiles/CMakeTmp

Run Build Command:"C:/Program Files (x86)/MSBuild/14.0/bin/MSBuild.exe" "cmTC_531ab.vcxproj" "/p:Configuration=Debug" "/p:VisualStudioVersion=14.0"
Microsoft (R) 生成引擎版本 14.0.25420.1
版权所有(C) Microsoft Corporation。保留所有权利。

生成启动时间为 8/15/2018 12:28:22 AM。
节点 1 上的项目“C:\Git\ultrasound\third_party\curl-7.61.0\build\CMakeFiles\CMakeTmp\cmTC_531ab.vcxproj”(默认目标)。
PrepareForBuild:
  正在创建目录“cmTC_531ab.dir\Debug\”。
  正在创建目录“C:\Git\ultrasound\third_party\curl-7.61.0\build\CMakeFiles\CMakeTmp\Debug\”。
  正在创建目录“cmTC_531ab.dir\Debug\cmTC_531ab.tlog\”。
InitializeBuildStatus:
  正在创建“cmTC_531ab.dir\Debug\cmTC_531ab.tlog\unsuccessfulbuild”，因为已指定“AlwaysCreate”。
ClCompile:
  C:\Program Files (x86)\Microsoft Visual Studio 14.0\VC\bin\CL.exe /c /Zi /W3 /WX- /Od /Ob0 /Oy- /D WIN32 /D _WINDOWS /D HAVE_IOCTL_SIOCGIFADDR /D HAVE_WINDOWS_H /D HAVE_WINSOCK_H /D HAVE_WS2TCPIP_H /D HAVE_WINSOCK2_H /D HAVE_STDIO_H /D HAVE_SYS_STAT_H /D HAVE_SYS_TYPES_H /D HAVE_SYS_UTIME_H /D HAVE_ASSERT_H /D HAVE_ERRNO_H /D HAVE_FCNTL_H /D HAVE_IO_H /D HAVE_LOCALE_H /D HAVE_SETJMP_H /D HAVE_SIGNAL_H /D HAVE_STDBOOL_H /D HAVE_STDLIB_H /D HAVE_STRING_H /D HAVE_TIME_H /D HAVE_PROCESS_H /D HAVE_STDDEF_H /D HAVE_MALLOC_H /D HAVE_MEMORY_H /D "CMAKE_INTDIR=\"Debug\"" /D _MBCS /Gm- /RTC1 /MDd /GS /fp:precise /Zc:wchar_t /Zc:forScope /Zc:inline /Fo"cmTC_531ab.dir\Debug\\" /Fd"cmTC_531ab.dir\Debug\vc140.pdb" /Gd /TC /analyze- /errorReport:queue "C:\Git\ultrasound\third_party\curl-7.61.0\CMake\CurlTests.c"
  Microsoft (R) C/C++ Optimizing Compiler Version 19.00.24215.1 for x86
  Copyright (C) Microsoft Corporation.  All rights reserved.
  
  cl /c /Zi /W3 /WX- /Od /Ob0 /Oy- /D WIN32 /D _WINDOWS /D HAVE_IOCTL_SIOCGIFADDR /D HAVE_WINDOWS_H /D HAVE_WINSOCK_H /D HAVE_WS2TCPIP_H /D HAVE_WINSOCK2_H /D HAVE_STDIO_H /D HAVE_SYS_STAT_H /D HAVE_SYS_TYPES_H /D HAVE_SYS_UTIME_H /D HAVE_ASSERT_H /D HAVE_ERRNO_H /D HAVE_FCNTL_H /D HAVE_IO_H /D HAVE_LOCALE_H /D HAVE_SETJMP_H /D HAVE_SIGNAL_H /D HAVE_STDBOOL_H /D HAVE_STDLIB_H /D HAVE_STRING_H /D HAVE_TIME_H /D HAVE_PROCESS_H /D HAVE_STDDEF_H /D HAVE_MALLOC_H /D HAVE_MEMORY_H /D "CMAKE_INTDIR=\"Debug\"" /D _MBCS /Gm- /RTC1 /MDd /GS /fp:precise /Zc:wchar_t /Zc:forScope /Zc:inline /Fo"cmTC_531ab.dir\Debug\\" /Fd"cmTC_531ab.dir\Debug\vc140.pdb" /Gd /TC /analyze- /errorReport:queue "C:\Git\ultrasound\third_party\curl-7.61.0\CMake\CurlTests.c"
  
  CurlTests.c
C:\Git\ultrasound\third_party\curl-7.61.0\CMake\CurlTests.c(461): fatal error C1083: Cannot open include file: 'net/if.h': No such file or directory [C:\Git\ultrasound\third_party\curl-7.61.0\build\CMakeFiles\CMakeTmp\cmTC_531ab.vcxproj]
已完成生成项目“C:\Git\ultrasound\third_party\curl-7.61.0\build\CMakeFiles\CMakeTmp\cmTC_531ab.vcxproj”(默认目标)的操作 - 失败。

生成失败。

“C:\Git\ultrasound\third_party\curl-7.61.0\build\CMakeFiles\CMakeTmp\cmTC_531ab.vcxproj”(默认目标) (1) ->
(ClCompile 目标) -> 
  C:\Git\ultrasound\third_party\curl-7.61.0\CMake\CurlTests.c(461): fatal error C1083: Cannot open include file: 'net/if.h': No such file or directory [C:\Git\ultrasound\third_party\curl-7.61.0\build\CMakeFiles\CMakeTmp\cmTC_531ab.vcxproj]

    0 个警告
    1 个错误

已用时间 00:00:00.46

Performing Curl Test HAVE_SETSOCKOPT_SO_NONBLOCK failed with the following output:
Change Dir: C:/Git/ultrasound/third_party/curl-7.61.0/build/CMakeFiles/CMakeTmp

Run Build Command:"C:/Program Files (x86)/MSBuild/14.0/bin/MSBuild.exe" "cmTC_523d8.vcxproj" "/p:Configuration=Debug" "/p:VisualStudioVersion=14.0"
Microsoft (R) 生成引擎版本 14.0.25420.1
版权所有(C) Microsoft Corporation。保留所有权利。

生成启动时间为 8/15/2018 12:28:22 AM。
节点 1 上的项目“C:\Git\ultrasound\third_party\curl-7.61.0\build\CMakeFiles\CMakeTmp\cmTC_523d8.vcxproj”(默认目标)。
PrepareForBuild:
  正在创建目录“cmTC_523d8.dir\Debug\”。
  正在创建目录“C:\Git\ultrasound\third_party\curl-7.61.0\build\CMakeFiles\CMakeTmp\Debug\”。
  正在创建目录“cmTC_523d8.dir\Debug\cmTC_523d8.tlog\”。
InitializeBuildStatus:
  正在创建“cmTC_523d8.dir\Debug\cmTC_523d8.tlog\unsuccessfulbuild”，因为已指定“AlwaysCreate”。
ClCompile:
  C:\Program Files (x86)\Microsoft Visual Studio 14.0\VC\bin\CL.exe /c /Zi /W3 /WX- /Od /Ob0 /Oy- /D WIN32 /D _WINDOWS /D HAVE_SETSOCKOPT_SO_NONBLOCK /D HAVE_WINDOWS_H /D HAVE_WINSOCK_H /D HAVE_WS2TCPIP_H /D HAVE_WINSOCK2_H /D HAVE_STDIO_H /D HAVE_SYS_STAT_H /D HAVE_SYS_TYPES_H /D HAVE_SYS_UTIME_H /D HAVE_ASSERT_H /D HAVE_ERRNO_H /D HAVE_FCNTL_H /D HAVE_IO_H /D HAVE_LOCALE_H /D HAVE_SETJMP_H /D HAVE_SIGNAL_H /D HAVE_STDBOOL_H /D HAVE_STDLIB_H /D HAVE_STRING_H /D HAVE_TIME_H /D HAVE_PROCESS_H /D HAVE_STDDEF_H /D HAVE_MALLOC_H /D HAVE_MEMORY_H /D "CMAKE_INTDIR=\"Debug\"" /D _MBCS /Gm- /RTC1 /MDd /GS /fp:precise /Zc:wchar_t /Zc:forScope /Zc:inline /Fo"cmTC_523d8.dir\Debug\\" /Fd"cmTC_523d8.dir\Debug\vc140.pdb" /Gd /TC /analyze- /errorReport:queue "C:\Git\ultrasound\third_party\curl-7.61.0\CMake\CurlTests.c"
  Microsoft (R) C/C++ Optimizing Compiler Version 19.00.24215.1 for x86
  Copyright (C) Microsoft Corporation.  All rights reserved.
  
  cl /c /Zi /W3 /WX- /Od /Ob0 /Oy- /D WIN32 /D _WINDOWS /D HAVE_SETSOCKOPT_SO_NONBLOCK /D HAVE_WINDOWS_H /D HAVE_WINSOCK_H /D HAVE_WS2TCPIP_H /D HAVE_WINSOCK2_H /D HAVE_STDIO_H /D HAVE_SYS_STAT_H /D HAVE_SYS_TYPES_H /D HAVE_SYS_UTIME_H /D HAVE_ASSERT_H /D HAVE_ERRNO_H /D HAVE_FCNTL_H /D HAVE_IO_H /D HAVE_LOCALE_H /D HAVE_SETJMP_H /D HAVE_SIGNAL_H /D HAVE_STDBOOL_H /D HAVE_STDLIB_H /D HAVE_STRING_H /D HAVE_TIME_H /D HAVE_PROCESS_H /D HAVE_STDDEF_H /D HAVE_MALLOC_H /D HAVE_MEMORY_H /D "CMAKE_INTDIR=\"Debug\"" /D _MBCS /Gm- /RTC1 /MDd /GS /fp:precise /Zc:wchar_t /Zc:forScope /Zc:inline /Fo"cmTC_523d8.dir\Debug\\" /Fd"cmTC_523d8.dir\Debug\vc140.pdb" /Gd /TC /analyze- /errorReport:queue "C:\Git\ultrasound\third_party\curl-7.61.0\CMake\CurlTests.c"
  
  CurlTests.c
C:\Git\ultrasound\third_party\curl-7.61.0\CMake\CurlTests.c(501): error C2065: 'SO_NONBLOCK': undeclared identifier [C:\Git\ultrasound\third_party\curl-7.61.0\build\CMakeFiles\CMakeTmp\cmTC_523d8.vcxproj]
已完成生成项目“C:\Git\ultrasound\third_party\curl-7.61.0\build\CMakeFiles\CMakeTmp\cmTC_523d8.vcxproj”(默认目标)的操作 - 失败。

生成失败。

“C:\Git\ultrasound\third_party\curl-7.61.0\build\CMakeFiles\CMakeTmp\cmTC_523d8.vcxproj”(默认目标) (1) ->
(ClCompile 目标) -> 
  C:\Git\ultrasound\third_party\curl-7.61.0\CMake\CurlTests.c(501): error C2065: 'SO_NONBLOCK': undeclared identifier [C:\Git\ultrasound\third_party\curl-7.61.0\build\CMakeFiles\CMakeTmp\cmTC_523d8.vcxproj]

    0 个警告
    1 个错误

已用时间 00:00:00.59

Performing Curl Test HAVE_SOCKADDR_IN6_SIN6_SCOPE_ID failed with the following output:
Change Dir: C:/Git/ultrasound/third_party/curl-7.61.0/build/CMakeFiles/CMakeTmp

Run Build Command:"C:/Program Files (x86)/MSBuild/14.0/bin/MSBuild.exe" "cmTC_b347f.vcxproj" "/p:Configuration=Debug" "/p:VisualStudioVersion=14.0"
Microsoft (R) 生成引擎版本 14.0.25420.1
版权所有(C) Microsoft Corporation。保留所有权利。

生成启动时间为 8/15/2018 12:28:23 AM。
节点 1 上的项目“C:\Git\ultrasound\third_party\curl-7.61.0\build\CMakeFiles\CMakeTmp\cmTC_b347f.vcxproj”(默认目标)。
PrepareForBuild:
  正在创建目录“cmTC_b347f.dir\Debug\”。
  正在创建目录“C:\Git\ultrasound\third_party\curl-7.61.0\build\CMakeFiles\CMakeTmp\Debug\”。
  正在创建目录“cmTC_b347f.dir\Debug\cmTC_b347f.tlog\”。
InitializeBuildStatus:
  正在创建“cmTC_b347f.dir\Debug\cmTC_b347f.tlog\unsuccessfulbuild”，因为已指定“AlwaysCreate”。
ClCompile:
  C:\Program Files (x86)\Microsoft Visual Studio 14.0\VC\bin\CL.exe /c /Zi /W3 /WX- /Od /Ob0 /Oy- /D WIN32 /D _WINDOWS /D HAVE_SOCKADDR_IN6_SIN6_SCOPE_ID /D HAVE_WINDOWS_H /D HAVE_WINSOCK_H /D HAVE_WS2TCPIP_H /D HAVE_WINSOCK2_H /D HAVE_STDIO_H /D HAVE_SYS_STAT_H /D HAVE_SYS_TYPES_H /D HAVE_SYS_UTIME_H /D HAVE_ASSERT_H /D HAVE_ERRNO_H /D HAVE_FCNTL_H /D HAVE_IO_H /D HAVE_LOCALE_H /D HAVE_SETJMP_H /D HAVE_SIGNAL_H /D HAVE_STDBOOL_H /D HAVE_STDLIB_H /D HAVE_STRING_H /D HAVE_TIME_H /D HAVE_PROCESS_H /D HAVE_STDDEF_H /D HAVE_MALLOC_H /D HAVE_MEMORY_H /D "CMAKE_INTDIR=\"Debug\"" /D _MBCS /Gm- /RTC1 /MDd /GS /fp:precise /Zc:wchar_t /Zc:forScope /Zc:inline /Fo"cmTC_b347f.dir\Debug\\" /Fd"cmTC_b347f.dir\Debug\vc140.pdb" /Gd /TC /analyze- /errorReport:queue "C:\Git\ultrasound\third_party\curl-7.61.0\CMake\CurlTests.c"
  Microsoft (R) C/C++ Optimizing Compiler Version 19.00.24215.1 for x86
  Copyright (C) Microsoft Corporation.  All rights reserved.
  
  cl /c /Zi /W3 /WX- /Od /Ob0 /Oy- /D WIN32 /D _WINDOWS /D HAVE_SOCKADDR_IN6_SIN6_SCOPE_ID /D HAVE_WINDOWS_H /D HAVE_WINSOCK_H /D HAVE_WS2TCPIP_H /D HAVE_WINSOCK2_H /D HAVE_STDIO_H /D HAVE_SYS_STAT_H /D HAVE_SYS_TYPES_H /D HAVE_SYS_UTIME_H /D HAVE_ASSERT_H /D HAVE_ERRNO_H /D HAVE_FCNTL_H /D HAVE_IO_H /D HAVE_LOCALE_H /D HAVE_SETJMP_H /D HAVE_SIGNAL_H /D HAVE_STDBOOL_H /D HAVE_STDLIB_H /D HAVE_STRING_H /D HAVE_TIME_H /D HAVE_PROCESS_H /D HAVE_STDDEF_H /D HAVE_MALLOC_H /D HAVE_MEMORY_H /D "CMAKE_INTDIR=\"Debug\"" /D _MBCS /Gm- /RTC1 /MDd /GS /fp:precise /Zc:wchar_t /Zc:forScope /Zc:inline /Fo"cmTC_b347f.dir\Debug\\" /Fd"cmTC_b347f.dir\Debug\vc140.pdb" /Gd /TC /analyze- /errorReport:queue "C:\Git\ultrasound\third_party\curl-7.61.0\CMake\CurlTests.c"
  
  CurlTests.c
Link:
  C:\Program Files (x86)\Microsoft Visual Studio 14.0\VC\bin\link.exe /ERRORREPORT:QUEUE /OUT:"C:\Git\ultrasound\third_party\curl-7.61.0\build\CMakeFiles\CMakeTmp\Debug\cmTC_b347f.exe" /INCREMENTAL /NOLOGO ws2_32.lib kernel32.lib user32.lib gdi32.lib winspool.lib shell32.lib ole32.lib oleaut32.lib uuid.lib comdlg32.lib advapi32.lib /MANIFEST /MANIFESTUAC:"level='asInvoker' uiAccess='false'" /manifest:embed /DEBUG /PDB:"C:/Git/ultrasound/third_party/curl-7.61.0/build/CMakeFiles/CMakeTmp/Debug/cmTC_b347f.pdb" /SUBSYSTEM:CONSOLE /TLBID:1 /DYNAMICBASE /NXCOMPAT /IMPLIB:"C:/Git/ultrasound/third_party/curl-7.61.0/build/CMakeFiles/CMakeTmp/Debug/cmTC_b347f.lib" /MACHINE:X86 /SAFESEH  /machine:X86 cmTC_b347f.dir\Debug\CurlTests.obj
MSVCRTD.lib(exe_main.obj) : error LNK2019: unresolved external symbol _main referenced in function "int __cdecl invoke_main(void)" (?invoke_main@@YAHXZ) [C:\Git\ultrasound\third_party\curl-7.61.0\build\CMakeFiles\CMakeTmp\cmTC_b347f.vcxproj]
C:\Git\ultrasound\third_party\curl-7.61.0\build\CMakeFiles\CMakeTmp\Debug\cmTC_b347f.exe : fatal error LNK1120: 1 unresolved externals [C:\Git\ultrasound\third_party\curl-7.61.0\build\CMakeFiles\CMakeTmp\cmTC_b347f.vcxproj]
已完成生成项目“C:\Git\ultrasound\third_party\curl-7.61.0\build\CMakeFiles\CMakeTmp\cmTC_b347f.vcxproj”(默认目标)的操作 - 失败。

生成失败。

“C:\Git\ultrasound\third_party\curl-7.61.0\build\CMakeFiles\CMakeTmp\cmTC_b347f.vcxproj”(默认目标) (1) ->
(Link 目标) -> 
  MSVCRTD.lib(exe_main.obj) : error LNK2019: unresolved external symbol _main referenced in function "int __cdecl invoke_main(void)" (?invoke_main@@YAHXZ) [C:\Git\ultrasound\third_party\curl-7.61.0\build\CMakeFiles\CMakeTmp\cmTC_b347f.vcxproj]
  C:\Git\ultrasound\third_party\curl-7.61.0\build\CMakeFiles\CMakeTmp\Debug\cmTC_b347f.exe : fatal error LNK1120: 1 unresolved externals [C:\Git\ultrasound\third_party\curl-7.61.0\build\CMakeFiles\CMakeTmp\cmTC_b347f.vcxproj]

    0 个警告
    2 个错误

已用时间 00:00:00.94

Performing Curl Test HAVE_FILE_OFFSET_BITS failed with the following output:
Change Dir: C:/Git/ultrasound/third_party/curl-7.61.0/build/CMakeFiles/CMakeTmp

Run Build Command:"C:/Program Files (x86)/MSBuild/14.0/bin/MSBuild.exe" "cmTC_19baa.vcxproj" "/p:Configuration=Debug" "/p:VisualStudioVersion=14.0"
Microsoft (R) 生成引擎版本 14.0.25420.1
版权所有(C) Microsoft Corporation。保留所有权利。

生成启动时间为 8/15/2018 12:28:28 AM。
节点 1 上的项目“C:\Git\ultrasound\third_party\curl-7.61.0\build\CMakeFiles\CMakeTmp\cmTC_19baa.vcxproj”(默认目标)。
PrepareForBuild:
  正在创建目录“cmTC_19baa.dir\Debug\”。
  正在创建目录“C:\Git\ultrasound\third_party\curl-7.61.0\build\CMakeFiles\CMakeTmp\Debug\”。
  正在创建目录“cmTC_19baa.dir\Debug\cmTC_19baa.tlog\”。
InitializeBuildStatus:
  正在创建“cmTC_19baa.dir\Debug\cmTC_19baa.tlog\unsuccessfulbuild”，因为已指定“AlwaysCreate”。
ClCompile:
  C:\Program Files (x86)\Microsoft Visual Studio 14.0\VC\bin\CL.exe /c /Zi /W3 /WX- /Od /Ob0 /Oy- /D WIN32 /D _WINDOWS /D HAVE_FILE_OFFSET_BITS /D HAVE_WINDOWS_H /D HAVE_WINSOCK_H /D HAVE_WS2TCPIP_H /D HAVE_WINSOCK2_H /D HAVE_STDIO_H /D HAVE_SYS_STAT_H /D HAVE_SYS_TYPES_H /D HAVE_SYS_UTIME_H /D HAVE_ASSERT_H /D HAVE_ERRNO_H /D HAVE_FCNTL_H /D HAVE_IO_H /D HAVE_LOCALE_H /D HAVE_SETJMP_H /D HAVE_SIGNAL_H /D HAVE_STDBOOL_H /D HAVE_STDLIB_H /D HAVE_STRING_H /D HAVE_TIME_H /D HAVE_PROCESS_H /D HAVE_STDDEF_H /D HAVE_MALLOC_H /D HAVE_MEMORY_H /D "CMAKE_INTDIR=\"Debug\"" /D _MBCS /Gm- /RTC1 /MDd /GS /fp:precise /Zc:wchar_t /Zc:forScope /Zc:inline /Fo"cmTC_19baa.dir\Debug\\" /Fd"cmTC_19baa.dir\Debug\vc140.pdb" /Gd /TC /analyze- /errorReport:queue "C:\Git\ultrasound\third_party\curl-7.61.0\CMake\CurlTests.c"
  Microsoft (R) C/C++ Optimizing Compiler Version 19.00.24215.1 for x86
  Copyright (C) Microsoft Corporation.  All rights reserved.
  
  cl /c /Zi /W3 /WX- /Od /Ob0 /Oy- /D WIN32 /D _WINDOWS /D HAVE_FILE_OFFSET_BITS /D HAVE_WINDOWS_H /D HAVE_WINSOCK_H /D HAVE_WS2TCPIP_H /D HAVE_WINSOCK2_H /D HAVE_STDIO_H /D HAVE_SYS_STAT_H /D HAVE_SYS_TYPES_H /D HAVE_SYS_UTIME_H /D HAVE_ASSERT_H /D HAVE_ERRNO_H /D HAVE_FCNTL_H /D HAVE_IO_H /D HAVE_LOCALE_H /D HAVE_SETJMP_H /D HAVE_SIGNAL_H /D HAVE_STDBOOL_H /D HAVE_STDLIB_H /D HAVE_STRING_H /D HAVE_TIME_H /D HAVE_PROCESS_H /D HAVE_STDDEF_H /D HAVE_MALLOC_H /D HAVE_MEMORY_H /D "CMAKE_INTDIR=\"Debug\"" /D _MBCS /Gm- /RTC1 /MDd /GS /fp:precise /Zc:wchar_t /Zc:forScope /Zc:inline /Fo"cmTC_19baa.dir\Debug\\" /Fd"cmTC_19baa.dir\Debug\vc140.pdb" /Gd /TC /analyze- /errorReport:queue "C:\Git\ultrasound\third_party\curl-7.61.0\CMake\CurlTests.c"
  
  CurlTests.c
C:\Git\ultrasound\third_party\curl-7.61.0\CMake\CurlTests.c(295): warning C4293: '<<': shift count negative or too big, undefined behavior [C:\Git\ultrasound\third_party\curl-7.61.0\build\CMakeFiles\CMakeTmp\cmTC_19baa.vcxproj]
C:\Git\ultrasound\third_party\curl-7.61.0\CMake\CurlTests.c(296): warning C4293: '<<': shift count negative or too big, undefined behavior [C:\Git\ultrasound\third_party\curl-7.61.0\build\CMakeFiles\CMakeTmp\cmTC_19baa.vcxproj]
C:\Git\ultrasound\third_party\curl-7.61.0\CMake\CurlTests.c(297): error C2118: negative subscript [C:\Git\ultrasound\third_party\curl-7.61.0\build\CMakeFiles\CMakeTmp\cmTC_19baa.vcxproj]
已完成生成项目“C:\Git\ultrasound\third_party\curl-7.61.0\build\CMakeFiles\CMakeTmp\cmTC_19baa.vcxproj”(默认目标)的操作 - 失败。

生成失败。

“C:\Git\ultrasound\third_party\curl-7.61.0\build\CMakeFiles\CMakeTmp\cmTC_19baa.vcxproj”(默认目标) (1) ->
(ClCompile 目标) -> 
  C:\Git\ultrasound\third_party\curl-7.61.0\CMake\CurlTests.c(295): warning C4293: '<<': shift count negative or too big, undefined behavior [C:\Git\ultrasound\third_party\curl-7.61.0\build\CMakeFiles\CMakeTmp\cmTC_19baa.vcxproj]
  C:\Git\ultrasound\third_party\curl-7.61.0\CMake\CurlTests.c(296): warning C4293: '<<': shift count negative or too big, undefined behavior [C:\Git\ultrasound\third_party\curl-7.61.0\build\CMakeFiles\CMakeTmp\cmTC_19baa.vcxproj]


“C:\Git\ultrasound\third_party\curl-7.61.0\build\CMakeFiles\CMakeTmp\cmTC_19baa.vcxproj”(默认目标) (1) ->
(ClCompile 目标) -> 
  C:\Git\ultrasound\third_party\curl-7.61.0\CMake\CurlTests.c(297): error C2118: negative subscript [C:\Git\ultrasound\third_party\curl-7.61.0\build\CMakeFiles\CMakeTmp\cmTC_19baa.vcxproj]

    2 个警告
    1 个错误

已用时间 00:00:00.44

Performing Curl Test HAVE_GLIBC_STRERROR_R failed with the following output:
Change Dir: C:/Git/ultrasound/third_party/curl-7.61.0/build/CMakeFiles/CMakeTmp

Run Build Command:"C:/Program Files (x86)/MSBuild/14.0/bin/MSBuild.exe" "cmTC_5794f.vcxproj" "/p:Configuration=Debug" "/p:VisualStudioVersion=14.0"
Microsoft (R) 生成引擎版本 14.0.25420.1
版权所有(C) Microsoft Corporation。保留所有权利。

生成启动时间为 8/15/2018 12:28:31 AM。
节点 1 上的项目“C:\Git\ultrasound\third_party\curl-7.61.0\build\CMakeFiles\CMakeTmp\cmTC_5794f.vcxproj”(默认目标)。
PrepareForBuild:
  正在创建目录“cmTC_5794f.dir\Debug\”。
  正在创建目录“C:\Git\ultrasound\third_party\curl-7.61.0\build\CMakeFiles\CMakeTmp\Debug\”。
  正在创建目录“cmTC_5794f.dir\Debug\cmTC_5794f.tlog\”。
InitializeBuildStatus:
  正在创建“cmTC_5794f.dir\Debug\cmTC_5794f.tlog\unsuccessfulbuild”，因为已指定“AlwaysCreate”。
ClCompile:
  C:\Program Files (x86)\Microsoft Visual Studio 14.0\VC\bin\CL.exe /c /Zi /W3 /WX- /Od /Ob0 /Oy- /D WIN32 /D _WINDOWS /D HAVE_GLIBC_STRERROR_R /D HAVE_WINDOWS_H /D HAVE_WINSOCK_H /D HAVE_WS2TCPIP_H /D HAVE_WINSOCK2_H /D HAVE_STDIO_H /D HAVE_SYS_STAT_H /D HAVE_SYS_TYPES_H /D HAVE_SYS_UTIME_H /D HAVE_ASSERT_H /D HAVE_ERRNO_H /D HAVE_FCNTL_H /D HAVE_IO_H /D HAVE_LOCALE_H /D HAVE_SETJMP_H /D HAVE_SIGNAL_H /D HAVE_STDBOOL_H /D HAVE_STDLIB_H /D HAVE_STRING_H /D HAVE_TIME_H /D HAVE_PROCESS_H /D HAVE_STDDEF_H /D HAVE_MALLOC_H /D HAVE_MEMORY_H /D "CMAKE_INTDIR=\"Debug\"" /D _MBCS /Gm- /RTC1 /MDd /GS /fp:precise /Zc:wchar_t /Zc:forScope /Zc:inline /Fo"cmTC_5794f.dir\Debug\\" /Fd"cmTC_5794f.dir\Debug\vc140.pdb" /Gd /TC /analyze- /errorReport:queue "C:\Git\ultrasound\third_party\curl-7.61.0\CMake\CurlTests.c"
  Microsoft (R) C/C++ Optimizing Compiler Version 19.00.24215.1 for x86
  Copyright (C) Microsoft Corporation.  All rights reserved.
  
  cl /c /Zi /W3 /WX- /Od /Ob0 /Oy- /D WIN32 /D _WINDOWS /D HAVE_GLIBC_STRERROR_R /D HAVE_WINDOWS_H /D HAVE_WINSOCK_H /D HAVE_WS2TCPIP_H /D HAVE_WINSOCK2_H /D HAVE_STDIO_H /D HAVE_SYS_STAT_H /D HAVE_SYS_TYPES_H /D HAVE_SYS_UTIME_H /D HAVE_ASSERT_H /D HAVE_ERRNO_H /D HAVE_FCNTL_H /D HAVE_IO_H /D HAVE_LOCALE_H /D HAVE_SETJMP_H /D HAVE_SIGNAL_H /D HAVE_STDBOOL_H /D HAVE_STDLIB_H /D HAVE_STRING_H /D HAVE_TIME_H /D HAVE_PROCESS_H /D HAVE_STDDEF_H /D HAVE_MALLOC_H /D HAVE_MEMORY_H /D "CMAKE_INTDIR=\"Debug\"" /D _MBCS /Gm- /RTC1 /MDd /GS /fp:precise /Zc:wchar_t /Zc:forScope /Zc:inline /Fo"cmTC_5794f.dir\Debug\\" /Fd"cmTC_5794f.dir\Debug\vc140.pdb" /Gd /TC /analyze- /errorReport:queue "C:\Git\ultrasound\third_party\curl-7.61.0\CMake\CurlTests.c"
  
  CurlTests.c
C:\Git\ultrasound\third_party\curl-7.61.0\CMake\CurlTests.c(517): warning C4013: 'strerror_r' undefined; assuming extern returning int [C:\Git\ultrasound\third_party\curl-7.61.0\build\CMakeFiles\CMakeTmp\cmTC_5794f.vcxproj]
C:\Git\ultrasound\third_party\curl-7.61.0\CMake\CurlTests.c(517): error C2109: subscript requires array or pointer type [C:\Git\ultrasound\third_party\curl-7.61.0\build\CMakeFiles\CMakeTmp\cmTC_5794f.vcxproj]
C:\Git\ultrasound\third_party\curl-7.61.0\CMake\CurlTests.c(517): error C2198: 'check': too few arguments for call [C:\Git\ultrasound\third_party\curl-7.61.0\build\CMakeFiles\CMakeTmp\cmTC_5794f.vcxproj]
已完成生成项目“C:\Git\ultrasound\third_party\curl-7.61.0\build\CMakeFiles\CMakeTmp\cmTC_5794f.vcxproj”(默认目标)的操作 - 失败。

生成失败。

“C:\Git\ultrasound\third_party\curl-7.61.0\build\CMakeFiles\CMakeTmp\cmTC_5794f.vcxproj”(默认目标) (1) ->
(ClCompile 目标) -> 
  C:\Git\ultrasound\third_party\curl-7.61.0\CMake\CurlTests.c(517): warning C4013: 'strerror_r' undefined; assuming extern returning int [C:\Git\ultrasound\third_party\curl-7.61.0\build\CMakeFiles\CMakeTmp\cmTC_5794f.vcxproj]


“C:\Git\ultrasound\third_party\curl-7.61.0\build\CMakeFiles\CMakeTmp\cmTC_5794f.vcxproj”(默认目标) (1) ->
(ClCompile 目标) -> 
  C:\Git\ultrasound\third_party\curl-7.61.0\CMake\CurlTests.c(517): error C2109: subscript requires array or pointer type [C:\Git\ultrasound\third_party\curl-7.61.0\build\CMakeFiles\CMakeTmp\cmTC_5794f.vcxproj]
  C:\Git\ultrasound\third_party\curl-7.61.0\CMake\CurlTests.c(517): error C2198: 'check': too few arguments for call [C:\Git\ultrasound\third_party\curl-7.61.0\build\CMakeFiles\CMakeTmp\cmTC_5794f.vcxproj]

    1 个警告
    2 个错误

已用时间 00:00:00.65

Performing Curl Test HAVE_POSIX_STRERROR_R failed with the following output:
Change Dir: C:/Git/ultrasound/third_party/curl-7.61.0/build/CMakeFiles/CMakeTmp

Run Build Command:"C:/Program Files (x86)/MSBuild/14.0/bin/MSBuild.exe" "cmTC_05a4b.vcxproj" "/p:Configuration=Debug" "/p:VisualStudioVersion=14.0"
Microsoft (R) 生成引擎版本 14.0.25420.1
版权所有(C) Microsoft Corporation。保留所有权利。

生成启动时间为 8/15/2018 12:28:32 AM。
节点 1 上的项目“C:\Git\ultrasound\third_party\curl-7.61.0\build\CMakeFiles\CMakeTmp\cmTC_05a4b.vcxproj”(默认目标)。
PrepareForBuild:
  正在创建目录“cmTC_05a4b.dir\Debug\”。
  正在创建目录“C:\Git\ultrasound\third_party\curl-7.61.0\build\CMakeFiles\CMakeTmp\Debug\”。
  正在创建目录“cmTC_05a4b.dir\Debug\cmTC_05a4b.tlog\”。
InitializeBuildStatus:
  正在创建“cmTC_05a4b.dir\Debug\cmTC_05a4b.tlog\unsuccessfulbuild”，因为已指定“AlwaysCreate”。
ClCompile:
  C:\Program Files (x86)\Microsoft Visual Studio 14.0\VC\bin\CL.exe /c /Zi /W3 /WX- /Od /Ob0 /Oy- /D WIN32 /D _WINDOWS /D HAVE_POSIX_STRERROR_R /D HAVE_WINDOWS_H /D HAVE_WINSOCK_H /D HAVE_WS2TCPIP_H /D HAVE_WINSOCK2_H /D HAVE_STDIO_H /D HAVE_SYS_STAT_H /D HAVE_SYS_TYPES_H /D HAVE_SYS_UTIME_H /D HAVE_ASSERT_H /D HAVE_ERRNO_H /D HAVE_FCNTL_H /D HAVE_IO_H /D HAVE_LOCALE_H /D HAVE_SETJMP_H /D HAVE_SIGNAL_H /D HAVE_STDBOOL_H /D HAVE_STDLIB_H /D HAVE_STRING_H /D HAVE_TIME_H /D HAVE_PROCESS_H /D HAVE_STDDEF_H /D HAVE_MALLOC_H /D HAVE_MEMORY_H /D "CMAKE_INTDIR=\"Debug\"" /D _MBCS /Gm- /RTC1 /MDd /GS /fp:precise /Zc:wchar_t /Zc:forScope /Zc:inline /Fo"cmTC_05a4b.dir\Debug\\" /Fd"cmTC_05a4b.dir\Debug\vc140.pdb" /Gd /TC /analyze- /errorReport:queue "C:\Git\ultrasound\third_party\curl-7.61.0\CMake\CurlTests.c"
  Microsoft (R) C/C++ Optimizing Compiler Version 19.00.24215.1 for x86
  Copyright (C) Microsoft Corporation.  All rights reserved.
  
  cl /c /Zi /W3 /WX- /Od /Ob0 /Oy- /D WIN32 /D _WINDOWS /D HAVE_POSIX_STRERROR_R /D HAVE_WINDOWS_H /D HAVE_WINSOCK_H /D HAVE_WS2TCPIP_H /D HAVE_WINSOCK2_H /D HAVE_STDIO_H /D HAVE_SYS_STAT_H /D HAVE_SYS_TYPES_H /D HAVE_SYS_UTIME_H /D HAVE_ASSERT_H /D HAVE_ERRNO_H /D HAVE_FCNTL_H /D HAVE_IO_H /D HAVE_LOCALE_H /D HAVE_SETJMP_H /D HAVE_SIGNAL_H /D HAVE_STDBOOL_H /D HAVE_STDLIB_H /D HAVE_STRING_H /D HAVE_TIME_H /D HAVE_PROCESS_H /D HAVE_STDDEF_H /D HAVE_MALLOC_H /D HAVE_MEMORY_H /D "CMAKE_INTDIR=\"Debug\"" /D _MBCS /Gm- /RTC1 /MDd /GS /fp:precise /Zc:wchar_t /Zc:forScope /Zc:inline /Fo"cmTC_05a4b.dir\Debug\\" /Fd"cmTC_05a4b.dir\Debug\vc140.pdb" /Gd /TC /analyze- /errorReport:queue "C:\Git\ultrasound\third_party\curl-7.61.0\CMake\CurlTests.c"
  
  CurlTests.c
C:\Git\ultrasound\third_party\curl-7.61.0\CMake\CurlTests.c(532): warning C4013: 'strerror_r' undefined; assuming extern returning int [C:\Git\ultrasound\third_party\curl-7.61.0\build\CMakeFiles\CMakeTmp\cmTC_05a4b.vcxproj]
C:\Git\ultrasound\third_party\curl-7.61.0\CMake\CurlTests.c(532): warning C4244: 'function': conversion from 'int' to 'float', possible loss of data [C:\Git\ultrasound\third_party\curl-7.61.0\build\CMakeFiles\CMakeTmp\cmTC_05a4b.vcxproj]
Link:
  C:\Program Files (x86)\Microsoft Visual Studio 14.0\VC\bin\link.exe /ERRORREPORT:QUEUE /OUT:"C:\Git\ultrasound\third_party\curl-7.61.0\build\CMakeFiles\CMakeTmp\Debug\cmTC_05a4b.exe" /INCREMENTAL /NOLOGO ws2_32.lib kernel32.lib user32.lib gdi32.lib winspool.lib shell32.lib ole32.lib oleaut32.lib uuid.lib comdlg32.lib advapi32.lib /MANIFEST /MANIFESTUAC:"level='asInvoker' uiAccess='false'" /manifest:embed /DEBUG /PDB:"C:/Git/ultrasound/third_party/curl-7.61.0/build/CMakeFiles/CMakeTmp/Debug/cmTC_05a4b.pdb" /SUBSYSTEM:CONSOLE /TLBID:1 /DYNAMICBASE /NXCOMPAT /IMPLIB:"C:/Git/ultrasound/third_party/curl-7.61.0/build/CMakeFiles/CMakeTmp/Debug/cmTC_05a4b.lib" /MACHINE:X86 /SAFESEH  /machine:X86 cmTC_05a4b.dir\Debug\CurlTests.obj
CurlTests.obj : error LNK2019: unresolved external symbol _strerror_r referenced in function _main [C:\Git\ultrasound\third_party\curl-7.61.0\build\CMakeFiles\CMakeTmp\cmTC_05a4b.vcxproj]
C:\Git\ultrasound\third_party\curl-7.61.0\build\CMakeFiles\CMakeTmp\Debug\cmTC_05a4b.exe : fatal error LNK1120: 1 unresolved externals [C:\Git\ultrasound\third_party\curl-7.61.0\build\CMakeFiles\CMakeTmp\cmTC_05a4b.vcxproj]
已完成生成项目“C:\Git\ultrasound\third_party\curl-7.61.0\build\CMakeFiles\CMakeTmp\cmTC_05a4b.vcxproj”(默认目标)的操作 - 失败。

生成失败。

“C:\Git\ultrasound\third_party\curl-7.61.0\build\CMakeFiles\CMakeTmp\cmTC_05a4b.vcxproj”(默认目标) (1) ->
(ClCompile 目标) -> 
  C:\Git\ultrasound\third_party\curl-7.61.0\CMake\CurlTests.c(532): warning C4013: 'strerror_r' undefined; assuming extern returning int [C:\Git\ultrasound\third_party\curl-7.61.0\build\CMakeFiles\CMakeTmp\cmTC_05a4b.vcxproj]
  C:\Git\ultrasound\third_party\curl-7.61.0\CMake\CurlTests.c(532): warning C4244: 'function': conversion from 'int' to 'float', possible loss of data [C:\Git\ultrasound\third_party\curl-7.61.0\build\CMakeFiles\CMakeTmp\cmTC_05a4b.vcxproj]


“C:\Git\ultrasound\third_party\curl-7.61.0\build\CMakeFiles\CMakeTmp\cmTC_05a4b.vcxproj”(默认目标) (1) ->
(Link 目标) -> 
  CurlTests.obj : error LNK2019: unresolved external symbol _strerror_r referenced in function _main [C:\Git\ultrasound\third_party\curl-7.61.0\build\CMakeFiles\CMakeTmp\cmTC_05a4b.vcxproj]
  C:\Git\ultrasound\third_party\curl-7.61.0\build\CMakeFiles\CMakeTmp\Debug\cmTC_05a4b.exe : fatal error LNK1120: 1 unresolved externals [C:\Git\ultrasound\third_party\curl-7.61.0\build\CMakeFiles\CMakeTmp\cmTC_05a4b.vcxproj]

    2 个警告
    2 个错误

已用时间 00:00:00.99

Performing C SOURCE FILE Test HAVE_MSG_NOSIGNAL failed with the following output:
Change Dir: C:/Git/ultrasound/third_party/curl-7.61.0/build/CMakeFiles/CMakeTmp

Run Build Command:"C:/Program Files (x86)/MSBuild/14.0/bin/MSBuild.exe" "cmTC_9a604.vcxproj" "/p:Configuration=Debug" "/p:VisualStudioVersion=14.0"
Microsoft (R) 生成引擎版本 14.0.25420.1
版权所有(C) Microsoft Corporation。保留所有权利。

生成启动时间为 8/15/2018 12:28:43 AM。
节点 1 上的项目“C:\Git\ultrasound\third_party\curl-7.61.0\build\CMakeFiles\CMakeTmp\cmTC_9a604.vcxproj”(默认目标)。
PrepareForBuild:
  正在创建目录“cmTC_9a604.dir\Debug\”。
  正在创建目录“C:\Git\ultrasound\third_party\curl-7.61.0\build\CMakeFiles\CMakeTmp\Debug\”。
  正在创建目录“cmTC_9a604.dir\Debug\cmTC_9a604.tlog\”。
InitializeBuildStatus:
  正在创建“cmTC_9a604.dir\Debug\cmTC_9a604.tlog\unsuccessfulbuild”，因为已指定“AlwaysCreate”。
ClCompile:
  C:\Program Files (x86)\Microsoft Visual Studio 14.0\VC\bin\CL.exe /c /I"C:\Git\ultrasound\third_party\curl-7.61.0\include" /Zi /W3 /WX- /Od /Ob0 /Oy- /D WIN32 /D _WINDOWS /D HAVE_MSG_NOSIGNAL /D _WINSOCKAPI_= /D "CMAKE_INTDIR=\"Debug\"" /D _MBCS /Gm- /RTC1 /MDd /GS /fp:precise /Zc:wchar_t /Zc:forScope /Zc:inline /Fo"cmTC_9a604.dir\Debug\\" /Fd"cmTC_9a604.dir\Debug\vc140.pdb" /Gd /TC /analyze- /errorReport:queue "C:\Git\ultrasound\third_party\curl-7.61.0\build\CMakeFiles\CMakeTmp\src.c"
  Microsoft (R) C/C++ Optimizing Compiler Version 19.00.24215.1 for x86
  Copyright (C) Microsoft Corporation.  All rights reserved.
  
  cl /c /I"C:\Git\ultrasound\third_party\curl-7.61.0\include" /Zi /W3 /WX- /Od /Ob0 /Oy- /D WIN32 /D _WINDOWS /D HAVE_MSG_NOSIGNAL /D _WINSOCKAPI_= /D "CMAKE_INTDIR=\"Debug\"" /D _MBCS /Gm- /RTC1 /MDd /GS /fp:precise /Zc:wchar_t /Zc:forScope /Zc:inline /Fo"cmTC_9a604.dir\Debug\\" /Fd"cmTC_9a604.dir\Debug\vc140.pdb" /Gd /TC /analyze- /errorReport:queue "C:\Git\ultrasound\third_party\curl-7.61.0\build\CMakeFiles\CMakeTmp\src.c"
  
  src.c
C:\Git\ultrasound\third_party\curl-7.61.0\build\CMakeFiles\CMakeTmp\src.c(9): error C2065: 'MSG_NOSIGNAL': undeclared identifier [C:\Git\ultrasound\third_party\curl-7.61.0\build\CMakeFiles\CMakeTmp\cmTC_9a604.vcxproj]
已完成生成项目“C:\Git\ultrasound\third_party\curl-7.61.0\build\CMakeFiles\CMakeTmp\cmTC_9a604.vcxproj”(默认目标)的操作 - 失败。

生成失败。

“C:\Git\ultrasound\third_party\curl-7.61.0\build\CMakeFiles\CMakeTmp\cmTC_9a604.vcxproj”(默认目标) (1) ->
(ClCompile 目标) -> 
  C:\Git\ultrasound\third_party\curl-7.61.0\build\CMakeFiles\CMakeTmp\src.c(9): error C2065: 'MSG_NOSIGNAL': undeclared identifier [C:\Git\ultrasound\third_party\curl-7.61.0\build\CMakeFiles\CMakeTmp\cmTC_9a604.vcxproj]

    0 个警告
    1 个错误

已用时间 00:00:00.77

Source file was:
#undef inline
#include <winsock2.h>
#include <windows.h>
#include <winsock.h>
#ifndef WIN32_LEAN_AND_MEAN
#define WIN32_LEAN_AND_MEAN
#endif
  int main(void) {
    int flag = MSG_NOSIGNAL;
    (void)flag;
    return 0;
  }
Performing C SOURCE FILE Test HAVE_POLL_FINE failed with the following compile output:
Change Dir: C:/Git/ultrasound/third_party/curl-7.61.0/build/CMakeFiles/CMakeTmp

Run Build Command:"C:/Program Files (x86)/MSBuild/14.0/bin/MSBuild.exe" "cmTC_2649e.vcxproj" "/p:Configuration=Debug" "/p:VisualStudioVersion=14.0"
Microsoft (R) 生成引擎版本 14.0.25420.1
版权所有(C) Microsoft Corporation。保留所有权利。

生成启动时间为 8/15/2018 12:28:45 AM。
节点 1 上的项目“C:\Git\ultrasound\third_party\curl-7.61.0\build\CMakeFiles\CMakeTmp\cmTC_2649e.vcxproj”(默认目标)。
PrepareForBuild:
  正在创建目录“cmTC_2649e.dir\Debug\”。
  正在创建目录“C:\Git\ultrasound\third_party\curl-7.61.0\build\CMakeFiles\CMakeTmp\Debug\”。
  正在创建目录“cmTC_2649e.dir\Debug\cmTC_2649e.tlog\”。
InitializeBuildStatus:
  正在创建“cmTC_2649e.dir\Debug\cmTC_2649e.tlog\unsuccessfulbuild”，因为已指定“AlwaysCreate”。
ClCompile:
  C:\Program Files (x86)\Microsoft Visual Studio 14.0\VC\bin\CL.exe /c /I"C:\Git\ultrasound\third_party\curl-7.61.0\include" /Zi /W3 /WX- /Od /Ob0 /Oy- /D WIN32 /D _WINDOWS /D HAVE_POLL_FINE /D _WINSOCKAPI_= /D "CMAKE_INTDIR=\"Debug\"" /D _MBCS /Gm- /RTC1 /MDd /GS /fp:precise /Zc:wchar_t /Zc:forScope /Zc:inline /Fo"cmTC_2649e.dir\Debug\\" /Fd"cmTC_2649e.dir\Debug\vc140.pdb" /Gd /TC /analyze- /errorReport:queue "C:\Git\ultrasound\third_party\curl-7.61.0\build\CMakeFiles\CMakeTmp\src.c"
  Microsoft (R) C/C++ Optimizing Compiler Version 19.00.24215.1 for x86
  Copyright (C) Microsoft Corporation.  All rights reserved.
  
  cl /c /I"C:\Git\ultrasound\third_party\curl-7.61.0\include" /Zi /W3 /WX- /Od /Ob0 /Oy- /D WIN32 /D _WINDOWS /D HAVE_POLL_FINE /D _WINSOCKAPI_= /D "CMAKE_INTDIR=\"Debug\"" /D _MBCS /Gm- /RTC1 /MDd /GS /fp:precise /Zc:wchar_t /Zc:forScope /Zc:inline /Fo"cmTC_2649e.dir\Debug\\" /Fd"cmTC_2649e.dir\Debug\vc140.pdb" /Gd /TC /analyze- /errorReport:queue "C:\Git\ultrasound\third_party\curl-7.61.0\build\CMakeFiles\CMakeTmp\src.c"
  
  src.c
C:\Git\ultrasound\third_party\curl-7.61.0\build\CMakeFiles\CMakeTmp\src.c(6): warning C4013: 'poll' undefined; assuming extern returning int [C:\Git\ultrasound\third_party\curl-7.61.0\build\CMakeFiles\CMakeTmp\cmTC_2649e.vcxproj]
Link:
  C:\Program Files (x86)\Microsoft Visual Studio 14.0\VC\bin\link.exe /ERRORREPORT:QUEUE /OUT:"C:\Git\ultrasound\third_party\curl-7.61.0\build\CMakeFiles\CMakeTmp\Debug\cmTC_2649e.exe" /INCREMENTAL /NOLOGO ws2_32.lib kernel32.lib user32.lib gdi32.lib winspool.lib shell32.lib ole32.lib oleaut32.lib uuid.lib comdlg32.lib advapi32.lib /MANIFEST /MANIFESTUAC:"level='asInvoker' uiAccess='false'" /manifest:embed /DEBUG /PDB:"C:/Git/ultrasound/third_party/curl-7.61.0/build/CMakeFiles/CMakeTmp/Debug/cmTC_2649e.pdb" /SUBSYSTEM:CONSOLE /TLBID:1 /DYNAMICBASE /NXCOMPAT /IMPLIB:"C:/Git/ultrasound/third_party/curl-7.61.0/build/CMakeFiles/CMakeTmp/Debug/cmTC_2649e.lib" /MACHINE:X86 /SAFESEH  /machine:X86 cmTC_2649e.dir\Debug\src.obj
src.obj : error LNK2019: unresolved external symbol _poll referenced in function _main [C:\Git\ultrasound\third_party\curl-7.61.0\build\CMakeFiles\CMakeTmp\cmTC_2649e.vcxproj]
C:\Git\ultrasound\third_party\curl-7.61.0\build\CMakeFiles\CMakeTmp\Debug\cmTC_2649e.exe : fatal error LNK1120: 1 unresolved externals [C:\Git\ultrasound\third_party\curl-7.61.0\build\CMakeFiles\CMakeTmp\cmTC_2649e.vcxproj]
已完成生成项目“C:\Git\ultrasound\third_party\curl-7.61.0\build\CMakeFiles\CMakeTmp\cmTC_2649e.vcxproj”(默认目标)的操作 - 失败。

生成失败。

“C:\Git\ultrasound\third_party\curl-7.61.0\build\CMakeFiles\CMakeTmp\cmTC_2649e.vcxproj”(默认目标) (1) ->
(ClCompile 目标) -> 
  C:\Git\ultrasound\third_party\curl-7.61.0\build\CMakeFiles\CMakeTmp\src.c(6): warning C4013: 'poll' undefined; assuming extern returning int [C:\Git\ultrasound\third_party\curl-7.61.0\build\CMakeFiles\CMakeTmp\cmTC_2649e.vcxproj]


“C:\Git\ultrasound\third_party\curl-7.61.0\build\CMakeFiles\CMakeTmp\cmTC_2649e.vcxproj”(默认目标) (1) ->
(Link 目标) -> 
  src.obj : error LNK2019: unresolved external symbol _poll referenced in function _main [C:\Git\ultrasound\third_party\curl-7.61.0\build\CMakeFiles\CMakeTmp\cmTC_2649e.vcxproj]
  C:\Git\ultrasound\third_party\curl-7.61.0\build\CMakeFiles\CMakeTmp\Debug\cmTC_2649e.exe : fatal error LNK1120: 1 unresolved externals [C:\Git\ultrasound\third_party\curl-7.61.0\build\CMakeFiles\CMakeTmp\cmTC_2649e.vcxproj]

    1 个警告
    2 个错误

已用时间 00:00:00.72

...and run output:

Return value: 1
Source file was:

    #ifdef HAVE_SYS_POLL_H
    #  include <sys/poll.h>
    #endif
    int main(void) {
      return poll((void *)0, 0, 10 /*ms*/);
    }
